#
# A fatal error has been detected by the Java Runtime Environment:
#
#  EXCEPTION_ACCESS_VIOLATION (0xc0000005) at pc=0x00007ffa6025a469, pid=12124, tid=6684
#
# JRE version: OpenJDK Runtime Environment (11.0.10) (build 11.0.10+0-b96-7249189)
# Java VM: OpenJDK 64-Bit Server VM (11.0.10+0-b96-7249189, mixed mode, tiered, compressed oops, g1 gc, windows-amd64)
# Problematic frame:
# V  [jvm.dll+0x2da469]
#
# No core dump will be written. Minidumps are not enabled by default on client versions of Windows
#
# If you would like to submit a bug report, please visit:
#   https://bugreport.java.com/bugreport/crash.jsp
#

---------------  S U M M A R Y ------------

Command Line: --add-opens=java.base/java.util=ALL-UNNAMED --add-opens=java.base/java.lang=ALL-UNNAMED --add-opens=java.base/java.lang.invoke=ALL-UNNAMED --add-opens=java.base/java.util=ALL-UNNAMED --add-opens=java.prefs/java.util.prefs=ALL-UNNAMED --add-opens=java.prefs/java.util.prefs=ALL-UNNAMED --add-opens=java.base/java.nio.charset=ALL-UNNAMED --add-opens=java.base/java.net=ALL-UNNAMED --add-opens=java.base/java.util.concurrent.atomic=ALL-UNNAMED -Xmx2048m -Dfile.encoding=UTF-8 -Duser.country=US -Duser.language=en -Duser.variant org.gradle.launcher.daemon.bootstrap.GradleDaemon 7.0.2

Host: Intel(R) Core(TM) i5-4210U CPU @ 1.70GHz, 4 cores, 7G,  Windows 10 , 64 bit Build 19041 (10.0.19041.1348)
Time: Wed Mar  2 20:43:03 2022 China Standard Time elapsed time: 714.222537 seconds (0d 0h 11m 54s)

---------------  T H R E A D  ---------------

Current thread (0x0000026e6f07d800):  ConcurrentGCThread "G1 Conc#0" [stack: 0x000000af69d00000,0x000000af69e00000] [id=6684]

Stack: [0x000000af69d00000,0x000000af69e00000],  sp=0x000000af69dff840,  free space=1022k
Native frames: (J=compiled Java code, j=interpreted, Vv=VM code, C=native code)
V  [jvm.dll+0x2da469]
V  [jvm.dll+0x2df3eb]
V  [jvm.dll+0x2e59a1]
V  [jvm.dll+0x2e6fcf]
V  [jvm.dll+0x748da0]
V  [jvm.dll+0x6e3d45]
V  [jvm.dll+0x5ebe96]
C  [ucrtbase.dll+0x21bb2]
C  [KERNEL32.DLL+0x17034]
C  [ntdll.dll+0x52651]


siginfo: EXCEPTION_ACCESS_VIOLATION (0xc0000005), reading address 0x0000000000000160


Register to memory mapping:

RIP=0x00007ffa6025a469 jvm.dll
RAX=0x0 is NULL
RBX=0x0000000000000400 is an unknown value
RCX=0x0000026e6f073900 points into unknown readable memory: 0x0000026e6f07c800 | 00 c8 07 6f 6e 02 00 00
RDX=0x0 is NULL
RSP=0x000000af69dff840 points into unknown readable memory: 0x000000008001aec8 | c8 ae 01 80 00 00 00 00
RBP=0x0000026e6f073900 points into unknown readable memory: 0x0000026e6f07c800 | 00 c8 07 6f 6e 02 00 00
RSI=0x0000000100019a20 is pointing into metadata
RDI=0x000000008db1fcdc is pointing into object: java.util.HashMap 
{0x000000008db1fcb0} - klass: 'java/util/HashMap'
R8 =0x0 is NULL
R9 =0x0000000000000400 is an unknown value
R10=0x0000026e6f073900 points into unknown readable memory: 0x0000026e6f07c800 | 00 c8 07 6f 6e 02 00 00
R11=0x000000af69dff8e0 points into unknown readable memory: 0x00007ffa6079ef58 | 58 ef 79 60 fa 7f 00 00
R12=0x0 is NULL
R13=0x0 is NULL
R14=0x0 is NULL
R15=0x000000008db1fcb0 is an oop: java.util.HashMap 
{0x000000008db1fcb0} - klass: 'java/util/HashMap'


Registers:
RAX=0x0000000000000000, RBX=0x0000000000000400, RCX=0x0000026e6f073900, RDX=0x0000000000000000
RSP=0x000000af69dff840, RBP=0x0000026e6f073900, RSI=0x0000000100019a20, RDI=0x000000008db1fcdc
R8 =0x0000000000000000, R9 =0x0000000000000400, R10=0x0000026e6f073900, R11=0x000000af69dff8e0
R12=0x0000000000000000, R13=0x0000000000000000, R14=0x0000000000000000, R15=0x000000008db1fcb0
RIP=0x00007ffa6025a469, EFLAGS=0x0000000000010202

Top of Stack: (sp=0x000000af69dff840)
0x000000af69dff840:   000000008001aec8 0000000100030ac0
0x000000af69dff850:   0000000080fed2f0 000000af69dff8e0
0x000000af69dff860:   0000000100019a28 00007ffa6025f3eb
0x000000af69dff870:   0000000100019628 000000008db1fcb0
0x000000af69dff880:   000000008db1fcd4 000000af69dff8e0
0x000000af69dff890:   0000000000000000 0000000000000000
0x000000af69dff8a0:   000000000000000c 00007ffa60913250
0x000000af69dff8b0:   0000000000000006 00007ffa602659a1
0x000000af69dff8c0:   0000000000000000 0000000100019628
0x000000af69dff8d0:   000000008dc00000 000000008db1fcb0
0x000000af69dff8e0:   00007ffa6079ef58 0000000000000000
0x000000af69dff8f0:   0000026e6f041020 0000026e6f073900
0x000000af69dff900:   0000000000000000 0000000000000000
0x000000af69dff910:   0000000000000000 000000af69cff0e0
0x000000af69dff920:   0000000000000000 00007ffa60266fcf
0x000000af69dff930:   0000026e6f0739a8 0000026e6f03cd90 

Instructions: (pc=0x00007ffa6025a469)
0x00007ffa6025a369:   00 00 00 00 48 8b fa 4c 8b ca 49 8b 42 08 8b 53
0x00007ffa6025a379:   10 8b 88 c0 02 00 00 48 8b 80 b0 02 00 00 49 d3
0x00007ffa6025a389:   e8 49 8b ca 4e 8b 04 c0 e8 ba 00 00 00 84 c0 75
0x00007ffa6025a399:   0b 48 8b 5c 24 48 48 83 c4 30 5f c3 48 8b 43 20
0x00007ffa6025a3a9:   48 8b 88 d8 02 00 00 48 8b 83 98 00 00 00 48 85
0x00007ffa6025a3b9:   c0 74 0e 48 3b f8 72 0e 48 3b bb a0 00 00 00 72
0x00007ffa6025a3c9:   77 48 3b f9 73 72 80 3d c2 d1 71 00 00 74 15 8b
0x00007ffa6025a3d9:   47 08 8b 0d 37 47 6d 00 48 d3 e0 48 03 05 25 47
0x00007ffa6025a3e9:   6d 00 eb 04 48 8b 47 08 81 78 08 00 00 00 c0 72
0x00007ffa6025a3f9:   35 48 8b 83 b0 00 00 00 48 39 83 a8 00 00 00 73
0x00007ffa6025a409:   10 48 8b 83 c8 00 00 00 48 39 83 c0 00 00 00 72
0x00007ffa6025a419:   27 48 8b cb e8 0e a4 00 00 b0 01 48 8b 5c 24 48
0x00007ffa6025a429:   48 83 c4 30 5f c3 48 8d 54 24 40 48 89 7c 24 40
0x00007ffa6025a439:   48 8b cb e8 ff 18 00 00 b0 01 48 8b 5c 24 48 48
0x00007ffa6025a449:   83 c4 30 5f c3 cc cc 48 89 5c 24 18 48 89 6c 24
0x00007ffa6025a459:   20 41 56 48 83 ec 20 49 8b d9 44 8b f2 48 8b e9
0x00007ffa6025a469:   4d 3b 88 60 01 00 00 72 13 32 c0 48 8b 5c 24 40
0x00007ffa6025a479:   48 8b 6c 24 48 48 83 c4 20 41 5e c3 48 8b 81 90
0x00007ffa6025a489:   00 00 00 48 8b d3 48 89 74 24 30 48 2b 10 8b 48
0x00007ffa6025a499:   10 48 c1 ea 03 48 d3 ea 48 8d 48 18 e8 c6 38 e3
0x00007ffa6025a4a9:   ff 0f b6 f0 84 c0 74 6f 48 89 7c 24 38 48 8b 7c
0x00007ffa6025a4b9:   24 50 48 85 ff 75 2d 40 38 3d d1 d0 71 00 74 15
0x00007ffa6025a4c9:   8b 53 08 8b 0d 46 46 6d 00 48 d3 e2 48 03 15 34
0x00007ffa6025a4d9:   46 6d 00 eb 04 48 8b 53 08 48 8b cb e8 f6 24 eb
0x00007ffa6025a4e9:   ff 48 63 f8 48 8b 85 f0 02 00 00 8b 0d be d6 71
0x00007ffa6025a4f9:   00 4a 8b 14 f0 48 8b 42 18 48 8b 40 10 48 2b d8
0x00007ffa6025a509:   48 d3 eb 48 8d 4a 38 8b d3 e8 c9 e4 ff ff 48 01
0x00007ffa6025a519:   78 08 48 8b 7c 24 38 48 8b 5c 24 40 40 0f b6 c6
0x00007ffa6025a529:   48 8b 74 24 30 48 8b 6c 24 48 48 83 c4 20 41 5e
0x00007ffa6025a539:   c3 cc cc cc cc cc cc 4c 8b 81 b8 02 00 00 48 8b
0x00007ffa6025a549:   81 a8 02 00 00 8b 91 c0 02 00 00 49 03 c0 8b ca
0x00007ffa6025a559:   48 d3 e0 49 d3 e0 49 2b c0 48 83 e0 f8 c3 cc cc 


Stack slot to memory mapping:
stack at sp + 0 slots: 0x000000008001aec8 is an oop: [Ljava.lang.Object; 
{0x000000008001aec8} - klass: 'java/lang/Object'[]
 - length: 0
stack at sp + 1 slots: 0x0000000100030ac0 is pointing into metadata
stack at sp + 2 slots: 0x0000000080fed2f0 is an oop: java.lang.String 
{0x0000000080fed2f0} - klass: 'java/lang/String'
stack at sp + 3 slots: 0x000000af69dff8e0 points into unknown readable memory: 0x00007ffa6079ef58 | 58 ef 79 60 fa 7f 00 00
stack at sp + 4 slots: 0x0000000100019a28 is a pointer to class: 
java.util.concurrent.ConcurrentMap {0x0000000100019a30}
stack at sp + 5 slots: 0x00007ffa6025f3eb jvm.dll
stack at sp + 6 slots: 0x0000000100019628 is a pointer to class: 
java.util.HashMap {0x0000000100019630}
stack at sp + 7 slots: 0x000000008db1fcb0 is an oop: java.util.HashMap 
{0x000000008db1fcb0} - klass: 'java/util/HashMap'


---------------  P R O C E S S  ---------------

Threads class SMR info:
_java_thread_list=0x0000026e1694f110, length=50, elements={
0x0000026e6f033800, 0x0000026e79c13000, 0x0000026e79c18800, 0x0000026e7a5a3800,
0x0000026e79c30800, 0x0000026e79c32000, 0x0000026e79c39000, 0x0000026e79c3d000,
0x0000026e79c41000, 0x0000026e7a6dd800, 0x0000026e7b9dd800, 0x0000026e7af9b800,
0x0000026e7c5f3800, 0x0000026e7cfb5000, 0x0000026e7cfb4000, 0x0000026e7cfb1800,
0x0000026e7cfb5800, 0x0000026e7cfb0000, 0x0000026e7e25f000, 0x0000026e7e261000,
0x0000026e7e261800, 0x0000026e7e262800, 0x0000026e7b434000, 0x0000026e7b438000,
0x0000026e1036a000, 0x0000026e10375800, 0x0000026e15ddf000, 0x0000026e10367800,
0x0000026e10369000, 0x0000026e1036b000, 0x0000026e1036c800, 0x0000026e10366800,
0x0000026e1036f800, 0x0000026e10370800, 0x0000026e1036f000, 0x0000026e1036e000,
0x0000026e10371800, 0x0000026e10374800, 0x0000026e10373000, 0x0000026e15de0000,
0x0000026e15de2800, 0x0000026e15de0800, 0x0000026e15dde800, 0x0000026e15de4000,
0x0000026e15de5000, 0x0000026e15de7800, 0x0000026e15de1800, 0x0000026e15de9000,
0x0000026e15de9800, 0x0000026e15deb800
}

Java Threads: ( => current thread )
  0x0000026e6f033800 JavaThread "main" [_thread_blocked, id=11520, stack(0x000000af69a00000,0x000000af69b00000)]
  0x0000026e79c13000 JavaThread "Reference Handler" daemon [_thread_blocked, id=10196, stack(0x000000af6a100000,0x000000af6a200000)]
  0x0000026e79c18800 JavaThread "Finalizer" daemon [_thread_blocked, id=8512, stack(0x000000af6a200000,0x000000af6a300000)]
  0x0000026e7a5a3800 JavaThread "Signal Dispatcher" daemon [_thread_blocked, id=7396, stack(0x000000af6a300000,0x000000af6a400000)]
  0x0000026e79c30800 JavaThread "Attach Listener" daemon [_thread_blocked, id=11616, stack(0x000000af6a400000,0x000000af6a500000)]
  0x0000026e79c32000 JavaThread "Service Thread" daemon [_thread_blocked, id=1696, stack(0x000000af6a500000,0x000000af6a600000)]
  0x0000026e79c39000 JavaThread "C2 CompilerThread0" daemon [_thread_in_native, id=368, stack(0x000000af6a600000,0x000000af6a700000)]
  0x0000026e79c3d000 JavaThread "C1 CompilerThread0" daemon [_thread_blocked, id=9048, stack(0x000000af6a700000,0x000000af6a800000)]
  0x0000026e79c41000 JavaThread "Sweeper thread" daemon [_thread_blocked, id=3692, stack(0x000000af6a800000,0x000000af6a900000)]
  0x0000026e7a6dd800 JavaThread "Common-Cleaner" daemon [_thread_blocked, id=1544, stack(0x000000af6a900000,0x000000af6aa00000)]
  0x0000026e7b9dd800 JavaThread "Daemon health stats" [_thread_blocked, id=6132, stack(0x000000af6ae00000,0x000000af6af00000)]
  0x0000026e7af9b800 JavaThread "Incoming local TCP Connector on port 20320" [_thread_in_native, id=3436, stack(0x000000af6ad00000,0x000000af6ae00000)]
  0x0000026e7c5f3800 JavaThread "Daemon periodic checks" [_thread_blocked, id=10456, stack(0x000000af6af00000,0x000000af6b000000)]
  0x0000026e7cfb5000 JavaThread "Cache worker for file hash cache (C:\Users\danie\.gradle\caches\7.0.2\fileHashes)" [_thread_blocked, id=9936, stack(0x000000af6b700000,0x000000af6b800000)]
  0x0000026e7cfb4000 JavaThread "File lock request listener" [_thread_in_native, id=13480, stack(0x000000af6b800000,0x000000af6b900000)]
  0x0000026e7cfb1800 JavaThread "Cache worker for journal cache (C:\Users\danie\.gradle\caches\journal-1)" [_thread_blocked, id=14296, stack(0x000000af6ba00000,0x000000af6bb00000)]
  0x0000026e7cfb5800 JavaThread "File watcher server" daemon [_thread_in_native, id=1432, stack(0x000000af6bc00000,0x000000af6bd00000)]
  0x0000026e7cfb0000 JavaThread "File watcher consumer" daemon [_thread_blocked, id=12836, stack(0x000000af6bd00000,0x000000af6be00000)]
  0x0000026e7e25f000 JavaThread "Cache worker for execution history cache (C:\Users\danie\.gradle\caches\7.0.2\executionHistory)" [_thread_blocked, id=13156, stack(0x000000af6c200000,0x000000af6c300000)]
  0x0000026e7e261000 JavaThread "jar transforms" [_thread_blocked, id=11696, stack(0x000000af6c300000,0x000000af6c400000)]
  0x0000026e7e261800 JavaThread "jar transforms Thread 2" [_thread_blocked, id=11656, stack(0x000000af6c400000,0x000000af6c500000)]
  0x0000026e7e262800 JavaThread "Cache worker for file content cache (C:\Users\danie\.gradle\caches\7.0.2\fileContent)" [_thread_blocked, id=12656, stack(0x000000af6c500000,0x000000af6c600000)]
  0x0000026e7b434000 JavaThread "jar transforms Thread 3" [_thread_blocked, id=6628, stack(0x000000af6c700000,0x000000af6c800000)]
  0x0000026e7b438000 JavaThread "jar transforms Thread 4" [_thread_blocked, id=11452, stack(0x000000af6cd00000,0x000000af6ce00000)]
  0x0000026e1036a000 JavaThread "Memory manager" [_thread_blocked, id=852, stack(0x000000af6d000000,0x000000af6d100000)]
  0x0000026e10375800 JavaThread "Cache worker for Java compile cache (C:\Users\danie\.gradle\caches\7.0.2\javaCompile)" [_thread_blocked, id=3140, stack(0x000000af6d500000,0x000000af6d600000)]
  0x0000026e15ddf000 JavaThread "ForkJoinPool.commonPool-worker-7" daemon [_thread_blocked, id=5720, stack(0x000000af6df00000,0x000000af6e000000)]
  0x0000026e10367800 JavaThread "Daemon Thread 3" [_thread_blocked, id=2512, stack(0x000000af69700000,0x000000af69800000)]
  0x0000026e10369000 JavaThread "Handler for socket connection from /127.0.0.1:20320 to /127.0.0.1:1114" [_thread_in_native, id=3788, stack(0x000000af69800000,0x000000af69900000)]
  0x0000026e1036b000 JavaThread "Cancel handler" [_thread_blocked, id=12232, stack(0x000000af69900000,0x000000af69a00000)]
  0x0000026e1036c800 JavaThread "Daemon worker Thread 3" [_thread_blocked, id=10640, stack(0x000000af6b000000,0x000000af6b100000)]
  0x0000026e10366800 JavaThread "Asynchronous log dispatcher for DefaultDaemonConnection: socket connection from /127.0.0.1:20320 to /127.0.0.1:1114" [_thread_blocked, id=14156, stack(0x000000af6b100000,0x000000af6b200000)]
  0x0000026e1036f800 JavaThread "Stdin handler" [_thread_blocked, id=5324, stack(0x000000af6b200000,0x000000af6b300000)]
  0x0000026e10370800 JavaThread "Daemon client event forwarder" [_thread_blocked, id=10156, stack(0x000000af6b300000,0x000000af6b400000)]
  0x0000026e1036f000 JavaThread "Cache worker for file hash cache (C:\Users\danie\OneDrive\Desktop\Androidproject\LenovoLaptops\.gradle\7.0.2\fileHashes)" [_thread_blocked, id=9100, stack(0x000000af6b400000,0x000000af6b500000)]
  0x0000026e1036e000 JavaThread "Cache worker for checksums cache (C:\Users\danie\OneDrive\Desktop\Androidproject\LenovoLaptops\.gradle\checksums)" [_thread_blocked, id=12892, stack(0x000000af6b500000,0x000000af6b600000)]
  0x0000026e10371800 JavaThread "Cache worker for cache directory md-supplier (C:\Users\danie\.gradle\caches\7.0.2\md-supplier)" [_thread_blocked, id=6908, stack(0x000000af6b600000,0x000000af6b700000)]
  0x0000026e10374800 JavaThread "Cache worker for cache directory md-rule (C:\Users\danie\.gradle\caches\7.0.2\md-rule)" [_thread_blocked, id=7372, stack(0x000000af6bb00000,0x000000af6bc00000)]
  0x0000026e10373000 JavaThread "Cache worker for dependencies-accessors (C:\Users\danie\OneDrive\Desktop\Androidproject\LenovoLaptops\.gradle\7.0.2\dependencies-accessors)" [_thread_blocked, id=14120, stack(0x000000af6be00000,0x000000af6bf00000)]
  0x0000026e15de0000 JavaThread "Cache worker for Build Output Cleanup Cache (C:\Users\danie\OneDrive\Desktop\Androidproject\LenovoLaptops\.gradle\buildOutputCleanup)" [_thread_blocked, id=9680, stack(0x000000af6bf00000,0x000000af6c000000)]
  0x0000026e15de2800 JavaThread "Build operations" [_thread_blocked, id=2436, stack(0x000000af6c000000,0x000000af6c100000)]
  0x0000026e15de0800 JavaThread "Build operations Thread 2" [_thread_blocked, id=6816, stack(0x000000af6c100000,0x000000af6c200000)]
  0x0000026e15dde800 JavaThread "Build operations Thread 3" [_thread_blocked, id=4928, stack(0x000000af6c600000,0x000000af6c700000)]
  0x0000026e15de4000 JavaThread "Build operations Thread 4" [_thread_blocked, id=7960, stack(0x000000af6c800000,0x000000af6c900000)]
  0x0000026e15de5000 JavaThread "C2 CompilerThread1" daemon [_thread_in_native, id=8040, stack(0x000000af6c900000,0x000000af6ca00000)]
  0x0000026e15de7800 JavaThread "build event listener" [_thread_blocked, id=7840, stack(0x000000af6ca00000,0x000000af6cb00000)]
  0x0000026e15de1800 JavaThread "Execution worker for ':'" [_thread_in_vm, id=10388, stack(0x000000af6cb00000,0x000000af6cc00000)]
  0x0000026e15de9000 JavaThread "Execution worker for ':' Thread 2" [_thread_blocked, id=11728, stack(0x000000af6cc00000,0x000000af6cd00000)]
  0x0000026e15de9800 JavaThread "Execution worker for ':' Thread 3" [_thread_blocked, id=13368, stack(0x000000af6ce00000,0x000000af6cf00000)]
  0x0000026e15deb800 JavaThread "Cache worker for execution history cache (C:\Users\danie\OneDrive\Desktop\Androidproject\LenovoLaptops\.gradle\7.0.2\executionHistory)" [_thread_blocked, id=7752, stack(0x000000af6cf00000,0x000000af6d000000)]

Other Threads:
  0x0000026e79c0e800 VMThread "VM Thread" [stack: 0x000000af6a000000,0x000000af6a100000] [id=12072]
  0x0000026e7a6ec800 WatcherThread [stack: 0x000000af6aa00000,0x000000af6ab00000] [id=5156]
  0x0000026e6f04b000 GCTaskThread "GC Thread#0" [stack: 0x000000af69b00000,0x000000af69c00000] [id=13348]
  0x0000026e7a8fa800 GCTaskThread "GC Thread#1" [stack: 0x000000af6ab00000,0x000000af6ac00000] [id=14320]
  0x0000026e7af7a800 GCTaskThread "GC Thread#2" [stack: 0x000000af6ac00000,0x000000af6ad00000] [id=12140]
  0x0000026e7cb86000 GCTaskThread "GC Thread#3" [stack: 0x000000af6b900000,0x000000af6ba00000] [id=11060]
  0x0000026e6f07c800 ConcurrentGCThread "G1 Main Marker" [stack: 0x000000af69c00000,0x000000af69d00000] [id=7452]
=>0x0000026e6f07d800 ConcurrentGCThread "G1 Conc#0" [stack: 0x000000af69d00000,0x000000af69e00000] [id=6684]
  0x0000026e6f10e800 ConcurrentGCThread "G1 Refine#0" [stack: 0x000000af69e00000,0x000000af69f00000] [id=13208]
  0x0000026e7babb000 ConcurrentGCThread "G1 Refine#1" [stack: 0x000000af6d900000,0x000000af6da00000] [id=2040]
  0x0000026e7d289800 ConcurrentGCThread "G1 Refine#2" [stack: 0x000000af6de00000,0x000000af6df00000] [id=13264]
  0x0000026e79a62800 ConcurrentGCThread "G1 Young RemSet Sampling" [stack: 0x000000af69f00000,0x000000af6a000000] [id=12976]

Threads with active compile tasks:
C2 CompilerThread0 714380 19428       4       org.gradle.internal.fingerprint.impl.RelativePathFingerprintingStrategy$$Lambda$899/0x0000000100ad1040::visitEntry (18 bytes)
C2 CompilerThread1 714380 19429       4       org.gradle.internal.fingerprint.impl.RelativePathFingerprintingStrategy::lambda$collectFingerprints$0 (119 bytes)

VM state:not at safepoint (normal execution)

VM Mutex/Monitor currently owned by a thread: None

Heap address: 0x0000000080000000, size: 2048 MB, Compressed Oops mode: 32-bit
Narrow klass base: 0x0000000000000000, Narrow klass shift: 3
Compressed class space size: 1073741824 Address: 0x0000000100000000

Heap:
 garbage-first heap   total 277504K, used 129415K [0x0000000080000000, 0x0000000100000000)
  region size 1024K, 7 young (7168K), 5 survivors (5120K)
 Metaspace       used 125726K, capacity 129604K, committed 129868K, reserved 1161216K
  class space    used 16066K, capacity 17471K, committed 17484K, reserved 1048576K
Heap Regions: E=young(eden), S=young(survivor), O=old, HS=humongous(starts), HC=humongous(continues), CS=collection set, F=free, A=archive, TAMS=top-at-mark-start (previous, next)
|   0|0x0000000080000000, 0x0000000080100000, 0x0000000080100000|100%| O|  |TAMS 0x0000000080100000, 0x0000000080100000| Untracked 
|   1|0x0000000080100000, 0x0000000080200000, 0x0000000080200000|100%| O|  |TAMS 0x0000000080200000, 0x0000000080200000| Untracked 
|   2|0x0000000080200000, 0x0000000080300000, 0x0000000080300000|100%| O|  |TAMS 0x0000000080300000, 0x0000000080300000| Untracked 
|   3|0x0000000080300000, 0x0000000080400000, 0x0000000080400000|100%|HS|  |TAMS 0x0000000080400000, 0x0000000080400000| Complete 
|   4|0x0000000080400000, 0x0000000080500000, 0x0000000080500000|100%|HC|  |TAMS 0x0000000080500000, 0x0000000080500000| Complete 
|   5|0x0000000080500000, 0x0000000080600000, 0x0000000080600000|100%|HC|  |TAMS 0x0000000080600000, 0x0000000080600000| Complete 
|   6|0x0000000080600000, 0x0000000080700000, 0x0000000080700000|100%| O|  |TAMS 0x0000000080700000, 0x0000000080700000| Untracked 
|   7|0x0000000080700000, 0x0000000080800000, 0x0000000080800000|100%| O|  |TAMS 0x0000000080800000, 0x0000000080800000| Untracked 
|   8|0x0000000080800000, 0x0000000080900000, 0x0000000080900000|100%| O|  |TAMS 0x0000000080900000, 0x0000000080900000| Untracked 
|   9|0x0000000080900000, 0x0000000080a00000, 0x0000000080a00000|100%| O|  |TAMS 0x0000000080a00000, 0x0000000080a00000| Untracked 
|  10|0x0000000080a00000, 0x0000000080b00000, 0x0000000080b00000|100%| O|  |TAMS 0x0000000080b00000, 0x0000000080b00000| Untracked 
|  11|0x0000000080b00000, 0x0000000080c00000, 0x0000000080c00000|100%| O|  |TAMS 0x0000000080c00000, 0x0000000080c00000| Untracked 
|  12|0x0000000080c00000, 0x0000000080d00000, 0x0000000080d00000|100%| O|  |TAMS 0x0000000080d00000, 0x0000000080d00000| Untracked 
|  13|0x0000000080d00000, 0x0000000080e00000, 0x0000000080e00000|100%| O|  |TAMS 0x0000000080e00000, 0x0000000080e00000| Untracked 
|  14|0x0000000080e00000, 0x0000000080f00000, 0x0000000080f00000|100%| O|  |TAMS 0x0000000080f00000, 0x0000000080f00000| Untracked 
|  15|0x0000000080f00000, 0x0000000081000000, 0x0000000081000000|100%| O|  |TAMS 0x0000000081000000, 0x0000000081000000| Untracked 
|  16|0x0000000081000000, 0x0000000081100000, 0x0000000081100000|100%|HS|  |TAMS 0x0000000081100000, 0x0000000081100000| Complete 
|  17|0x0000000081100000, 0x0000000081200000, 0x0000000081200000|100%| O|  |TAMS 0x0000000081200000, 0x0000000081200000| Untracked 
|  18|0x0000000081200000, 0x0000000081300000, 0x0000000081300000|100%| O|  |TAMS 0x0000000081300000, 0x0000000081300000| Untracked 
|  19|0x0000000081300000, 0x0000000081400000, 0x0000000081400000|100%| O|  |TAMS 0x0000000081400000, 0x0000000081400000| Untracked 
|  20|0x0000000081400000, 0x0000000081500000, 0x0000000081500000|100%| O|  |TAMS 0x0000000081500000, 0x0000000081500000| Untracked 
|  21|0x0000000081500000, 0x0000000081600000, 0x0000000081600000|100%| O|  |TAMS 0x0000000081600000, 0x0000000081600000| Untracked 
|  22|0x0000000081600000, 0x0000000081700000, 0x0000000081700000|100%| O|  |TAMS 0x0000000081700000, 0x0000000081700000| Untracked 
|  23|0x0000000081700000, 0x0000000081800000, 0x0000000081800000|100%|HS|  |TAMS 0x0000000081800000, 0x0000000081800000| Complete 
|  24|0x0000000081800000, 0x0000000081900000, 0x0000000081900000|100%|HS|  |TAMS 0x0000000081900000, 0x0000000081900000| Complete 
|  25|0x0000000081900000, 0x0000000081a00000, 0x0000000081a00000|100%|HC|  |TAMS 0x0000000081a00000, 0x0000000081a00000| Complete 
|  26|0x0000000081a00000, 0x0000000081b00000, 0x0000000081b00000|100%| O|  |TAMS 0x0000000081b00000, 0x0000000081b00000| Untracked 
|  27|0x0000000081b00000, 0x0000000081c00000, 0x0000000081c00000|100%| O|  |TAMS 0x0000000081c00000, 0x0000000081c00000| Untracked 
|  28|0x0000000081c00000, 0x0000000081d00000, 0x0000000081d00000|100%| O|  |TAMS 0x0000000081d00000, 0x0000000081d00000| Untracked 
|  29|0x0000000081d00000, 0x0000000081e00000, 0x0000000081e00000|100%| O|  |TAMS 0x0000000081e00000, 0x0000000081e00000| Untracked 
|  30|0x0000000081e00000, 0x0000000081f00000, 0x0000000081f00000|100%| O|  |TAMS 0x0000000081f00000, 0x0000000081f00000| Untracked 
|  31|0x0000000081f00000, 0x0000000082000000, 0x0000000082000000|100%| O|  |TAMS 0x0000000082000000, 0x0000000082000000| Untracked 
|  32|0x0000000082000000, 0x0000000082000000, 0x0000000082100000|  0%| F|  |TAMS 0x0000000082000000, 0x0000000082000000| Untracked 
|  33|0x0000000082100000, 0x0000000082200000, 0x0000000082200000|100%| O|  |TAMS 0x0000000082200000, 0x0000000082200000| Untracked 
|  34|0x0000000082200000, 0x0000000082300000, 0x0000000082300000|100%| O|  |TAMS 0x0000000082300000, 0x0000000082300000| Untracked 
|  35|0x0000000082300000, 0x0000000082400000, 0x0000000082400000|100%| O|  |TAMS 0x0000000082400000, 0x0000000082400000| Untracked 
|  36|0x0000000082400000, 0x0000000082500000, 0x0000000082500000|100%| O|  |TAMS 0x0000000082500000, 0x0000000082500000| Untracked 
|  37|0x0000000082500000, 0x0000000082600000, 0x0000000082600000|100%| O|  |TAMS 0x0000000082600000, 0x0000000082600000| Untracked 
|  38|0x0000000082600000, 0x0000000082700000, 0x0000000082700000|100%| O|  |TAMS 0x0000000082700000, 0x0000000082700000| Untracked 
|  39|0x0000000082700000, 0x0000000082800000, 0x0000000082800000|100%| O|  |TAMS 0x0000000082800000, 0x0000000082800000| Untracked 
|  40|0x0000000082800000, 0x0000000082800000, 0x0000000082900000|  0%| F|  |TAMS 0x0000000082800000, 0x0000000082800000| Untracked 
|  41|0x0000000082900000, 0x0000000082a00000, 0x0000000082a00000|100%| O|  |TAMS 0x0000000082a00000, 0x0000000082a00000| Untracked 
|  42|0x0000000082a00000, 0x0000000082b00000, 0x0000000082b00000|100%| O|  |TAMS 0x0000000082b00000, 0x0000000082b00000| Untracked 
|  43|0x0000000082b00000, 0x0000000082c00000, 0x0000000082c00000|100%| O|  |TAMS 0x0000000082c00000, 0x0000000082c00000| Untracked 
|  44|0x0000000082c00000, 0x0000000082d00000, 0x0000000082d00000|100%| O|  |TAMS 0x0000000082d00000, 0x0000000082d00000| Untracked 
|  45|0x0000000082d00000, 0x0000000082e00000, 0x0000000082e00000|100%| O|  |TAMS 0x0000000082e00000, 0x0000000082e00000| Untracked 
|  46|0x0000000082e00000, 0x0000000082f00000, 0x0000000082f00000|100%| O|  |TAMS 0x0000000082f00000, 0x0000000082f00000| Untracked 
|  47|0x0000000082f00000, 0x0000000083000000, 0x0000000083000000|100%| O|  |TAMS 0x0000000083000000, 0x0000000083000000| Untracked 
|  48|0x0000000083000000, 0x0000000083100000, 0x0000000083100000|100%| O|  |TAMS 0x0000000083100000, 0x0000000083100000| Untracked 
|  49|0x0000000083100000, 0x0000000083200000, 0x0000000083200000|100%| O|  |TAMS 0x0000000083200000, 0x0000000083200000| Untracked 
|  50|0x0000000083200000, 0x0000000083300000, 0x0000000083300000|100%| O|  |TAMS 0x0000000083300000, 0x0000000083300000| Untracked 
|  51|0x0000000083300000, 0x0000000083400000, 0x0000000083400000|100%| O|  |TAMS 0x0000000083400000, 0x0000000083400000| Untracked 
|  52|0x0000000083400000, 0x0000000083500000, 0x0000000083500000|100%| O|  |TAMS 0x0000000083500000, 0x0000000083500000| Untracked 
|  53|0x0000000083500000, 0x0000000083600000, 0x0000000083600000|100%| O|  |TAMS 0x0000000083600000, 0x0000000083600000| Untracked 
|  54|0x0000000083600000, 0x0000000083700000, 0x0000000083700000|100%| O|  |TAMS 0x0000000083700000, 0x0000000083700000| Untracked 
|  55|0x0000000083700000, 0x0000000083800000, 0x0000000083800000|100%| O|  |TAMS 0x0000000083800000, 0x0000000083800000| Untracked 
|  56|0x0000000083800000, 0x0000000083900000, 0x0000000083900000|100%| O|  |TAMS 0x0000000083900000, 0x0000000083900000| Untracked 
|  57|0x0000000083900000, 0x0000000083a00000, 0x0000000083a00000|100%| O|  |TAMS 0x0000000083a00000, 0x0000000083a00000| Untracked 
|  58|0x0000000083a00000, 0x0000000083b00000, 0x0000000083b00000|100%| O|  |TAMS 0x0000000083b00000, 0x0000000083b00000| Untracked 
|  59|0x0000000083b00000, 0x0000000083c00000, 0x0000000083c00000|100%| O|  |TAMS 0x0000000083c00000, 0x0000000083c00000| Untracked 
|  60|0x0000000083c00000, 0x0000000083d00000, 0x0000000083d00000|100%| O|  |TAMS 0x0000000083c00000, 0x0000000083d00000| Untracked 
|  61|0x0000000083d00000, 0x0000000083e00000, 0x0000000083e00000|100%| O|  |TAMS 0x0000000083d00000, 0x0000000083e00000| Untracked 
|  62|0x0000000083e00000, 0x0000000083e00000, 0x0000000083f00000|  0%| F|  |TAMS 0x0000000083e00000, 0x0000000083e00000| Untracked 
|  63|0x0000000083f00000, 0x0000000084000000, 0x0000000084000000|100%| O|  |TAMS 0x0000000083f00000, 0x0000000084000000| Untracked 
|  64|0x0000000084000000, 0x0000000084100000, 0x0000000084100000|100%| O|  |TAMS 0x0000000084100000, 0x0000000084100000| Untracked 
|  65|0x0000000084100000, 0x0000000084200000, 0x0000000084200000|100%| O|  |TAMS 0x0000000084200000, 0x0000000084200000| Untracked 
|  66|0x0000000084200000, 0x0000000084300000, 0x0000000084300000|100%| O|  |TAMS 0x0000000084300000, 0x0000000084300000| Untracked 
|  67|0x0000000084300000, 0x0000000084400000, 0x0000000084400000|100%| O|  |TAMS 0x0000000084400000, 0x0000000084400000| Untracked 
|  68|0x0000000084400000, 0x0000000084500000, 0x0000000084500000|100%| O|  |TAMS 0x0000000084500000, 0x0000000084500000| Untracked 
|  69|0x0000000084500000, 0x0000000084600000, 0x0000000084600000|100%| O|  |TAMS 0x0000000084600000, 0x0000000084600000| Untracked 
|  70|0x0000000084600000, 0x0000000084700000, 0x0000000084700000|100%| O|  |TAMS 0x0000000084600000, 0x0000000084700000| Untracked 
|  71|0x0000000084700000, 0x0000000084800000, 0x0000000084800000|100%| O|  |TAMS 0x0000000084700000, 0x0000000084800000| Untracked 
|  72|0x0000000084800000, 0x0000000084900000, 0x0000000084900000|100%| O|  |TAMS 0x0000000084900000, 0x0000000084900000| Untracked 
|  73|0x0000000084900000, 0x0000000084a00000, 0x0000000084a00000|100%| O|  |TAMS 0x0000000084a00000, 0x0000000084a00000| Untracked 
|  74|0x0000000084a00000, 0x0000000084b00000, 0x0000000084b00000|100%| O|  |TAMS 0x0000000084b00000, 0x0000000084b00000| Untracked 
|  75|0x0000000084b00000, 0x0000000084c00000, 0x0000000084c00000|100%| O|  |TAMS 0x0000000084c00000, 0x0000000084c00000| Untracked 
|  76|0x0000000084c00000, 0x0000000084d00000, 0x0000000084d00000|100%| O|  |TAMS 0x0000000084d00000, 0x0000000084d00000| Untracked 
|  77|0x0000000084d00000, 0x0000000084e00000, 0x0000000084e00000|100%| O|  |TAMS 0x0000000084d00000, 0x0000000084e00000| Untracked 
|  78|0x0000000084e00000, 0x0000000084f00000, 0x0000000084f00000|100%| O|  |TAMS 0x0000000084e00000, 0x0000000084f00000| Untracked 
|  79|0x0000000084f00000, 0x0000000085000000, 0x0000000085000000|100%| O|  |TAMS 0x0000000084f00000, 0x0000000085000000| Untracked 
|  80|0x0000000085000000, 0x0000000085100000, 0x0000000085100000|100%| O|  |TAMS 0x0000000085000000, 0x0000000085100000| Untracked 
|  81|0x0000000085100000, 0x0000000085200000, 0x0000000085200000|100%| O|  |TAMS 0x0000000085100000, 0x0000000085200000| Untracked 
|  82|0x0000000085200000, 0x0000000085289600, 0x0000000085300000| 53%| O|  |TAMS 0x0000000085200000, 0x0000000085289600| Untracked 
|  83|0x0000000085300000, 0x0000000085400000, 0x0000000085400000|100%|HS|  |TAMS 0x0000000085300000, 0x0000000085300000| Complete 
|  84|0x0000000085400000, 0x0000000085500000, 0x0000000085500000|100%|HC|  |TAMS 0x0000000085400000, 0x0000000085400000| Complete 
|  85|0x0000000085500000, 0x0000000085500000, 0x0000000085600000|  0%| F|  |TAMS 0x0000000085500000, 0x0000000085500000| Untracked 
|  86|0x0000000085600000, 0x0000000085600000, 0x0000000085700000|  0%| F|  |TAMS 0x0000000085600000, 0x0000000085600000| Untracked 
|  87|0x0000000085700000, 0x0000000085700000, 0x0000000085800000|  0%| F|  |TAMS 0x0000000085700000, 0x0000000085700000| Untracked 
|  88|0x0000000085800000, 0x0000000085900000, 0x0000000085900000|100%| O|  |TAMS 0x0000000085900000, 0x0000000085900000| Untracked 
|  89|0x0000000085900000, 0x0000000085a00000, 0x0000000085a00000|100%|HS|  |TAMS 0x0000000085a00000, 0x0000000085a00000| Complete 
|  90|0x0000000085a00000, 0x0000000085b00000, 0x0000000085b00000|100%|HC|  |TAMS 0x0000000085b00000, 0x0000000085b00000| Complete 
|  91|0x0000000085b00000, 0x0000000085b00000, 0x0000000085c00000|  0%| F|  |TAMS 0x0000000085b00000, 0x0000000085b00000| Untracked 
|  92|0x0000000085c00000, 0x0000000085d00000, 0x0000000085d00000|100%| O|  |TAMS 0x0000000085d00000, 0x0000000085d00000| Untracked 
|  93|0x0000000085d00000, 0x0000000085e00000, 0x0000000085e00000|100%| O|  |TAMS 0x0000000085e00000, 0x0000000085e00000| Untracked 
|  94|0x0000000085e00000, 0x0000000085e00000, 0x0000000085f00000|  0%| F|  |TAMS 0x0000000085e00000, 0x0000000085e00000| Untracked 
|  95|0x0000000085f00000, 0x0000000085f00000, 0x0000000086000000|  0%| F|  |TAMS 0x0000000085f00000, 0x0000000085f00000| Untracked 
|  96|0x0000000086000000, 0x0000000086000000, 0x0000000086100000|  0%| F|  |TAMS 0x0000000086000000, 0x0000000086000000| Untracked 
|  97|0x0000000086100000, 0x0000000086200000, 0x0000000086200000|100%| O|  |TAMS 0x0000000086200000, 0x0000000086200000| Untracked 
|  98|0x0000000086200000, 0x0000000086300000, 0x0000000086300000|100%| O|  |TAMS 0x0000000086300000, 0x0000000086300000| Untracked 
|  99|0x0000000086300000, 0x0000000086400000, 0x0000000086400000|100%| O|  |TAMS 0x0000000086400000, 0x0000000086400000| Untracked 
| 100|0x0000000086400000, 0x0000000086400000, 0x0000000086500000|  0%| F|  |TAMS 0x0000000086400000, 0x0000000086400000| Untracked 
| 101|0x0000000086500000, 0x0000000086500000, 0x0000000086600000|  0%| F|  |TAMS 0x0000000086500000, 0x0000000086500000| Untracked 
| 102|0x0000000086600000, 0x0000000086600000, 0x0000000086700000|  0%| F|  |TAMS 0x0000000086600000, 0x0000000086600000| Untracked 
| 103|0x0000000086700000, 0x0000000086700000, 0x0000000086800000|  0%| F|  |TAMS 0x0000000086700000, 0x0000000086700000| Untracked 
| 104|0x0000000086800000, 0x0000000086900000, 0x0000000086900000|100%|HS|  |TAMS 0x0000000086900000, 0x0000000086900000| Complete 
| 105|0x0000000086900000, 0x0000000086a00000, 0x0000000086a00000|100%|HC|  |TAMS 0x0000000086a00000, 0x0000000086a00000| Complete 
| 106|0x0000000086a00000, 0x0000000086b00000, 0x0000000086b00000|100%|HC|  |TAMS 0x0000000086b00000, 0x0000000086b00000| Complete 
| 107|0x0000000086b00000, 0x0000000086c00000, 0x0000000086c00000|100%| O|  |TAMS 0x0000000086c00000, 0x0000000086c00000| Untracked 
| 108|0x0000000086c00000, 0x0000000086d00000, 0x0000000086d00000|100%| O|  |TAMS 0x0000000086d00000, 0x0000000086d00000| Untracked 
| 109|0x0000000086d00000, 0x0000000086e00000, 0x0000000086e00000|100%| O|  |TAMS 0x0000000086e00000, 0x0000000086e00000| Untracked 
| 110|0x0000000086e00000, 0x0000000086f00000, 0x0000000086f00000|100%| O|  |TAMS 0x0000000086f00000, 0x0000000086f00000| Untracked 
| 111|0x0000000086f00000, 0x0000000087000000, 0x0000000087000000|100%|HS|  |TAMS 0x0000000087000000, 0x0000000087000000| Complete 
| 112|0x0000000087000000, 0x0000000087100000, 0x0000000087100000|100%|HC|  |TAMS 0x0000000087100000, 0x0000000087100000| Complete 
| 113|0x0000000087100000, 0x0000000087200000, 0x0000000087200000|100%|HC|  |TAMS 0x0000000087200000, 0x0000000087200000| Complete 
| 114|0x0000000087200000, 0x0000000087300000, 0x0000000087300000|100%|HC|  |TAMS 0x0000000087300000, 0x0000000087300000| Complete 
| 115|0x0000000087300000, 0x0000000087400000, 0x0000000087400000|100%|HC|  |TAMS 0x0000000087400000, 0x0000000087400000| Complete 
| 116|0x0000000087400000, 0x0000000087500000, 0x0000000087500000|100%| O|  |TAMS 0x0000000087500000, 0x0000000087500000| Untracked 
| 117|0x0000000087500000, 0x0000000087600000, 0x0000000087600000|100%| O|  |TAMS 0x0000000087600000, 0x0000000087600000| Untracked 
| 118|0x0000000087600000, 0x0000000087700000, 0x0000000087700000|100%| O|  |TAMS 0x0000000087700000, 0x0000000087700000| Untracked 
| 119|0x0000000087700000, 0x0000000087800000, 0x0000000087800000|100%| O|  |TAMS 0x0000000087800000, 0x0000000087800000| Untracked 
| 120|0x0000000087800000, 0x0000000087900000, 0x0000000087900000|100%| O|  |TAMS 0x0000000087900000, 0x0000000087900000| Untracked 
| 121|0x0000000087900000, 0x0000000087a00000, 0x0000000087a00000|100%| O|  |TAMS 0x0000000087a00000, 0x0000000087a00000| Untracked 
| 122|0x0000000087a00000, 0x0000000087b00000, 0x0000000087b00000|100%| O|  |TAMS 0x0000000087b00000, 0x0000000087b00000| Untracked 
| 123|0x0000000087b00000, 0x0000000087b00000, 0x0000000087c00000|  0%| F|  |TAMS 0x0000000087b00000, 0x0000000087b00000| Untracked 
| 124|0x0000000087c00000, 0x0000000087d00000, 0x0000000087d00000|100%| O|  |TAMS 0x0000000087d00000, 0x0000000087d00000| Untracked 
| 125|0x0000000087d00000, 0x0000000087e00000, 0x0000000087e00000|100%| O|  |TAMS 0x0000000087d70600, 0x0000000087e00000| Untracked 
| 126|0x0000000087e00000, 0x0000000087e00000, 0x0000000087f00000|  0%| F|  |TAMS 0x0000000087e00000, 0x0000000087e00000| Untracked 
| 127|0x0000000087f00000, 0x0000000087f00000, 0x0000000088000000|  0%| F|  |TAMS 0x0000000087f00000, 0x0000000087f00000| Untracked 
| 128|0x0000000088000000, 0x0000000088100000, 0x0000000088100000|100%| O|  |TAMS 0x0000000088100000, 0x0000000088100000| Untracked 
| 129|0x0000000088100000, 0x0000000088100000, 0x0000000088200000|  0%| F|  |TAMS 0x0000000088100000, 0x0000000088100000| Untracked 
| 130|0x0000000088200000, 0x0000000088300000, 0x0000000088300000|100%|HS|  |TAMS 0x0000000088300000, 0x0000000088300000| Complete 
| 131|0x0000000088300000, 0x0000000088400000, 0x0000000088400000|100%|HC|  |TAMS 0x0000000088400000, 0x0000000088400000| Complete 
| 132|0x0000000088400000, 0x0000000088500000, 0x0000000088500000|100%|HC|  |TAMS 0x0000000088500000, 0x0000000088500000| Complete 
| 133|0x0000000088500000, 0x0000000088600000, 0x0000000088600000|100%|HC|  |TAMS 0x0000000088600000, 0x0000000088600000| Complete 
| 134|0x0000000088600000, 0x0000000088700000, 0x0000000088700000|100%|HC|  |TAMS 0x0000000088700000, 0x0000000088700000| Complete 
| 135|0x0000000088700000, 0x0000000088700000, 0x0000000088800000|  0%| F|  |TAMS 0x0000000088700000, 0x0000000088700000| Untracked 
| 136|0x0000000088800000, 0x0000000088800000, 0x0000000088900000|  0%| F|  |TAMS 0x0000000088800000, 0x0000000088800000| Untracked 
| 137|0x0000000088900000, 0x0000000088900000, 0x0000000088a00000|  0%| F|  |TAMS 0x0000000088900000, 0x0000000088900000| Untracked 
| 138|0x0000000088a00000, 0x0000000088a00000, 0x0000000088b00000|  0%| F|  |TAMS 0x0000000088a00000, 0x0000000088a00000| Untracked 
| 139|0x0000000088b00000, 0x0000000088b00000, 0x0000000088c00000|  0%| F|  |TAMS 0x0000000088b00000, 0x0000000088b00000| Untracked 
| 140|0x0000000088c00000, 0x0000000088c00000, 0x0000000088d00000|  0%| F|  |TAMS 0x0000000088c00000, 0x0000000088c00000| Untracked 
| 141|0x0000000088d00000, 0x0000000088e00000, 0x0000000088e00000|100%| O|  |TAMS 0x0000000088e00000, 0x0000000088e00000| Untracked 
| 142|0x0000000088e00000, 0x0000000088e00000, 0x0000000088f00000|  0%| F|  |TAMS 0x0000000088e00000, 0x0000000088e00000| Untracked 
| 143|0x0000000088f00000, 0x0000000088f00000, 0x0000000089000000|  0%| F|  |TAMS 0x0000000088f00000, 0x0000000088f00000| Untracked 
| 144|0x0000000089000000, 0x0000000089000000, 0x0000000089100000|  0%| F|  |TAMS 0x0000000089000000, 0x0000000089000000| Untracked 
| 145|0x0000000089100000, 0x0000000089100000, 0x0000000089200000|  0%| F|  |TAMS 0x0000000089100000, 0x0000000089100000| Untracked 
| 146|0x0000000089200000, 0x0000000089200000, 0x0000000089300000|  0%| F|  |TAMS 0x0000000089200000, 0x0000000089200000| Untracked 
| 147|0x0000000089300000, 0x0000000089400000, 0x0000000089400000|100%|HS|  |TAMS 0x0000000089400000, 0x0000000089400000| Complete 
| 148|0x0000000089400000, 0x0000000089500000, 0x0000000089500000|100%|HC|  |TAMS 0x0000000089500000, 0x0000000089500000| Complete 
| 149|0x0000000089500000, 0x0000000089600000, 0x0000000089600000|100%|HC|  |TAMS 0x0000000089600000, 0x0000000089600000| Complete 
| 150|0x0000000089600000, 0x0000000089600000, 0x0000000089700000|  0%| F|  |TAMS 0x0000000089600000, 0x0000000089600000| Untracked 
| 151|0x0000000089700000, 0x0000000089700000, 0x0000000089800000|  0%| F|  |TAMS 0x0000000089700000, 0x0000000089700000| Untracked 
| 152|0x0000000089800000, 0x0000000089800000, 0x0000000089900000|  0%| F|  |TAMS 0x0000000089800000, 0x0000000089800000| Untracked 
| 153|0x0000000089900000, 0x0000000089900000, 0x0000000089a00000|  0%| F|  |TAMS 0x0000000089900000, 0x0000000089900000| Untracked 
| 154|0x0000000089a00000, 0x0000000089a00000, 0x0000000089b00000|  0%| F|  |TAMS 0x0000000089a00000, 0x0000000089a00000| Untracked 
| 155|0x0000000089b00000, 0x0000000089b00000, 0x0000000089c00000|  0%| F|  |TAMS 0x0000000089b00000, 0x0000000089b00000| Untracked 
| 156|0x0000000089c00000, 0x0000000089c00000, 0x0000000089d00000|  0%| F|  |TAMS 0x0000000089c00000, 0x0000000089c00000| Untracked 
| 157|0x0000000089d00000, 0x0000000089d00000, 0x0000000089e00000|  0%| F|  |TAMS 0x0000000089d00000, 0x0000000089d00000| Untracked 
| 158|0x0000000089e00000, 0x0000000089e00000, 0x0000000089f00000|  0%| F|  |TAMS 0x0000000089e00000, 0x0000000089e00000| Untracked 
| 159|0x0000000089f00000, 0x0000000089f00000, 0x000000008a000000|  0%| F|  |TAMS 0x0000000089f00000, 0x0000000089f00000| Untracked 
| 160|0x000000008a000000, 0x000000008a000000, 0x000000008a100000|  0%| F|  |TAMS 0x000000008a000000, 0x000000008a000000| Untracked 
| 161|0x000000008a100000, 0x000000008a100000, 0x000000008a200000|  0%| F|  |TAMS 0x000000008a100000, 0x000000008a100000| Untracked 
| 162|0x000000008a200000, 0x000000008a200000, 0x000000008a300000|  0%| F|  |TAMS 0x000000008a200000, 0x000000008a200000| Untracked 
| 163|0x000000008a300000, 0x000000008a300000, 0x000000008a400000|  0%| F|  |TAMS 0x000000008a300000, 0x000000008a300000| Untracked 
| 164|0x000000008a400000, 0x000000008a400000, 0x000000008a500000|  0%| F|  |TAMS 0x000000008a400000, 0x000000008a400000| Untracked 
| 165|0x000000008a500000, 0x000000008a500000, 0x000000008a600000|  0%| F|  |TAMS 0x000000008a500000, 0x000000008a500000| Untracked 
| 166|0x000000008a600000, 0x000000008a600000, 0x000000008a700000|  0%| F|  |TAMS 0x000000008a600000, 0x000000008a600000| Untracked 
| 167|0x000000008a700000, 0x000000008a700000, 0x000000008a800000|  0%| F|  |TAMS 0x000000008a700000, 0x000000008a700000| Untracked 
| 168|0x000000008a800000, 0x000000008a800000, 0x000000008a900000|  0%| F|  |TAMS 0x000000008a800000, 0x000000008a800000| Untracked 
| 169|0x000000008a900000, 0x000000008a900000, 0x000000008aa00000|  0%| F|  |TAMS 0x000000008a900000, 0x000000008a900000| Untracked 
| 170|0x000000008aa00000, 0x000000008aa00000, 0x000000008ab00000|  0%| F|  |TAMS 0x000000008aa00000, 0x000000008aa00000| Untracked 
| 171|0x000000008ab00000, 0x000000008ab00000, 0x000000008ac00000|  0%| F|  |TAMS 0x000000008ab00000, 0x000000008ab00000| Untracked 
| 172|0x000000008ac00000, 0x000000008ac00000, 0x000000008ad00000|  0%| F|  |TAMS 0x000000008ac00000, 0x000000008ac00000| Untracked 
| 173|0x000000008ad00000, 0x000000008ad00000, 0x000000008ae00000|  0%| F|  |TAMS 0x000000008ad00000, 0x000000008ad00000| Untracked 
| 174|0x000000008ae00000, 0x000000008ae00000, 0x000000008af00000|  0%| F|  |TAMS 0x000000008ae00000, 0x000000008ae00000| Untracked 
| 175|0x000000008af00000, 0x000000008af00000, 0x000000008b000000|  0%| F|  |TAMS 0x000000008af00000, 0x000000008af00000| Untracked 
| 176|0x000000008b000000, 0x000000008b000000, 0x000000008b100000|  0%| F|  |TAMS 0x000000008b000000, 0x000000008b000000| Untracked 
| 177|0x000000008b100000, 0x000000008b100000, 0x000000008b200000|  0%| F|  |TAMS 0x000000008b100000, 0x000000008b100000| Untracked 
| 178|0x000000008b200000, 0x000000008b200000, 0x000000008b300000|  0%| F|  |TAMS 0x000000008b200000, 0x000000008b200000| Untracked 
| 179|0x000000008b300000, 0x000000008b300000, 0x000000008b400000|  0%| F|  |TAMS 0x000000008b300000, 0x000000008b300000| Untracked 
| 180|0x000000008b400000, 0x000000008b400000, 0x000000008b500000|  0%| F|  |TAMS 0x000000008b400000, 0x000000008b400000| Untracked 
| 181|0x000000008b500000, 0x000000008b500000, 0x000000008b600000|  0%| F|  |TAMS 0x000000008b500000, 0x000000008b500000| Untracked 
| 182|0x000000008b600000, 0x000000008b600000, 0x000000008b700000|  0%| F|  |TAMS 0x000000008b600000, 0x000000008b600000| Untracked 
| 183|0x000000008b700000, 0x000000008b700000, 0x000000008b800000|  0%| F|  |TAMS 0x000000008b700000, 0x000000008b700000| Untracked 
| 184|0x000000008b800000, 0x000000008b800000, 0x000000008b900000|  0%| F|  |TAMS 0x000000008b800000, 0x000000008b800000| Untracked 
| 185|0x000000008b900000, 0x000000008b900000, 0x000000008ba00000|  0%| F|  |TAMS 0x000000008b900000, 0x000000008b900000| Untracked 
| 186|0x000000008ba00000, 0x000000008ba00000, 0x000000008bb00000|  0%| F|  |TAMS 0x000000008ba00000, 0x000000008ba00000| Untracked 
| 187|0x000000008bb00000, 0x000000008bb00000, 0x000000008bc00000|  0%| F|  |TAMS 0x000000008bb00000, 0x000000008bb00000| Untracked 
| 188|0x000000008bc00000, 0x000000008bc00000, 0x000000008bd00000|  0%| F|  |TAMS 0x000000008bc00000, 0x000000008bc00000| Untracked 
| 189|0x000000008bd00000, 0x000000008bd00000, 0x000000008be00000|  0%| F|  |TAMS 0x000000008bd00000, 0x000000008bd00000| Untracked 
| 190|0x000000008be00000, 0x000000008be00000, 0x000000008bf00000|  0%| F|  |TAMS 0x000000008be00000, 0x000000008be00000| Untracked 
| 191|0x000000008bf00000, 0x000000008bf00000, 0x000000008c000000|  0%| F|  |TAMS 0x000000008bf00000, 0x000000008bf00000| Untracked 
| 192|0x000000008c000000, 0x000000008c000000, 0x000000008c100000|  0%| F|  |TAMS 0x000000008c000000, 0x000000008c000000| Untracked 
| 193|0x000000008c100000, 0x000000008c100000, 0x000000008c200000|  0%| F|  |TAMS 0x000000008c100000, 0x000000008c100000| Untracked 
| 194|0x000000008c200000, 0x000000008c200000, 0x000000008c300000|  0%| F|  |TAMS 0x000000008c200000, 0x000000008c200000| Untracked 
| 195|0x000000008c300000, 0x000000008c300000, 0x000000008c400000|  0%| F|  |TAMS 0x000000008c300000, 0x000000008c300000| Untracked 
| 196|0x000000008c400000, 0x000000008c400000, 0x000000008c500000|  0%| F|  |TAMS 0x000000008c400000, 0x000000008c400000| Untracked 
| 197|0x000000008c500000, 0x000000008c500000, 0x000000008c600000|  0%| F|  |TAMS 0x000000008c500000, 0x000000008c500000| Untracked 
| 198|0x000000008c600000, 0x000000008c600000, 0x000000008c700000|  0%| F|  |TAMS 0x000000008c600000, 0x000000008c600000| Untracked 
| 199|0x000000008c700000, 0x000000008c700000, 0x000000008c800000|  0%| F|  |TAMS 0x000000008c700000, 0x000000008c700000| Untracked 
| 200|0x000000008c800000, 0x000000008c800000, 0x000000008c900000|  0%| F|  |TAMS 0x000000008c800000, 0x000000008c800000| Untracked 
| 201|0x000000008c900000, 0x000000008c900000, 0x000000008ca00000|  0%| F|  |TAMS 0x000000008c900000, 0x000000008c900000| Untracked 
| 202|0x000000008ca00000, 0x000000008ca00000, 0x000000008cb00000|  0%| F|  |TAMS 0x000000008ca00000, 0x000000008ca00000| Untracked 
| 203|0x000000008cb00000, 0x000000008cb00000, 0x000000008cc00000|  0%| F|  |TAMS 0x000000008cb00000, 0x000000008cb00000| Untracked 
| 204|0x000000008cc00000, 0x000000008cc00000, 0x000000008cd00000|  0%| F|  |TAMS 0x000000008cc00000, 0x000000008cc00000| Untracked 
| 205|0x000000008cd00000, 0x000000008cd00000, 0x000000008ce00000|  0%| F|  |TAMS 0x000000008cd00000, 0x000000008cd00000| Untracked 
| 206|0x000000008ce00000, 0x000000008ce00000, 0x000000008cf00000|  0%| F|  |TAMS 0x000000008ce00000, 0x000000008ce00000| Untracked 
| 207|0x000000008cf00000, 0x000000008cf00000, 0x000000008d000000|  0%| F|  |TAMS 0x000000008cf00000, 0x000000008cf00000| Untracked 
| 208|0x000000008d000000, 0x000000008d000000, 0x000000008d100000|  0%| F|  |TAMS 0x000000008d000000, 0x000000008d000000| Untracked 
| 209|0x000000008d100000, 0x000000008d100000, 0x000000008d200000|  0%| F|  |TAMS 0x000000008d100000, 0x000000008d100000| Untracked 
| 210|0x000000008d200000, 0x000000008d200000, 0x000000008d300000|  0%| F|  |TAMS 0x000000008d200000, 0x000000008d200000| Untracked 
| 211|0x000000008d300000, 0x000000008d300000, 0x000000008d400000|  0%| F|  |TAMS 0x000000008d300000, 0x000000008d300000| Untracked 
| 212|0x000000008d400000, 0x000000008d400000, 0x000000008d500000|  0%| F|  |TAMS 0x000000008d400000, 0x000000008d400000| Untracked 
| 213|0x000000008d500000, 0x000000008d500000, 0x000000008d600000|  0%| F|  |TAMS 0x000000008d500000, 0x000000008d500000| Untracked 
| 214|0x000000008d600000, 0x000000008d600000, 0x000000008d700000|  0%| F|  |TAMS 0x000000008d600000, 0x000000008d600000| Untracked 
| 215|0x000000008d700000, 0x000000008d700000, 0x000000008d800000|  0%| F|  |TAMS 0x000000008d700000, 0x000000008d700000| Untracked 
| 216|0x000000008d800000, 0x000000008d8d8958, 0x000000008d900000| 84%| S|CS|TAMS 0x000000008d800000, 0x000000008d800000| Complete 
| 217|0x000000008d900000, 0x000000008da00000, 0x000000008da00000|100%| S|CS|TAMS 0x000000008d900000, 0x000000008d900000| Complete 
| 218|0x000000008da00000, 0x000000008db00000, 0x000000008db00000|100%| S|CS|TAMS 0x000000008da00000, 0x000000008da00000| Complete 
| 219|0x000000008db00000, 0x000000008dc00000, 0x000000008dc00000|100%| S|CS|TAMS 0x000000008db00000, 0x000000008db00000| Complete 
| 220|0x000000008dc00000, 0x000000008dd00000, 0x000000008dd00000|100%| S|CS|TAMS 0x000000008dc00000, 0x000000008dc00000| Complete 
| 221|0x000000008dd00000, 0x000000008dd00000, 0x000000008de00000|  0%| F|  |TAMS 0x000000008dd00000, 0x000000008dd00000| Untracked 
| 222|0x000000008de00000, 0x000000008de00000, 0x000000008df00000|  0%| F|  |TAMS 0x000000008de00000, 0x000000008de00000| Untracked 
| 223|0x000000008df00000, 0x000000008df00000, 0x000000008e000000|  0%| F|  |TAMS 0x000000008df00000, 0x000000008df00000| Untracked 
| 224|0x000000008e000000, 0x000000008e000000, 0x000000008e100000|  0%| F|  |TAMS 0x000000008e000000, 0x000000008e000000| Untracked 
| 225|0x000000008e100000, 0x000000008e100000, 0x000000008e200000|  0%| F|  |TAMS 0x000000008e100000, 0x000000008e100000| Untracked 
| 226|0x000000008e200000, 0x000000008e200000, 0x000000008e300000|  0%| F|  |TAMS 0x000000008e200000, 0x000000008e200000| Untracked 
| 227|0x000000008e300000, 0x000000008e300000, 0x000000008e400000|  0%| F|  |TAMS 0x000000008e300000, 0x000000008e300000| Untracked 
| 228|0x000000008e400000, 0x000000008e400000, 0x000000008e500000|  0%| F|  |TAMS 0x000000008e400000, 0x000000008e400000| Untracked 
| 229|0x000000008e500000, 0x000000008e500000, 0x000000008e600000|  0%| F|  |TAMS 0x000000008e500000, 0x000000008e500000| Untracked 
| 230|0x000000008e600000, 0x000000008e600000, 0x000000008e700000|  0%| F|  |TAMS 0x000000008e600000, 0x000000008e600000| Untracked 
| 231|0x000000008e700000, 0x000000008e700000, 0x000000008e800000|  0%| F|  |TAMS 0x000000008e700000, 0x000000008e700000| Untracked 
| 232|0x000000008e800000, 0x000000008e800000, 0x000000008e900000|  0%| F|  |TAMS 0x000000008e800000, 0x000000008e800000| Untracked 
| 233|0x000000008e900000, 0x000000008e900000, 0x000000008ea00000|  0%| F|  |TAMS 0x000000008e900000, 0x000000008e900000| Untracked 
| 234|0x000000008ea00000, 0x000000008ea00000, 0x000000008eb00000|  0%| F|  |TAMS 0x000000008ea00000, 0x000000008ea00000| Untracked 
| 235|0x000000008eb00000, 0x000000008eb00000, 0x000000008ec00000|  0%| F|  |TAMS 0x000000008eb00000, 0x000000008eb00000| Untracked 
| 236|0x000000008ec00000, 0x000000008ec00000, 0x000000008ed00000|  0%| F|  |TAMS 0x000000008ec00000, 0x000000008ec00000| Untracked 
| 237|0x000000008ed00000, 0x000000008ed00000, 0x000000008ee00000|  0%| F|  |TAMS 0x000000008ed00000, 0x000000008ed00000| Untracked 
| 238|0x000000008ee00000, 0x000000008ee00000, 0x000000008ef00000|  0%| F|  |TAMS 0x000000008ee00000, 0x000000008ee00000| Untracked 
| 239|0x000000008ef00000, 0x000000008ef00000, 0x000000008f000000|  0%| F|  |TAMS 0x000000008ef00000, 0x000000008ef00000| Untracked 
| 240|0x000000008f000000, 0x000000008f000000, 0x000000008f100000|  0%| F|  |TAMS 0x000000008f000000, 0x000000008f000000| Untracked 
| 241|0x000000008f100000, 0x000000008f100000, 0x000000008f200000|  0%| F|  |TAMS 0x000000008f100000, 0x000000008f100000| Untracked 
| 242|0x000000008f200000, 0x000000008f200000, 0x000000008f300000|  0%| F|  |TAMS 0x000000008f200000, 0x000000008f200000| Untracked 
| 243|0x000000008f300000, 0x000000008f300000, 0x000000008f400000|  0%| F|  |TAMS 0x000000008f300000, 0x000000008f300000| Untracked 
| 244|0x000000008f400000, 0x000000008f400000, 0x000000008f500000|  0%| F|  |TAMS 0x000000008f400000, 0x000000008f400000| Untracked 
| 245|0x000000008f500000, 0x000000008f500000, 0x000000008f600000|  0%| F|  |TAMS 0x000000008f500000, 0x000000008f500000| Untracked 
| 246|0x000000008f600000, 0x000000008f600000, 0x000000008f700000|  0%| F|  |TAMS 0x000000008f600000, 0x000000008f600000| Untracked 
| 247|0x000000008f700000, 0x000000008f700000, 0x000000008f800000|  0%| F|  |TAMS 0x000000008f700000, 0x000000008f700000| Untracked 
| 248|0x000000008f800000, 0x000000008f800000, 0x000000008f900000|  0%| F|  |TAMS 0x000000008f800000, 0x000000008f800000| Untracked 
| 249|0x000000008f900000, 0x000000008f900000, 0x000000008fa00000|  0%| F|  |TAMS 0x000000008f900000, 0x000000008f900000| Untracked 
| 250|0x000000008fa00000, 0x000000008fa00000, 0x000000008fb00000|  0%| F|  |TAMS 0x000000008fa00000, 0x000000008fa00000| Untracked 
| 251|0x000000008fb00000, 0x000000008fb00000, 0x000000008fc00000|  0%| F|  |TAMS 0x000000008fb00000, 0x000000008fb00000| Untracked 
| 252|0x000000008fc00000, 0x000000008fc00000, 0x000000008fd00000|  0%| F|  |TAMS 0x000000008fc00000, 0x000000008fc00000| Untracked 
| 253|0x000000008fd00000, 0x000000008fd00000, 0x000000008fe00000|  0%| F|  |TAMS 0x000000008fd00000, 0x000000008fd00000| Untracked 
| 254|0x000000008fe00000, 0x000000008fe00000, 0x000000008ff00000|  0%| F|  |TAMS 0x000000008fe00000, 0x000000008fe00000| Untracked 
| 255|0x000000008ff00000, 0x000000008ff00000, 0x0000000090000000|  0%| F|  |TAMS 0x000000008ff00000, 0x000000008ff00000| Untracked 
| 256|0x0000000090000000, 0x0000000090000000, 0x0000000090100000|  0%| F|  |TAMS 0x0000000090000000, 0x0000000090000000| Untracked 
| 257|0x0000000090100000, 0x0000000090100000, 0x0000000090200000|  0%| F|  |TAMS 0x0000000090100000, 0x0000000090100000| Untracked 
| 258|0x0000000090200000, 0x0000000090200000, 0x0000000090300000|  0%| F|  |TAMS 0x0000000090200000, 0x0000000090200000| Untracked 
| 259|0x0000000090300000, 0x0000000090300000, 0x0000000090400000|  0%| F|  |TAMS 0x0000000090300000, 0x0000000090300000| Untracked 
| 260|0x0000000090400000, 0x0000000090400000, 0x0000000090500000|  0%| F|  |TAMS 0x0000000090400000, 0x0000000090400000| Untracked 
| 261|0x0000000090500000, 0x0000000090500000, 0x0000000090600000|  0%| F|  |TAMS 0x0000000090500000, 0x0000000090500000| Untracked 
| 262|0x0000000090600000, 0x0000000090600000, 0x0000000090700000|  0%| F|  |TAMS 0x0000000090600000, 0x0000000090600000| Untracked 
| 263|0x0000000090700000, 0x0000000090700000, 0x0000000090800000|  0%| F|  |TAMS 0x0000000090700000, 0x0000000090700000| Untracked 
| 264|0x0000000090800000, 0x0000000090800000, 0x0000000090900000|  0%| F|  |TAMS 0x0000000090800000, 0x0000000090800000| Untracked 
| 265|0x0000000090900000, 0x0000000090900000, 0x0000000090a00000|  0%| F|  |TAMS 0x0000000090900000, 0x0000000090900000| Untracked 
| 266|0x0000000090a00000, 0x0000000090a00000, 0x0000000090b00000|  0%| F|  |TAMS 0x0000000090a00000, 0x0000000090a00000| Untracked 
| 267|0x0000000090b00000, 0x0000000090b00000, 0x0000000090c00000|  0%| F|  |TAMS 0x0000000090b00000, 0x0000000090b00000| Untracked 
| 268|0x0000000090c00000, 0x0000000090c00000, 0x0000000090d00000|  0%| F|  |TAMS 0x0000000090c00000, 0x0000000090c00000| Untracked 
| 269|0x0000000090d00000, 0x0000000090d6b5e8, 0x0000000090e00000| 41%| E|  |TAMS 0x0000000090d00000, 0x0000000090d00000| Complete 
| 270|0x0000000090e00000, 0x0000000090f00000, 0x0000000090f00000|100%| E|CS|TAMS 0x0000000090e00000, 0x0000000090e00000| Complete 

Card table byte_map: [0x0000026e72f20000,0x0000026e73320000] _byte_map_base: 0x0000026e72b20000

Marking Bits (Prev, Next): (CMBitMap*) 0x0000026e6f073918, (CMBitMap*) 0x0000026e6f073950
 Prev Bits: [0x0000026e73720000, 0x0000026e75720000)
 Next Bits: [0x0000026e75720000, 0x0000026e77720000)

Polling page: 0x0000026e6ce90000

Metaspace:

Usage:
  Non-class:    109.50 MB capacity,   107.09 MB ( 98%) used,     1.98 MB (  2%) free+waste,   439.81 KB ( <1%) overhead. 
      Class:     17.06 MB capacity,    15.69 MB ( 92%) used,     1.18 MB (  7%) free+waste,   198.13 KB (  1%) overhead. 
       Both:    126.57 MB capacity,   122.78 MB ( 97%) used,     3.16 MB (  2%) free+waste,   637.94 KB ( <1%) overhead. 

Virtual space:
  Non-class space:      110.00 MB reserved,     109.75 MB (>99%) committed 
      Class space:        1.00 GB reserved,      17.07 MB (  2%) committed 
             Both:        1.11 GB reserved,     126.82 MB ( 11%) committed 

Chunk freelists:
   Non-Class:  59.00 KB
       Class:  0 bytes
        Both:  59.00 KB

MaxMetaspaceSize: 17179869184.00 GB
CompressedClassSpaceSize: 1.00 GB

CodeHeap 'non-profiled nmethods': size=120064Kb used=13208Kb max_used=13208Kb free=106855Kb
 bounds [0x0000026e07ac0000, 0x0000026e087b0000, 0x0000026e0f000000]
CodeHeap 'profiled nmethods': size=120000Kb used=41368Kb max_used=41368Kb free=78631Kb
 bounds [0x0000026e00590000, 0x0000026e02e10000, 0x0000026e07ac0000]
CodeHeap 'non-nmethods': size=5696Kb used=2362Kb max_used=2423Kb free=3333Kb
 bounds [0x0000026e00000000, 0x0000026e00270000, 0x0000026e00590000]
 total_blobs=19249 nmethods=18262 adapters=894
 compilation: enabled
              stopped_count=0, restarted_count=0
 full_count=0

Compilation events (20 events):
Event: 714.073 Thread 0x0000026e79c3d000 19426       3       org.gradle.api.internal.file.collections.DefaultConfigurableFileCollection$1::visitCollection (43 bytes)
Event: 714.074 Thread 0x0000026e79c3d000 nmethod 19426 0x0000026e02dc6a90 code [0x0000026e02dc6d00, 0x0000026e02dc77a8]
Event: 714.075 Thread 0x0000026e79c3d000 19427       1       org.gradle.api.internal.tasks.properties.DefaultCacheableOutputFilePropertySpec::getOutputType (5 bytes)
Event: 714.075 Thread 0x0000026e79c3d000 nmethod 19427 0x0000026e087a4510 code [0x0000026e087a46c0, 0x0000026e087a4778]
Event: 714.075 Thread 0x0000026e79c39000 nmethod 19416 0x0000026e087a4810 code [0x0000026e087a4a00, 0x0000026e087a5120]
Event: 714.075 Thread 0x0000026e79c39000 19424       4       org.gradle.internal.execution.steps.IdentifyStep$$Lambda$758/0x0000000100a71c40::include (7 bytes)
Event: 714.076 Thread 0x0000026e79c39000 nmethod 19424 0x0000026e087a5510 code [0x0000026e087a56a0, 0x0000026e087a5718]
Event: 714.076 Thread 0x0000026e79c39000 19418       4       org.gradle.api.internal.file.FileCollectionStructureVisitor::prepareForVisit (4 bytes)
Event: 714.076 Thread 0x0000026e79c39000 nmethod 19418 0x0000026e087a5810 code [0x0000026e087a59a0, 0x0000026e087a5a18]
Event: 714.079 Thread 0x0000026e79c39000 19428       4       org.gradle.internal.fingerprint.impl.RelativePathFingerprintingStrategy$$Lambda$899/0x0000000100ad1040::visitEntry (18 bytes)
Event: 714.082 Thread 0x0000026e79c3d000 19430   !   3       sun.nio.fs.WindowsDirectoryStream$WindowsDirectoryIterator::acceptEntry (71 bytes)
Event: 714.083 Thread 0x0000026e79c3d000 nmethod 19430 0x0000026e02dc7b10 code [0x0000026e02dc7da0, 0x0000026e02dc8818]
Event: 714.094 Thread 0x0000026e15de5000 nmethod 19421 0x0000026e087a5a90 code [0x0000026e087a5c40, 0x0000026e087a6418]
Event: 714.094 Thread 0x0000026e15de5000 19429       4       org.gradle.internal.fingerprint.impl.RelativePathFingerprintingStrategy::lambda$collectFingerprints$0 (119 bytes)
Event: 714.107 Thread 0x0000026e79c3d000 19432       1       org.gradle.internal.fingerprint.impl.AbsolutePathFingerprintingStrategy::access$000 (5 bytes)
Event: 714.107 Thread 0x0000026e79c3d000 nmethod 19432 0x0000026e087a6910 code [0x0000026e087a6ac0, 0x0000026e087a6b58]
Event: 714.108 Thread 0x0000026e79c3d000 19433       3       com.google.common.collect.TransformedIterator::<init> (16 bytes)
Event: 714.108 Thread 0x0000026e79c3d000 nmethod 19433 0x0000026e02dc8c90 code [0x0000026e02dc8e80, 0x0000026e02dc9288]
Event: 714.112 Thread 0x0000026e79c3d000 19434       3       java.lang.invoke.InfoFromMemberName::getMethodType (8 bytes)
Event: 714.112 Thread 0x0000026e79c3d000 nmethod 19434 0x0000026e02dc9410 code [0x0000026e02dc95c0, 0x0000026e02dc96e8]

GC Heap History (20 events):
Event: 105.458 GC heap before
{Heap before GC invocations=50 (full 0):
 garbage-first heap   total 277504K, used 127729K [0x0000000080000000, 0x0000000100000000)
  region size 1024K, 13 young (13312K), 2 survivors (2048K)
 Metaspace       used 103983K, capacity 106621K, committed 106828K, reserved 1140736K
  class space    used 13581K, capacity 14561K, committed 14668K, reserved 1048576K
}
Event: 105.558 GC heap after
{Heap after GC invocations=51 (full 0):
 garbage-first heap   total 277504K, used 112640K [0x0000000080000000, 0x0000000100000000)
  region size 1024K, 2 young (2048K), 2 survivors (2048K)
 Metaspace       used 103983K, capacity 106621K, committed 106828K, reserved 1140736K
  class space    used 13581K, capacity 14561K, committed 14668K, reserved 1048576K
}
Event: 109.826 GC heap before
{Heap before GC invocations=51 (full 0):
 garbage-first heap   total 277504K, used 192512K [0x0000000080000000, 0x0000000100000000)
  region size 1024K, 77 young (78848K), 2 survivors (2048K)
 Metaspace       used 108750K, capacity 111620K, committed 111820K, reserved 1146880K
  class space    used 14139K, capacity 15203K, committed 15308K, reserved 1048576K
}
Event: 109.860 GC heap after
{Heap after GC invocations=52 (full 0):
 garbage-first heap   total 277504K, used 124833K [0x0000000080000000, 0x0000000100000000)
  region size 1024K, 10 young (10240K), 10 survivors (10240K)
 Metaspace       used 108750K, capacity 111620K, committed 111820K, reserved 1146880K
  class space    used 14139K, capacity 15203K, committed 15308K, reserved 1048576K
}
Event: 119.115 GC heap before
{Heap before GC invocations=52 (full 0):
 garbage-first heap   total 277504K, used 225185K [0x0000000080000000, 0x0000000100000000)
  region size 1024K, 83 young (84992K), 10 survivors (10240K)
 Metaspace       used 111000K, capacity 113965K, committed 114124K, reserved 1148928K
  class space    used 14367K, capacity 15501K, committed 15564K, reserved 1048576K
}
Event: 119.138 GC heap after
{Heap after GC invocations=53 (full 0):
 garbage-first heap   total 277504K, used 131726K [0x0000000080000000, 0x0000000100000000)
  region size 1024K, 3 young (3072K), 3 survivors (3072K)
 Metaspace       used 111000K, capacity 113965K, committed 114124K, reserved 1148928K
  class space    used 14367K, capacity 15501K, committed 15564K, reserved 1048576K
}
Event: 316.837 GC heap before
{Heap before GC invocations=54 (full 0):
 garbage-first heap   total 277504K, used 223886K [0x0000000080000000, 0x0000000100000000)
  region size 1024K, 77 young (78848K), 3 survivors (3072K)
 Metaspace       used 113658K, capacity 117111K, committed 117324K, reserved 1150976K
  class space    used 14691K, capacity 15946K, committed 15948K, reserved 1048576K
}
Event: 316.873 GC heap after
{Heap after GC invocations=55 (full 0):
 garbage-first heap   total 277504K, used 150854K [0x0000000080000000, 0x0000000100000000)
  region size 1024K, 10 young (10240K), 10 survivors (10240K)
 Metaspace       used 113658K, capacity 117111K, committed 117324K, reserved 1150976K
  class space    used 14691K, capacity 15946K, committed 15948K, reserved 1048576K
}
Event: 317.064 GC heap before
{Heap before GC invocations=55 (full 0):
 garbage-first heap   total 277504K, used 153926K [0x0000000080000000, 0x0000000100000000)
  region size 1024K, 13 young (13312K), 10 survivors (10240K)
 Metaspace       used 113825K, capacity 117216K, committed 117452K, reserved 1150976K
  class space    used 14732K, capacity 15982K, committed 16076K, reserved 1048576K
}
Event: 317.158 GC heap after
{Heap after GC invocations=56 (full 0):
 garbage-first heap   total 277504K, used 129457K [0x0000000080000000, 0x0000000100000000)
  region size 1024K, 1 young (1024K), 1 survivors (1024K)
 Metaspace       used 113825K, capacity 117216K, committed 117452K, reserved 1150976K
  class space    used 14732K, capacity 15982K, committed 16076K, reserved 1048576K
}
Event: 323.654 GC heap before
{Heap before GC invocations=56 (full 0):
 garbage-first heap   total 277504K, used 206257K [0x0000000080000000, 0x0000000100000000)
  region size 1024K, 76 young (77824K), 1 survivors (1024K)
 Metaspace       used 118208K, capacity 121822K, committed 121932K, reserved 1155072K
  class space    used 15295K, capacity 16614K, committed 16716K, reserved 1048576K
}
Event: 323.681 GC heap after
{Heap after GC invocations=57 (full 0):
 garbage-first heap   total 277504K, used 133175K [0x0000000080000000, 0x0000000100000000)
  region size 1024K, 5 young (5120K), 5 survivors (5120K)
 Metaspace       used 118208K, capacity 121822K, committed 121932K, reserved 1155072K
  class space    used 15295K, capacity 16614K, committed 16716K, reserved 1048576K
}
Event: 324.997 GC heap before
{Heap before GC invocations=57 (full 0):
 garbage-first heap   total 277504K, used 153655K [0x0000000080000000, 0x0000000100000000)
  region size 1024K, 27 young (27648K), 5 survivors (5120K)
 Metaspace       used 120315K, capacity 123858K, committed 124236K, reserved 1157120K
  class space    used 15558K, capacity 16845K, committed 16972K, reserved 1048576K
}
Event: 325.011 GC heap after
{Heap after GC invocations=58 (full 0):
 garbage-first heap   total 277504K, used 134969K [0x0000000080000000, 0x0000000100000000)
  region size 1024K, 7 young (7168K), 7 survivors (7168K)
 Metaspace       used 120315K, capacity 123858K, committed 124236K, reserved 1157120K
  class space    used 15558K, capacity 16845K, committed 16972K, reserved 1048576K
}
Event: 332.173 GC heap before
{Heap before GC invocations=59 (full 0):
 garbage-first heap   total 277504K, used 199481K [0x0000000080000000, 0x0000000100000000)
  region size 1024K, 76 young (77824K), 7 survivors (7168K)
 Metaspace       used 124410K, capacity 128098K, committed 128204K, reserved 1161216K
  class space    used 15928K, capacity 17280K, committed 17356K, reserved 1048576K
}
Event: 332.201 GC heap after
{Heap after GC invocations=60 (full 0):
 garbage-first heap   total 277504K, used 132516K [0x0000000080000000, 0x0000000100000000)
  region size 1024K, 6 young (6144K), 6 survivors (6144K)
 Metaspace       used 124410K, capacity 128098K, committed 128204K, reserved 1161216K
  class space    used 15928K, capacity 17280K, committed 17356K, reserved 1048576K
}
Event: 333.233 GC heap before
{Heap before GC invocations=60 (full 0):
 garbage-first heap   total 277504K, used 139684K [0x0000000080000000, 0x0000000100000000)
  region size 1024K, 13 young (13312K), 6 survivors (6144K)
 Metaspace       used 124766K, capacity 128430K, committed 128588K, reserved 1161216K
  class space    used 15976K, capacity 17347K, committed 17484K, reserved 1048576K
}
Event: 333.252 GC heap after
{Heap after GC invocations=61 (full 0):
 garbage-first heap   total 277504K, used 122662K [0x0000000080000000, 0x0000000100000000)
  region size 1024K, 2 young (2048K), 2 survivors (2048K)
 Metaspace       used 124766K, capacity 128430K, committed 128588K, reserved 1161216K
  class space    used 15976K, capacity 17347K, committed 17484K, reserved 1048576K
}
Event: 714.182 GC heap before
{Heap before GC invocations=61 (full 0):
 garbage-first heap   total 277504K, used 170790K [0x0000000080000000, 0x0000000100000000)
  region size 1024K, 50 young (51200K), 2 survivors (2048K)
 Metaspace       used 125677K, capacity 129528K, committed 129612K, reserved 1161216K
  class space    used 16065K, capacity 17469K, committed 17484K, reserved 1048576K
}
Event: 714.211 GC heap after
{Heap after GC invocations=62 (full 0):
 garbage-first heap   total 277504K, used 126343K [0x0000000080000000, 0x0000000100000000)
  region size 1024K, 5 young (5120K), 5 survivors (5120K)
 Metaspace       used 125677K, capacity 129528K, committed 129612K, reserved 1161216K
  class space    used 16065K, capacity 17469K, committed 17484K, reserved 1048576K
}

Deoptimization events (20 events):
Event: 713.548 Thread 0x0000026e1036c800 Uncommon trap: trap_request=0xffffffc6 fr.pc=0x0000026e07bc9978 relative=0x0000000000000218
Event: 713.548 Thread 0x0000026e1036c800 Uncommon trap: reason=bimorphic_or_optimized_type_check action=maybe_recompile pc=0x0000026e07bc9978 method=com.google.common.base.CharMatcher.indexIn(Ljava/lang/CharSequence;I)I @ 31 c2
Event: 713.548 Thread 0x0000026e1036c800 DEOPT PACKING pc=0x0000026e07bc9978 sp=0x000000af6b0f8f10
Event: 713.548 Thread 0x0000026e1036c800 DEOPT UNPACKING pc=0x0000026e000278af sp=0x000000af6b0f8eb8 mode 2
Event: 713.705 Thread 0x0000026e1036c800 Uncommon trap: trap_request=0xffffffc6 fr.pc=0x0000026e07ad6440 relative=0x0000000000000200
Event: 713.705 Thread 0x0000026e1036c800 Uncommon trap: reason=bimorphic_or_optimized_type_check action=maybe_recompile pc=0x0000026e07ad6440 method=java.util.Spliterators$ArraySpliterator.tryAdvance(Ljava/util/function/Consumer;)Z @ 49 c2
Event: 713.705 Thread 0x0000026e1036c800 DEOPT PACKING pc=0x0000026e07ad6440 sp=0x000000af6b0fa220
Event: 713.705 Thread 0x0000026e1036c800 DEOPT UNPACKING pc=0x0000026e000278af sp=0x000000af6b0fa1c0 mode 2
Event: 713.720 Thread 0x0000026e1036c800 DEOPT PACKING pc=0x0000026e01423ea9 sp=0x000000af6b0fa5f0
Event: 713.720 Thread 0x0000026e1036c800 DEOPT UNPACKING pc=0x0000026e000276ce sp=0x000000af6b0f9ab8 mode 0
Event: 713.720 Thread 0x0000026e1036c800 DEOPT PACKING pc=0x0000026e01423ea9 sp=0x000000af6b0fa5f0
Event: 713.720 Thread 0x0000026e1036c800 DEOPT UNPACKING pc=0x0000026e000276ce sp=0x000000af6b0f9ab8 mode 0
Event: 713.733 Thread 0x0000026e1036c800 DEOPT PACKING pc=0x0000026e01423ea9 sp=0x000000af6b0fa4c0
Event: 713.733 Thread 0x0000026e1036c800 DEOPT UNPACKING pc=0x0000026e000276ce sp=0x000000af6b0f9988 mode 0
Event: 713.734 Thread 0x0000026e1036c800 DEOPT PACKING pc=0x0000026e01423ea9 sp=0x000000af6b0fa530
Event: 713.734 Thread 0x0000026e1036c800 DEOPT UNPACKING pc=0x0000026e000276ce sp=0x000000af6b0f99f8 mode 0
Event: 713.786 Thread 0x0000026e1036c800 Uncommon trap: trap_request=0xffffffc6 fr.pc=0x0000026e07ad6440 relative=0x0000000000000200
Event: 713.786 Thread 0x0000026e1036c800 Uncommon trap: reason=bimorphic_or_optimized_type_check action=maybe_recompile pc=0x0000026e07ad6440 method=java.util.Spliterators$ArraySpliterator.tryAdvance(Ljava/util/function/Consumer;)Z @ 49 c2
Event: 713.786 Thread 0x0000026e1036c800 DEOPT PACKING pc=0x0000026e07ad6440 sp=0x000000af6b0f8a50
Event: 713.786 Thread 0x0000026e1036c800 DEOPT UNPACKING pc=0x0000026e000278af sp=0x000000af6b0f89f0 mode 2

Classes redefined (0 events):
No events

Internal exceptions (20 events):
Event: 323.947 Thread 0x0000026e15de2800 Exception <a 'java/lang/ClassNotFoundException'{0x00000000905700d8}: org/gradle/api/plugins/BasePluginConventionCustomizer> (0x00000000905700d8) thrown at [./src/hotspot/share/classfile/systemDictionary.cpp, line 231]
Event: 323.951 Thread 0x0000026e15de2800 Exception <a 'java/lang/ClassNotFoundException'{0x000000009059eee0}: org/gradle/api/plugins/internal/DefaultBasePluginConventionCustomizer> (0x000000009059eee0) thrown at [./src/hotspot/share/classfile/systemDictionary.cpp, line 231]
Event: 325.350 Thread 0x0000026e15de2800 Exception <a 'sun/nio/fs/WindowsException'{0x0000000090a8aaf8}> (0x0000000090a8aaf8) thrown at [./src/hotspot/share/prims/jni.cpp, line 615]
Event: 325.611 Thread 0x0000026e15de2800 Exception <a 'sun/nio/fs/WindowsException'{0x000000009092cf08}> (0x000000009092cf08) thrown at [./src/hotspot/share/prims/jni.cpp, line 615]
Event: 325.612 Thread 0x0000026e15de2800 Exception <a 'sun/nio/fs/WindowsException'{0x000000009092e280}> (0x000000009092e280) thrown at [./src/hotspot/share/prims/jni.cpp, line 615]
Event: 325.612 Thread 0x0000026e15de2800 Exception <a 'sun/nio/fs/WindowsException'{0x000000009092f648}> (0x000000009092f648) thrown at [./src/hotspot/share/prims/jni.cpp, line 615]
Event: 325.613 Thread 0x0000026e15de2800 Exception <a 'sun/nio/fs/WindowsException'{0x0000000090930a10}> (0x0000000090930a10) thrown at [./src/hotspot/share/prims/jni.cpp, line 615]
Event: 326.740 Thread 0x0000026e15de2800 Exception <a 'java/lang/reflect/InvocationTargetException'{0x000000008feb7770}> (0x000000008feb7770) thrown at [./src/hotspot/share/runtime/reflection.cpp, line 1247]
Event: 332.377 Thread 0x0000026e15de2800 Implicit null exception at 0x0000026e08732fec to 0x0000026e087334dd
Event: 333.365 Thread 0x0000026e15de2800 Exception <a 'java/lang/NoSuchMethodError'{0x0000000090e6c888}: <clinit>> (0x0000000090e6c888) thrown at [./src/hotspot/share/prims/jni.cpp, line 1362]
Event: 333.700 Thread 0x0000026e15de6800 Exception <a 'java/lang/NoSuchMethodError'{0x0000000090a09410}: <clinit>> (0x0000000090a09410) thrown at [./src/hotspot/share/prims/jni.cpp, line 1362]
Event: 333.705 Thread 0x0000026e15de6800 Exception <a 'java/lang/NoSuchMethodError'{0x0000000090a22928}: <clinit>> (0x0000000090a22928) thrown at [./src/hotspot/share/prims/jni.cpp, line 1362]
Event: 333.710 Thread 0x0000026e15de6800 Exception <a 'java/lang/NoSuchMethodError'{0x0000000090a30048}: <clinit>> (0x0000000090a30048) thrown at [./src/hotspot/share/prims/jni.cpp, line 1362]
Event: 713.591 Thread 0x0000026e1036c800 Exception <a 'sun/nio/fs/WindowsException'{0x000000008ec84740}> (0x000000008ec84740) thrown at [./src/hotspot/share/prims/jni.cpp, line 615]
Event: 713.686 Thread 0x0000026e1036c800 Exception <a 'java/lang/NoClassDefFoundError'{0x000000008e9316a8}: org/jetbrains/kotlin/gradle/plugin/KotlinBasePluginWrapper> (0x000000008e9316a8) thrown at [./src/hotspot/share/oops/constantPool.cpp, line 775]
Event: 713.713 Thread 0x0000026e1036c800 Exception <a 'sun/nio/fs/WindowsException'{0x000000008e9ff980}> (0x000000008e9ff980) thrown at [./src/hotspot/share/prims/jni.cpp, line 615]
Event: 713.727 Thread 0x0000026e1036c800 Exception <a 'sun/nio/fs/WindowsException'{0x000000008e8a2420}> (0x000000008e8a2420) thrown at [./src/hotspot/share/prims/jni.cpp, line 615]
Event: 713.727 Thread 0x0000026e1036c800 Exception <a 'sun/nio/fs/WindowsException'{0x000000008e8a34f0}> (0x000000008e8a34f0) thrown at [./src/hotspot/share/prims/jni.cpp, line 615]
Event: 713.727 Thread 0x0000026e1036c800 Exception <a 'sun/nio/fs/WindowsException'{0x000000008e8a4610}> (0x000000008e8a4610) thrown at [./src/hotspot/share/prims/jni.cpp, line 615]
Event: 713.728 Thread 0x0000026e1036c800 Exception <a 'sun/nio/fs/WindowsException'{0x000000008e8a5730}> (0x000000008e8a5730) thrown at [./src/hotspot/share/prims/jni.cpp, line 615]

Events (20 events):
Event: 714.128 loading class com/android/ide/common/resources/configuration/VersionQualifier
Event: 714.128 loading class com/android/ide/common/resources/configuration/VersionQualifier done
Event: 714.129 loading class com/android/ide/common/vectordrawable/ResourcesNotSupportedException
Event: 714.129 loading class com/android/ide/common/vectordrawable/ResourcesNotSupportedException done
Event: 714.153 loading class com/android/build/gradle/internal/LoggerWrapper$LoggerSupplier
Event: 714.153 loading class com/android/build/gradle/internal/LoggerWrapper$LoggerSupplier done
Event: 714.154 loading class org/gradle/internal/execution/history/changes/CollectingChangeVisitor
Event: 714.154 loading class org/gradle/internal/execution/history/changes/CollectingChangeVisitor done
Event: 714.156 loading class com/android/ide/common/resources/MergedResourceMergerItem
Event: 714.156 loading class com/android/ide/common/resources/MergedResourceMergerItem done
Event: 714.156 loading class com/android/ide/common/resources/SourcelessResourceMergerItem
Event: 714.156 loading class com/android/ide/common/resources/SourcelessResourceMergerItem done
Event: 714.159 Executing VM operation: RevokeBias
Event: 714.160 Executing VM operation: RevokeBias done
Event: 714.160 Executing VM operation: RevokeBias
Event: 714.160 Executing VM operation: RevokeBias done
Event: 714.160 Executing VM operation: RevokeBias
Event: 714.160 Executing VM operation: RevokeBias done
Event: 714.181 Executing VM operation: G1CollectForAllocation
Event: 714.211 Executing VM operation: G1CollectForAllocation done


Dynamic libraries:
0x00007ff7f9ab0000 - 0x00007ff7f9aba000 	C:\Program Files\Android\Android Studio\jre\bin\java.exe
0x00007ffa91110000 - 0x00007ffa91305000 	C:\WINDOWS\SYSTEM32\ntdll.dll
0x00007ffa8f240000 - 0x00007ffa8f2fe000 	C:\WINDOWS\System32\KERNEL32.DLL
0x00007ffa8e910000 - 0x00007ffa8ebd8000 	C:\WINDOWS\System32\KERNELBASE.dll
0x00007ffa8ebe0000 - 0x00007ffa8ece0000 	C:\WINDOWS\System32\ucrtbase.dll
0x00007ffa7ffb0000 - 0x00007ffa7ffc7000 	C:\Program Files\Android\Android Studio\jre\bin\VCRUNTIME140.dll
0x00007ffa7ff90000 - 0x00007ffa7ffa9000 	C:\Program Files\Android\Android Studio\jre\bin\jli.dll
0x00007ffa90e90000 - 0x00007ffa91031000 	C:\WINDOWS\System32\USER32.dll
0x00007ffa8f1c0000 - 0x00007ffa8f1e2000 	C:\WINDOWS\System32\win32u.dll
0x00007ffa910a0000 - 0x00007ffa910cb000 	C:\WINDOWS\System32\GDI32.dll
0x00007ffa8f020000 - 0x00007ffa8f12d000 	C:\WINDOWS\System32\gdi32full.dll
0x00007ffa80840000 - 0x00007ffa80ada000 	C:\WINDOWS\WinSxS\amd64_microsoft.windows.common-controls_6595b64144ccf1df_6.0.19041.1110_none_60b5254171f9507e\COMCTL32.dll
0x00007ffa8ef80000 - 0x00007ffa8f01d000 	C:\WINDOWS\System32\msvcp_win.dll
0x00007ffa90810000 - 0x00007ffa908ae000 	C:\WINDOWS\System32\msvcrt.dll
0x00007ffa90e60000 - 0x00007ffa90e90000 	C:\WINDOWS\System32\IMM32.DLL
0x00007ffa80580000 - 0x00007ffa805b0000 	C:\PROGRA~1\BULLGU~1\BULLGU~1\BgAgent.dll
0x00007ffa8f460000 - 0x00007ffa8f50c000 	C:\WINDOWS\System32\ADVAPI32.dll
0x00007ffa8f6e0000 - 0x00007ffa8f77b000 	C:\WINDOWS\System32\sechost.dll
0x00007ffa908b0000 - 0x00007ffa909da000 	C:\WINDOWS\System32\RPCRT4.dll
0x00007ffa76e80000 - 0x00007ffa76f1d000 	C:\Program Files\Android\Android Studio\jre\bin\msvcp140.dll
0x00007ffa5ff80000 - 0x00007ffa60a4f000 	C:\Program Files\Android\Android Studio\jre\bin\server\jvm.dll
0x00007ffa8f450000 - 0x00007ffa8f458000 	C:\WINDOWS\System32\PSAPI.DLL
0x00007ffa84050000 - 0x00007ffa8405a000 	C:\WINDOWS\SYSTEM32\VERSION.dll
0x00007ffa80af0000 - 0x00007ffa80b17000 	C:\WINDOWS\SYSTEM32\WINMM.dll
0x00007ffa75990000 - 0x00007ffa75999000 	C:\WINDOWS\SYSTEM32\WSOCK32.dll
0x00007ffa90570000 - 0x00007ffa905db000 	C:\WINDOWS\System32\WS2_32.dll
0x00007ffa8d440000 - 0x00007ffa8d452000 	C:\WINDOWS\SYSTEM32\kernel.appcore.dll
0x00007ffa5f040000 - 0x00007ffa5f051000 	C:\Program Files\Android\Android Studio\jre\bin\verify.dll
0x00007ffa78750000 - 0x00007ffa78934000 	C:\WINDOWS\SYSTEM32\DBGHELP.DLL
0x00007ffa78720000 - 0x00007ffa7874c000 	C:\WINDOWS\SYSTEM32\dbgcore.DLL
0x00007ffa8f130000 - 0x00007ffa8f1b2000 	C:\WINDOWS\System32\bcryptPrimitives.dll
0x00007ffa5cd70000 - 0x00007ffa5cd99000 	C:\Program Files\Android\Android Studio\jre\bin\java.dll
0x00007ffa63850000 - 0x00007ffa6385b000 	C:\Program Files\Android\Android Studio\jre\bin\jimage.dll
0x00007ffa5ca90000 - 0x00007ffa5caa8000 	C:\Program Files\Android\Android Studio\jre\bin\zip.dll
0x00007ffa8f780000 - 0x00007ffa8fec4000 	C:\WINDOWS\System32\SHELL32.dll
0x00007ffa8c7d0000 - 0x00007ffa8cf64000 	C:\WINDOWS\SYSTEM32\windows.storage.dll
0x00007ffa8fed0000 - 0x00007ffa90225000 	C:\WINDOWS\System32\combase.dll
0x00007ffa8e360000 - 0x00007ffa8e38e000 	C:\WINDOWS\SYSTEM32\Wldp.dll
0x00007ffa90690000 - 0x00007ffa9073d000 	C:\WINDOWS\System32\SHCORE.dll
0x00007ffa91040000 - 0x00007ffa91095000 	C:\WINDOWS\System32\shlwapi.dll
0x00007ffa8e850000 - 0x00007ffa8e86f000 	C:\WINDOWS\SYSTEM32\profapi.dll
0x00007ffa725f0000 - 0x00007ffa7260a000 	C:\Program Files\Android\Android Studio\jre\bin\net.dll
0x00007ffa802f0000 - 0x00007ffa803fc000 	C:\WINDOWS\SYSTEM32\WINHTTP.dll
0x00007ffa8e0c0000 - 0x00007ffa8e12a000 	C:\WINDOWS\system32\mswsock.dll
0x00007ffa725d0000 - 0x00007ffa725e4000 	C:\Program Files\Android\Android Studio\jre\bin\nio.dll
0x00007ffa80110000 - 0x00007ffa80137000 	C:\Users\danie\.gradle\native\8bec1ad78214c89d9ad589b4d07fe93259594b29d510b10fafb7a158f7737e5d\windows-amd64\native-platform.dll
0x00007ffa7ffd0000 - 0x00007ffa8010d000 	C:\Users\danie\.gradle\native\53dbd7edfb1c66fb8903c78663c9afc45aea4f116125fa6feffd364cf09443e8\windows-amd64\native-platform-file-events.dll
0x00007ffa8b8b0000 - 0x00007ffa8b8ba000 	C:\Program Files\Android\Android Studio\jre\bin\management.dll
0x00007ffa769c0000 - 0x00007ffa769cc000 	C:\Program Files\Android\Android Studio\jre\bin\management_ext.dll
0x00007ffa8e2b0000 - 0x00007ffa8e2c8000 	C:\WINDOWS\SYSTEM32\CRYPTSP.dll
0x00007ffa8d9d0000 - 0x00007ffa8da04000 	C:\WINDOWS\system32\rsaenh.dll
0x00007ffa8ed40000 - 0x00007ffa8ed67000 	C:\WINDOWS\System32\bcrypt.dll
0x00007ffa8e810000 - 0x00007ffa8e83e000 	C:\WINDOWS\SYSTEM32\USERENV.dll
0x00007ffa8e2d0000 - 0x00007ffa8e2dc000 	C:\WINDOWS\SYSTEM32\CRYPTBASE.dll
0x00007ffa8dd60000 - 0x00007ffa8dd9b000 	C:\WINDOWS\SYSTEM32\IPHLPAPI.DLL
0x00007ffa8f3e0000 - 0x00007ffa8f3e8000 	C:\WINDOWS\System32\NSI.dll
0x00007ffa82430000 - 0x00007ffa82447000 	C:\WINDOWS\SYSTEM32\dhcpcsvc6.DLL
0x00007ffa84eb0000 - 0x00007ffa84ecd000 	C:\WINDOWS\SYSTEM32\dhcpcsvc.DLL
0x00007ffa8ddb0000 - 0x00007ffa8de7b000 	C:\WINDOWS\SYSTEM32\DNSAPI.dll
0x00007ffa60c50000 - 0x00007ffa60c77000 	C:\Program Files\Android\Android Studio\jre\bin\sunec.dll

dbghelp: loaded successfully - version: 4.0.5 - missing functions: none
symbol engine: initialized successfully - sym options: 0x614 - pdb path: .;C:\Program Files\Android\Android Studio\jre\bin;C:\WINDOWS\SYSTEM32;C:\WINDOWS\WinSxS\amd64_microsoft.windows.common-controls_6595b64144ccf1df_6.0.19041.1110_none_60b5254171f9507e;C:\PROGRA~1\BULLGU~1\BULLGU~1;C:\Program Files\Android\Android Studio\jre\bin\server;C:\Users\danie\.gradle\native\8bec1ad78214c89d9ad589b4d07fe93259594b29d510b10fafb7a158f7737e5d\windows-amd64;C:\Users\danie\.gradle\native\53dbd7edfb1c66fb8903c78663c9afc45aea4f116125fa6feffd364cf09443e8\windows-amd64

VM Arguments:
jvm_args: --add-opens=java.base/java.util=ALL-UNNAMED --add-opens=java.base/java.lang=ALL-UNNAMED --add-opens=java.base/java.lang.invoke=ALL-UNNAMED --add-opens=java.base/java.util=ALL-UNNAMED --add-opens=java.prefs/java.util.prefs=ALL-UNNAMED --add-opens=java.prefs/java.util.prefs=ALL-UNNAMED --add-opens=java.base/java.nio.charset=ALL-UNNAMED --add-opens=java.base/java.net=ALL-UNNAMED --add-opens=java.base/java.util.concurrent.atomic=ALL-UNNAMED -Xmx2048m -Dfile.encoding=UTF-8 -Duser.country=US -Duser.language=en -Duser.variant 
java_command: org.gradle.launcher.daemon.bootstrap.GradleDaemon 7.0.2
java_class_path (initial): C:\Users\danie\.gradle\wrapper\dists\gradle-7.0.2-bin\857tjihv64xamwrf0h14cai3r\gradle-7.0.2\lib\gradle-launcher-7.0.2.jar
Launcher Type: SUN_STANDARD

[Global flags]
     intx CICompilerCount                          = 3                                         {product} {ergonomic}
     uint ConcGCThreads                            = 1                                         {product} {ergonomic}
     uint G1ConcRefinementThreads                  = 4                                         {product} {ergonomic}
   size_t G1HeapRegionSize                         = 1048576                                   {product} {ergonomic}
    uintx GCDrainStackTargetSize                   = 64                                        {product} {ergonomic}
   size_t InitialHeapSize                          = 134217728                                 {product} {ergonomic}
   size_t MarkStackSize                            = 4194304                                   {product} {ergonomic}
   size_t MaxHeapSize                              = 2147483648                                {product} {command line}
   size_t MaxNewSize                               = 1287651328                                {product} {ergonomic}
   size_t MinHeapDeltaBytes                        = 1048576                                   {product} {ergonomic}
    uintx NonNMethodCodeHeapSize                   = 5830732                                {pd product} {ergonomic}
    uintx NonProfiledCodeHeapSize                  = 122913754                              {pd product} {ergonomic}
    uintx ProfiledCodeHeapSize                     = 122913754                              {pd product} {ergonomic}
    uintx ReservedCodeCacheSize                    = 251658240                              {pd product} {ergonomic}
     bool SegmentedCodeCache                       = true                                      {product} {ergonomic}
     bool UseCompressedClassPointers               = true                                 {lp64_product} {ergonomic}
     bool UseCompressedOops                        = true                                 {lp64_product} {ergonomic}
     bool UseG1GC                                  = true                                      {product} {ergonomic}
     bool UseLargePagesIndividualAllocation        = false                                  {pd product} {ergonomic}

Logging:
Log output configuration:
 #0: stdout all=warning uptime,level,tags
 #1: stderr all=off uptime,level,tags

Environment Variables:
PATH=C:\Program Files (x86)\Common Files\Oracle\Java\javapath;C:\WINDOWS\system32;C:\WINDOWS;C:\WINDOWS\System32\Wbem;C:\WINDOWS\System32\WindowsPowerShell\v1.0\;C:\WINDOWS\System32\OpenSSH\;C:\WINDOWS\system32\config\systemprofile\.dnx\bin;C:\Program Files\Microsoft DNX\Dnvm\;C:\Program Files\Microsoft SQL Server\120\Tools\Binn\;C:\Program Files\Git\cmd;C:\Users\danie\AppData\Local\Microsoft\WindowsApps;C:\Users\danie\AppData\Local\Programs\Microsoft VS Code\bin;C:\Users\danie\AppData\Local\atom\bin
USERNAME=danie
OS=Windows_NT
PROCESSOR_IDENTIFIER=Intel64 Family 6 Model 69 Stepping 1, GenuineIntel



---------------  S Y S T E M  ---------------

OS: Windows 10 , 64 bit Build 19041 (10.0.19041.1348)
OS uptime: 0 days 2:42 hours

CPU:total 4 (initial active 4) (2 cores per cpu, 2 threads per core) family 6 model 69 stepping 1 microcode 0x25, cmov, cx8, fxsr, mmx, sse, sse2, sse3, ssse3, sse4.1, sse4.2, popcnt, avx, avx2, aes, clmul, erms, lzcnt, ht, tsc, tscinvbit, bmi1, bmi2, fma

Memory: 4k page, system-wide physical 8097M (1241M free)
TotalPageFile size 12407M (AvailPageFile size 2313M)
current process WorkingSet (physical memory assigned to process): 603M, peak: 617M
current process commit charge ("private bytes"): 637M, peak: 650M

vm_info: OpenJDK 64-Bit Server VM (11.0.10+0-b96-7249189) for windows-amd64 JRE (11.0.10+0-b96-7249189), built on Mar 31 2021 21:44:00 by "builder" with MS VC++ 14.0 (VS2015)

END.
