#
# A fatal error has been detected by the Java Runtime Environment:
#
#  EXCEPTION_ACCESS_VIOLATION (0xc0000005) at pc=0x000005962633de40, pid=9424, tid=13652
#
# JRE version: OpenJDK Runtime Environment (11.0.10) (build 11.0.10+0-b96-7249189)
# Java VM: OpenJDK 64-Bit Server VM (11.0.10+0-b96-7249189, mixed mode, tiered, compressed oops, g1 gc, windows-amd64)
# Problematic frame:
# C  0x000005962633de40
#
# No core dump will be written. Minidumps are not enabled by default on client versions of Windows
#
# If you would like to submit a bug report, please visit:
#   https://bugreport.java.com/bugreport/crash.jsp
#

---------------  S U M M A R Y ------------

Command Line: --add-opens=java.base/java.util=ALL-UNNAMED --add-opens=java.base/java.lang=ALL-UNNAMED --add-opens=java.base/java.lang.invoke=ALL-UNNAMED --add-opens=java.base/java.util=ALL-UNNAMED --add-opens=java.prefs/java.util.prefs=ALL-UNNAMED --add-opens=java.prefs/java.util.prefs=ALL-UNNAMED --add-opens=java.base/java.nio.charset=ALL-UNNAMED --add-opens=java.base/java.net=ALL-UNNAMED --add-opens=java.base/java.util.concurrent.atomic=ALL-UNNAMED -Xmx2048m -Dfile.encoding=UTF-8 -Duser.country=US -Duser.language=en -Duser.variant org.gradle.launcher.daemon.bootstrap.GradleDaemon 7.0.2

Host: Intel(R) Core(TM) i5-4210U CPU @ 1.70GHz, 4 cores, 7G,  Windows 10 , 64 bit Build 19041 (10.0.19041.1348)
Time: Wed Mar  2 20:43:57 2022 China Standard Time elapsed time: 23.025754 seconds (0d 0h 0m 23s)

---------------  T H R E A D  ---------------

Current thread (0x000001963e0fa800):  JavaThread "Daemon worker" [_thread_in_Java, id=13652, stack(0x0000001623900000,0x0000001623a00000)]

Stack: [0x0000001623900000,0x0000001623a00000],  sp=0x00000016239f9ec8,  free space=999k
Native frames: (J=compiled Java code, j=interpreted, Vv=VM code, C=native code)
C  0x000005962633de40


siginfo: EXCEPTION_ACCESS_VIOLATION (0xc0000005), data execution prevention violation at address 0x000005962633de40


Register to memory mapping:

RIP=0x000005962633de40 is an unknown value
RAX=0x0 is NULL
RBX={method} {0x0000019649149670} 'access$1802' '(Lcom/sun/xml/bind/v2/runtime/unmarshaller/UnmarshallingContext;Ljava/lang/Object;)Ljava/lang/Object;' in 'com/sun/xml/bind/v2/runtime/unmarshaller/UnmarshallingContext'
RCX=0x000001964914e898 is pointing into metadata
RDX=0x0000019626339e40 is at code_begin+1664 in an Interpreter codelet
invoke return entry points  [0x00000196263397c0, 0x000001962633a1a0]  2528 bytes
RSP=0x00000016239f9ec8 is pointing into the stack for thread: 0x000001963e0fa800
RBP=0x00000016239f9f28 is pointing into the stack for thread: 0x000001963e0fa800
RSI=0x00000000801da998 is an oop: java.lang.Thread 
{0x00000000801da998} - klass: 'java/lang/Thread'
RDI=0x0000000100025488 is a pointer to class: 
java.lang.ThreadLocal {0x0000000100025490}
R8 =0x0000000000000008 is an unknown value
R9 =0x000001963eeee2e0 points into unknown readable memory: 0x000000f000000003 | 03 00 00 00 f0 00 00 00
R10=0x00007ffa60994f40 jvm.dll
R11=0x00000016239f9c30 is pointing into the stack for thread: 0x000001963e0fa800
R12=0x0 is NULL
R13=0x00000016239f9ed0 is pointing into the stack for thread: 0x000001963e0fa800
R14=0x00000016239f9f48 is pointing into the stack for thread: 0x000001963e0fa800
R15=0x000001963e0fa800 is a thread


Registers:
RAX=0x0000000000000000, RBX=0x0000019649149668, RCX=0x000001964914e898, RDX=0x0000019626339e40
RSP=0x00000016239f9ec8, RBP=0x00000016239f9f28, RSI=0x00000000801da998, RDI=0x0000000100025488
R8 =0x0000000000000008, R9 =0x000001963eeee2e0, R10=0x00007ffa60994f40, R11=0x00000016239f9c30
R12=0x0000000000000000, R13=0x00000016239f9ed0, R14=0x00000016239f9f48, R15=0x000001963e0fa800
RIP=0x000005962633de40, EFLAGS=0x0000000000010246

Top of Stack: (sp=0x00000016239f9ec8)
0x00000016239f9ec8:   0000019626339e40 000000008966e7b0
0x00000016239f9ed8:   00000000897ee7c8 00000016239f9ee0
0x00000016239f9ee8:   000001964914b6ab 00000016239f9f48
0x00000016239f9ef8:   000001964914e898 0000000000000000
0x00000016239f9f08:   00000000897cc970 000001964914b6e8
0x00000016239f9f18:   00000016239f9ed0 00000016239f9f38
0x00000016239f9f28:   00000016239f9f98 000001962633a108
0x00000016239f9f38:   000000008966e7b0 0000000089604fc0
0x00000016239f9f48:   00000000897ee7a8 00000016239f9f50
0x00000016239f9f58:   000001964914686d 00000016239f9fd8
0x00000016239f9f68:   000001964914c768 0000000000000000
0x00000016239f9f78:   00000000897c30d8 0000019649146900
0x00000016239f9f88:   00000016239f9f38 00000016239f9fd0
0x00000016239f9f98:   00000016239fa028 000001962633a108
0x00000016239f9fa8:   0000000000000000 000000008972cfd0
0x00000016239f9fb8:   00000000897ee7a8 000000008966e7b0 

Instructions: (pc=0x000005962633de40)
0x000005962633dd40:   ?? ?? ?? ?? ?? ?? ?? ?? ?? ?? ?? ?? ?? ?? ?? ??
0x000005962633dd50:   ?? ?? ?? ?? ?? ?? ?? ?? ?? ?? ?? ?? ?? ?? ?? ??
0x000005962633dd60:   ?? ?? ?? ?? ?? ?? ?? ?? ?? ?? ?? ?? ?? ?? ?? ??
0x000005962633dd70:   ?? ?? ?? ?? ?? ?? ?? ?? ?? ?? ?? ?? ?? ?? ?? ??
0x000005962633dd80:   ?? ?? ?? ?? ?? ?? ?? ?? ?? ?? ?? ?? ?? ?? ?? ??
0x000005962633dd90:   ?? ?? ?? ?? ?? ?? ?? ?? ?? ?? ?? ?? ?? ?? ?? ??
0x000005962633dda0:   ?? ?? ?? ?? ?? ?? ?? ?? ?? ?? ?? ?? ?? ?? ?? ??
0x000005962633ddb0:   ?? ?? ?? ?? ?? ?? ?? ?? ?? ?? ?? ?? ?? ?? ?? ??
0x000005962633ddc0:   ?? ?? ?? ?? ?? ?? ?? ?? ?? ?? ?? ?? ?? ?? ?? ??
0x000005962633ddd0:   ?? ?? ?? ?? ?? ?? ?? ?? ?? ?? ?? ?? ?? ?? ?? ??
0x000005962633dde0:   ?? ?? ?? ?? ?? ?? ?? ?? ?? ?? ?? ?? ?? ?? ?? ??
0x000005962633ddf0:   ?? ?? ?? ?? ?? ?? ?? ?? ?? ?? ?? ?? ?? ?? ?? ??
0x000005962633de00:   ?? ?? ?? ?? ?? ?? ?? ?? ?? ?? ?? ?? ?? ?? ?? ??
0x000005962633de10:   ?? ?? ?? ?? ?? ?? ?? ?? ?? ?? ?? ?? ?? ?? ?? ??
0x000005962633de20:   ?? ?? ?? ?? ?? ?? ?? ?? ?? ?? ?? ?? ?? ?? ?? ??
0x000005962633de30:   ?? ?? ?? ?? ?? ?? ?? ?? ?? ?? ?? ?? ?? ?? ?? ??
0x000005962633de40:   ?? ?? ?? ?? ?? ?? ?? ?? ?? ?? ?? ?? ?? ?? ?? ??
0x000005962633de50:   ?? ?? ?? ?? ?? ?? ?? ?? ?? ?? ?? ?? ?? ?? ?? ??
0x000005962633de60:   ?? ?? ?? ?? ?? ?? ?? ?? ?? ?? ?? ?? ?? ?? ?? ??
0x000005962633de70:   ?? ?? ?? ?? ?? ?? ?? ?? ?? ?? ?? ?? ?? ?? ?? ??
0x000005962633de80:   ?? ?? ?? ?? ?? ?? ?? ?? ?? ?? ?? ?? ?? ?? ?? ??
0x000005962633de90:   ?? ?? ?? ?? ?? ?? ?? ?? ?? ?? ?? ?? ?? ?? ?? ??
0x000005962633dea0:   ?? ?? ?? ?? ?? ?? ?? ?? ?? ?? ?? ?? ?? ?? ?? ??
0x000005962633deb0:   ?? ?? ?? ?? ?? ?? ?? ?? ?? ?? ?? ?? ?? ?? ?? ??
0x000005962633dec0:   ?? ?? ?? ?? ?? ?? ?? ?? ?? ?? ?? ?? ?? ?? ?? ??
0x000005962633ded0:   ?? ?? ?? ?? ?? ?? ?? ?? ?? ?? ?? ?? ?? ?? ?? ??
0x000005962633dee0:   ?? ?? ?? ?? ?? ?? ?? ?? ?? ?? ?? ?? ?? ?? ?? ??
0x000005962633def0:   ?? ?? ?? ?? ?? ?? ?? ?? ?? ?? ?? ?? ?? ?? ?? ??
0x000005962633df00:   ?? ?? ?? ?? ?? ?? ?? ?? ?? ?? ?? ?? ?? ?? ?? ??
0x000005962633df10:   ?? ?? ?? ?? ?? ?? ?? ?? ?? ?? ?? ?? ?? ?? ?? ??
0x000005962633df20:   ?? ?? ?? ?? ?? ?? ?? ?? ?? ?? ?? ?? ?? ?? ?? ??
0x000005962633df30:   ?? ?? ?? ?? ?? ?? ?? ?? ?? ?? ?? ?? ?? ?? ?? ?? 


Stack slot to memory mapping:
stack at sp + 0 slots: 0x0000019626339e40 is at code_begin+1664 in an Interpreter codelet
invoke return entry points  [0x00000196263397c0, 0x000001962633a1a0]  2528 bytes
stack at sp + 1 slots: 0x000000008966e7b0 is an oop: javax.xml.bind.JAXBElement 
{0x000000008966e7b0} - klass: 'javax/xml/bind/JAXBElement'
stack at sp + 2 slots: 0x00000000897ee7c8 is an oop: com.sun.xml.bind.v2.runtime.unmarshaller.UnmarshallingContext 
{0x00000000897ee7c8} - klass: 'com/sun/xml/bind/v2/runtime/unmarshaller/UnmarshallingContext'
stack at sp + 3 slots: 0x00000016239f9ee0 is pointing into the stack for thread: 0x000001963e0fa800
stack at sp + 4 slots: 0x000001964914b6ab is pointing into metadata
stack at sp + 5 slots: 0x00000016239f9f48 is pointing into the stack for thread: 0x000001963e0fa800
stack at sp + 6 slots: 0x000001964914e898 is pointing into metadata
stack at sp + 7 slots: 0x0 is NULL


---------------  P R O C E S S  ---------------

Threads class SMR info:
_java_thread_list=0x000001963e03e1d0, length=43, elements={
0x0000019622842000, 0x000001963c415000, 0x000001963c41a800, 0x000001963c432000,
0x000001963c433000, 0x000001963c434000, 0x000001963c437800, 0x000001963c445000,
0x000001963c456800, 0x000001963cf00000, 0x000001963ec16000, 0x0000019640036800,
0x000001963f3db000, 0x000001963e591000, 0x000001963fab6800, 0x000001963de80800,
0x000001963e0fa800, 0x000001963f164800, 0x000001963db05800, 0x000001963c446800,
0x000001963c448000, 0x000001963c449800, 0x000001963c447800, 0x000001963c444000,
0x000001963c44a800, 0x000001963c445800, 0x000001963df8f800, 0x000001963df91000,
0x000001963df8b800, 0x000001963df92000, 0x000001963df8d000, 0x000001963df92800,
0x000001963df8e000, 0x000001963df93800, 0x000001963df97800, 0x000001963df97000,
0x000001963df98800, 0x000001963df95000, 0x000001963df96000, 0x000001963df99000,
0x000001963df9a000, 0x000001963c449000, 0x0000019641c03000
}

Java Threads: ( => current thread )
  0x0000019622842000 JavaThread "main" [_thread_blocked, id=1992, stack(0x0000001622000000,0x0000001622100000)]
  0x000001963c415000 JavaThread "Reference Handler" daemon [_thread_blocked, id=13900, stack(0x0000001622700000,0x0000001622800000)]
  0x000001963c41a800 JavaThread "Finalizer" daemon [_thread_blocked, id=13940, stack(0x0000001622800000,0x0000001622900000)]
  0x000001963c432000 JavaThread "Signal Dispatcher" daemon [_thread_blocked, id=14328, stack(0x0000001622900000,0x0000001622a00000)]
  0x000001963c433000 JavaThread "Attach Listener" daemon [_thread_blocked, id=3428, stack(0x0000001622a00000,0x0000001622b00000)]
  0x000001963c434000 JavaThread "Service Thread" daemon [_thread_blocked, id=6748, stack(0x0000001622b00000,0x0000001622c00000)]
  0x000001963c437800 JavaThread "C2 CompilerThread0" daemon [_thread_in_native, id=12320, stack(0x0000001622c00000,0x0000001622d00000)]
  0x000001963c445000 JavaThread "C1 CompilerThread0" daemon [_thread_blocked, id=14036, stack(0x0000001622d00000,0x0000001622e00000)]
  0x000001963c456800 JavaThread "Sweeper thread" daemon [_thread_blocked, id=12904, stack(0x0000001622e00000,0x0000001622f00000)]
  0x000001963cf00000 JavaThread "Common-Cleaner" daemon [_thread_blocked, id=12752, stack(0x0000001622f00000,0x0000001623000000)]
  0x000001963ec16000 JavaThread "Daemon health stats" [_thread_blocked, id=13196, stack(0x0000001623400000,0x0000001623500000)]
  0x0000019640036800 JavaThread "Incoming local TCP Connector on port 1144" [_thread_in_native, id=13136, stack(0x0000001623100000,0x0000001623200000)]
  0x000001963f3db000 JavaThread "Daemon periodic checks" [_thread_blocked, id=6912, stack(0x0000001623500000,0x0000001623600000)]
  0x000001963e591000 JavaThread "Daemon" [_thread_blocked, id=9736, stack(0x0000001623600000,0x0000001623700000)]
  0x000001963fab6800 JavaThread "Handler for socket connection from /127.0.0.1:1144 to /127.0.0.1:1146" [_thread_in_native, id=1468, stack(0x0000001623700000,0x0000001623800000)]
  0x000001963de80800 JavaThread "Cancel handler" [_thread_blocked, id=10744, stack(0x0000001623800000,0x0000001623900000)]
=>0x000001963e0fa800 JavaThread "Daemon worker" [_thread_in_Java, id=13652, stack(0x0000001623900000,0x0000001623a00000)]
  0x000001963f164800 JavaThread "Asynchronous log dispatcher for DefaultDaemonConnection: socket connection from /127.0.0.1:1144 to /127.0.0.1:1146" [_thread_blocked, id=8604, stack(0x0000001623a00000,0x0000001623b00000)]
  0x000001963db05800 JavaThread "Stdin handler" [_thread_blocked, id=1680, stack(0x0000001623b00000,0x0000001623c00000)]
  0x000001963c446800 JavaThread "Daemon client event forwarder" [_thread_blocked, id=13224, stack(0x0000001623c00000,0x0000001623d00000)]
  0x000001963c448000 JavaThread "Cache worker for file hash cache (C:\Users\danie\.gradle\caches\7.0.2\fileHashes)" [_thread_blocked, id=2688, stack(0x0000001623d00000,0x0000001623e00000)]
  0x000001963c449800 JavaThread "File lock request listener" [_thread_in_native, id=11176, stack(0x0000001623e00000,0x0000001623f00000)]
  0x000001963c447800 JavaThread "Cache worker for journal cache (C:\Users\danie\.gradle\caches\journal-1)" [_thread_blocked, id=9912, stack(0x0000001624000000,0x0000001624100000)]
  0x000001963c444000 JavaThread "Cache worker for file hash cache (C:\Users\danie\OneDrive\Desktop\Androidproject\LenovoLaptops\.gradle\7.0.2\fileHashes)" [_thread_blocked, id=612, stack(0x0000001624200000,0x0000001624300000)]
  0x000001963c44a800 JavaThread "File watcher server" daemon [_thread_in_native, id=4796, stack(0x0000001624300000,0x0000001624400000)]
  0x000001963c445800 JavaThread "File watcher consumer" daemon [_thread_blocked, id=12268, stack(0x0000001624400000,0x0000001624500000)]
  0x000001963df8f800 JavaThread "Cache worker for checksums cache (C:\Users\danie\OneDrive\Desktop\Androidproject\LenovoLaptops\.gradle\checksums)" [_thread_blocked, id=13308, stack(0x0000001624500000,0x0000001624600000)]
  0x000001963df91000 JavaThread "Cache worker for cache directory md-supplier (C:\Users\danie\.gradle\caches\7.0.2\md-supplier)" [_thread_blocked, id=10024, stack(0x0000001624600000,0x0000001624700000)]
  0x000001963df8b800 JavaThread "Cache worker for cache directory md-rule (C:\Users\danie\.gradle\caches\7.0.2\md-rule)" [_thread_blocked, id=11008, stack(0x0000001624700000,0x0000001624800000)]
  0x000001963df92000 JavaThread "Cache worker for execution history cache (C:\Users\danie\.gradle\caches\7.0.2\executionHistory)" [_thread_blocked, id=2208, stack(0x0000001624800000,0x0000001624900000)]
  0x000001963df8d000 JavaThread "C2 CompilerThread1" daemon [_thread_in_native, id=3484, stack(0x0000001624100000,0x0000001624200000)]
  0x000001963df92800 JavaThread "jar transforms" [_thread_blocked, id=13040, stack(0x0000001624900000,0x0000001624a00000)]
  0x000001963df8e000 JavaThread "jar transforms Thread 2" [_thread_blocked, id=1328, stack(0x0000001624a00000,0x0000001624b00000)]
  0x000001963df93800 JavaThread "Cache worker for file content cache (C:\Users\danie\.gradle\caches\7.0.2\fileContent)" [_thread_blocked, id=7144, stack(0x0000001624b00000,0x0000001624c00000)]
  0x000001963df97800 JavaThread "Cache worker for dependencies-accessors (C:\Users\danie\OneDrive\Desktop\Androidproject\LenovoLaptops\.gradle\7.0.2\dependencies-accessors)" [_thread_blocked, id=10828, stack(0x0000001624c00000,0x0000001624d00000)]
  0x000001963df97000 JavaThread "jar transforms Thread 3" [_thread_blocked, id=10624, stack(0x0000001624d00000,0x0000001624e00000)]
  0x000001963df98800 JavaThread "Cache worker for Build Output Cleanup Cache (C:\Users\danie\OneDrive\Desktop\Androidproject\LenovoLaptops\.gradle\buildOutputCleanup)" [_thread_blocked, id=12772, stack(0x0000001624e00000,0x0000001624f00000)]
  0x000001963df95000 JavaThread "Build operations" [_thread_blocked, id=12064, stack(0x0000001624f00000,0x0000001625000000)]
  0x000001963df96000 JavaThread "Build operations Thread 2" [_thread_blocked, id=12876, stack(0x0000001625000000,0x0000001625100000)]
  0x000001963df99000 JavaThread "Build operations Thread 3" [_thread_blocked, id=6896, stack(0x0000001625100000,0x0000001625200000)]
  0x000001963df9a000 JavaThread "Build operations Thread 4" [_thread_blocked, id=9984, stack(0x0000001625200000,0x0000001625300000)]
  0x000001963c449000 JavaThread "jar transforms Thread 4" [_thread_blocked, id=11412, stack(0x0000001625300000,0x0000001625400000)]
  0x0000019641c03000 JavaThread "Memory manager" [_thread_blocked, id=8076, stack(0x0000001625400000,0x0000001625500000)]

Other Threads:
  0x000001963c411000 VMThread "VM Thread" [stack: 0x0000001622600000,0x0000001622700000] [id=8452]
  0x000001963cf17000 WatcherThread [stack: 0x0000001623000000,0x0000001623100000] [id=14184]
  0x000001962285b000 GCTaskThread "GC Thread#0" [stack: 0x0000001622100000,0x0000001622200000] [id=4764]
  0x000001963d6cb000 GCTaskThread "GC Thread#1" [stack: 0x0000001623200000,0x0000001623300000] [id=14192]
  0x000001963d6cb800 GCTaskThread "GC Thread#2" [stack: 0x0000001623300000,0x0000001623400000] [id=12868]
  0x000001963e28e800 GCTaskThread "GC Thread#3" [stack: 0x0000001623f00000,0x0000001624000000] [id=6920]
  0x000001962288d800 ConcurrentGCThread "G1 Main Marker" [stack: 0x0000001622200000,0x0000001622300000] [id=7828]
  0x000001962288e800 ConcurrentGCThread "G1 Conc#0" [stack: 0x0000001622300000,0x0000001622400000] [id=5828]
  0x000001962291d000 ConcurrentGCThread "G1 Refine#0" [stack: 0x0000001622400000,0x0000001622500000] [id=11528]
  0x000001962291e800 ConcurrentGCThread "G1 Young RemSet Sampling" [stack: 0x0000001622500000,0x0000001622600000] [id=7060]

Threads with active compile tasks:
C2 CompilerThread0  23178 6944       4       sun.reflect.generics.parser.SignatureParser::parseClassTypeSignature (118 bytes)
C2 CompilerThread1  23178 6950       4       java.util.HashMap::putVal (300 bytes)

VM state:not at safepoint (normal execution)

VM Mutex/Monitor currently owned by a thread: None

Heap address: 0x0000000080000000, size: 2048 MB, Compressed Oops mode: 32-bit
Narrow klass base: 0x0000000000000000, Narrow klass shift: 3
Compressed class space size: 1073741824 Address: 0x0000000100000000

Heap:
 garbage-first heap   total 189440K, used 91227K [0x0000000080000000, 0x0000000100000000)
  region size 1024K, 41 young (41984K), 5 survivors (5120K)
 Metaspace       used 75038K, capacity 76793K, committed 77064K, reserved 1116160K
  class space    used 9789K, capacity 10424K, committed 10496K, reserved 1048576K
Heap Regions: E=young(eden), S=young(survivor), O=old, HS=humongous(starts), HC=humongous(continues), CS=collection set, F=free, A=archive, TAMS=top-at-mark-start (previous, next)
|   0|0x0000000080000000, 0x0000000080100000, 0x0000000080100000|100%| O|  |TAMS 0x0000000080100000, 0x0000000080000000| Untracked 
|   1|0x0000000080100000, 0x0000000080200000, 0x0000000080200000|100%| O|  |TAMS 0x0000000080200000, 0x0000000080100000| Untracked 
|   2|0x0000000080200000, 0x0000000080300000, 0x0000000080300000|100%| O|  |TAMS 0x0000000080300000, 0x0000000080200000| Untracked 
|   3|0x0000000080300000, 0x0000000080400000, 0x0000000080400000|100%|HS|  |TAMS 0x0000000080400000, 0x0000000080300000| Complete 
|   4|0x0000000080400000, 0x0000000080500000, 0x0000000080500000|100%|HC|  |TAMS 0x0000000080500000, 0x0000000080400000| Complete 
|   5|0x0000000080500000, 0x0000000080600000, 0x0000000080600000|100%|HC|  |TAMS 0x0000000080600000, 0x0000000080500000| Complete 
|   6|0x0000000080600000, 0x0000000080700000, 0x0000000080700000|100%| O|  |TAMS 0x0000000080700000, 0x0000000080600000| Untracked 
|   7|0x0000000080700000, 0x0000000080800000, 0x0000000080800000|100%| O|  |TAMS 0x0000000080800000, 0x0000000080700000| Untracked 
|   8|0x0000000080800000, 0x0000000080900000, 0x0000000080900000|100%| O|  |TAMS 0x0000000080900000, 0x0000000080800000| Untracked 
|   9|0x0000000080900000, 0x0000000080a00000, 0x0000000080a00000|100%| O|  |TAMS 0x0000000080a00000, 0x0000000080900000| Untracked 
|  10|0x0000000080a00000, 0x0000000080b00000, 0x0000000080b00000|100%| O|  |TAMS 0x0000000080b00000, 0x0000000080a00000| Untracked 
|  11|0x0000000080b00000, 0x0000000080c00000, 0x0000000080c00000|100%| O|  |TAMS 0x0000000080c00000, 0x0000000080b00000| Untracked 
|  12|0x0000000080c00000, 0x0000000080d00000, 0x0000000080d00000|100%| O|  |TAMS 0x0000000080d00000, 0x0000000080c00000| Untracked 
|  13|0x0000000080d00000, 0x0000000080e00000, 0x0000000080e00000|100%| O|  |TAMS 0x0000000080e00000, 0x0000000080d00000| Untracked 
|  14|0x0000000080e00000, 0x0000000080f00000, 0x0000000080f00000|100%| O|  |TAMS 0x0000000080f00000, 0x0000000080e00000| Untracked 
|  15|0x0000000080f00000, 0x0000000081000000, 0x0000000081000000|100%| O|  |TAMS 0x0000000081000000, 0x0000000080f00000| Untracked 
|  16|0x0000000081000000, 0x0000000081100000, 0x0000000081100000|100%| O|  |TAMS 0x0000000081100000, 0x0000000081000000| Untracked 
|  17|0x0000000081100000, 0x0000000081200000, 0x0000000081200000|100%|HS|  |TAMS 0x0000000081200000, 0x0000000081100000| Complete 
|  18|0x0000000081200000, 0x0000000081300000, 0x0000000081300000|100%| O|  |TAMS 0x0000000081300000, 0x0000000081200000| Untracked 
|  19|0x0000000081300000, 0x0000000081400000, 0x0000000081400000|100%| O|  |TAMS 0x0000000081400000, 0x0000000081300000| Untracked 
|  20|0x0000000081400000, 0x0000000081500000, 0x0000000081500000|100%| O|  |TAMS 0x0000000081500000, 0x0000000081400000| Untracked 
|  21|0x0000000081500000, 0x0000000081600000, 0x0000000081600000|100%| O|  |TAMS 0x0000000081600000, 0x0000000081500000| Untracked 
|  22|0x0000000081600000, 0x0000000081700000, 0x0000000081700000|100%| O|  |TAMS 0x0000000081700000, 0x0000000081600000| Untracked 
|  23|0x0000000081700000, 0x0000000081800000, 0x0000000081800000|100%|HS|  |TAMS 0x0000000081800000, 0x0000000081700000| Complete 
|  24|0x0000000081800000, 0x0000000081900000, 0x0000000081900000|100%|HS|  |TAMS 0x0000000081900000, 0x0000000081800000| Complete 
|  25|0x0000000081900000, 0x0000000081a00000, 0x0000000081a00000|100%|HC|  |TAMS 0x0000000081a00000, 0x0000000081900000| Complete 
|  26|0x0000000081a00000, 0x0000000081b00000, 0x0000000081b00000|100%| O|  |TAMS 0x0000000081b00000, 0x0000000081a00000| Untracked 
|  27|0x0000000081b00000, 0x0000000081c00000, 0x0000000081c00000|100%| O|  |TAMS 0x0000000081c00000, 0x0000000081b00000| Untracked 
|  28|0x0000000081c00000, 0x0000000081d00000, 0x0000000081d00000|100%| O|  |TAMS 0x0000000081d00000, 0x0000000081c00000| Untracked 
|  29|0x0000000081d00000, 0x0000000081e00000, 0x0000000081e00000|100%| O|  |TAMS 0x0000000081e00000, 0x0000000081d00000| Untracked 
|  30|0x0000000081e00000, 0x0000000081f00000, 0x0000000081f00000|100%| O|  |TAMS 0x0000000081f00000, 0x0000000081e00000| Untracked 
|  31|0x0000000081f00000, 0x0000000082000000, 0x0000000082000000|100%| O|  |TAMS 0x0000000082000000, 0x0000000081f00000| Untracked 
|  32|0x0000000082000000, 0x0000000082100000, 0x0000000082100000|100%| O|  |TAMS 0x0000000082100000, 0x0000000082000000| Untracked 
|  33|0x0000000082100000, 0x0000000082200000, 0x0000000082200000|100%| O|  |TAMS 0x0000000082200000, 0x0000000082100000| Untracked 
|  34|0x0000000082200000, 0x0000000082300000, 0x0000000082300000|100%| O|  |TAMS 0x0000000082300000, 0x0000000082200000| Untracked 
|  35|0x0000000082300000, 0x0000000082400000, 0x0000000082400000|100%| O|  |TAMS 0x0000000082400000, 0x0000000082300000| Untracked 
|  36|0x0000000082400000, 0x0000000082500000, 0x0000000082500000|100%| O|  |TAMS 0x0000000082500000, 0x0000000082400000| Untracked 
|  37|0x0000000082500000, 0x0000000082600000, 0x0000000082600000|100%| O|  |TAMS 0x0000000082600000, 0x0000000082500000| Untracked 
|  38|0x0000000082600000, 0x0000000082700000, 0x0000000082700000|100%| O|  |TAMS 0x0000000082700000, 0x0000000082600000| Untracked 
|  39|0x0000000082700000, 0x0000000082800000, 0x0000000082800000|100%| O|  |TAMS 0x0000000082800000, 0x0000000082700000| Untracked 
|  40|0x0000000082800000, 0x0000000082900000, 0x0000000082900000|100%| O|  |TAMS 0x0000000082900000, 0x0000000082800000| Untracked 
|  41|0x0000000082900000, 0x0000000082a00000, 0x0000000082a00000|100%| O|  |TAMS 0x0000000082a00000, 0x0000000082900000| Untracked 
|  42|0x0000000082a00000, 0x0000000082b00000, 0x0000000082b00000|100%| O|  |TAMS 0x0000000082a39600, 0x0000000082a00000| Untracked 
|  43|0x0000000082b00000, 0x0000000082c00000, 0x0000000082c00000|100%| O|  |TAMS 0x0000000082b00000, 0x0000000082b00000| Untracked 
|  44|0x0000000082c00000, 0x0000000082d00000, 0x0000000082d00000|100%| O|  |TAMS 0x0000000082c00000, 0x0000000082c00000| Untracked 
|  45|0x0000000082d00000, 0x0000000082e00000, 0x0000000082e00000|100%| O|  |TAMS 0x0000000082d00000, 0x0000000082d00000| Untracked 
|  46|0x0000000082e00000, 0x0000000082f00000, 0x0000000082f00000|100%| O|  |TAMS 0x0000000082e00000, 0x0000000082e00000| Untracked 
|  47|0x0000000082f00000, 0x0000000083000000, 0x0000000083000000|100%| O|  |TAMS 0x0000000082f00000, 0x0000000082f00000| Untracked 
|  48|0x0000000083000000, 0x0000000083100000, 0x0000000083100000|100%| O|  |TAMS 0x0000000083000000, 0x0000000083000000| Untracked 
|  49|0x0000000083100000, 0x000000008312d400, 0x0000000083200000| 17%| O|  |TAMS 0x0000000083100000, 0x0000000083100000| Untracked 
|  50|0x0000000083200000, 0x0000000083200000, 0x0000000083300000|  0%| F|  |TAMS 0x0000000083200000, 0x0000000083200000| Untracked 
|  51|0x0000000083300000, 0x0000000083300000, 0x0000000083400000|  0%| F|  |TAMS 0x0000000083300000, 0x0000000083300000| Untracked 
|  52|0x0000000083400000, 0x0000000083400000, 0x0000000083500000|  0%| F|  |TAMS 0x0000000083400000, 0x0000000083400000| Untracked 
|  53|0x0000000083500000, 0x0000000083500000, 0x0000000083600000|  0%| F|  |TAMS 0x0000000083500000, 0x0000000083500000| Untracked 
|  54|0x0000000083600000, 0x0000000083600000, 0x0000000083700000|  0%| F|  |TAMS 0x0000000083600000, 0x0000000083600000| Untracked 
|  55|0x0000000083700000, 0x0000000083700000, 0x0000000083800000|  0%| F|  |TAMS 0x0000000083700000, 0x0000000083700000| Untracked 
|  56|0x0000000083800000, 0x0000000083800000, 0x0000000083900000|  0%| F|  |TAMS 0x0000000083800000, 0x0000000083800000| Untracked 
|  57|0x0000000083900000, 0x0000000083900000, 0x0000000083a00000|  0%| F|  |TAMS 0x0000000083900000, 0x0000000083900000| Untracked 
|  58|0x0000000083a00000, 0x0000000083a00000, 0x0000000083b00000|  0%| F|  |TAMS 0x0000000083a00000, 0x0000000083a00000| Untracked 
|  59|0x0000000083b00000, 0x0000000083b00000, 0x0000000083c00000|  0%| F|  |TAMS 0x0000000083b00000, 0x0000000083b00000| Untracked 
|  60|0x0000000083c00000, 0x0000000083c00000, 0x0000000083d00000|  0%| F|  |TAMS 0x0000000083c00000, 0x0000000083c00000| Untracked 
|  61|0x0000000083d00000, 0x0000000083d00000, 0x0000000083e00000|  0%| F|  |TAMS 0x0000000083d00000, 0x0000000083d00000| Untracked 
|  62|0x0000000083e00000, 0x0000000083e00000, 0x0000000083f00000|  0%| F|  |TAMS 0x0000000083e00000, 0x0000000083e00000| Untracked 
|  63|0x0000000083f00000, 0x0000000083f00000, 0x0000000084000000|  0%| F|  |TAMS 0x0000000083f00000, 0x0000000083f00000| Untracked 
|  64|0x0000000084000000, 0x0000000084000000, 0x0000000084100000|  0%| F|  |TAMS 0x0000000084000000, 0x0000000084000000| Untracked 
|  65|0x0000000084100000, 0x0000000084100000, 0x0000000084200000|  0%| F|  |TAMS 0x0000000084100000, 0x0000000084100000| Untracked 
|  66|0x0000000084200000, 0x0000000084200000, 0x0000000084300000|  0%| F|  |TAMS 0x0000000084200000, 0x0000000084200000| Untracked 
|  67|0x0000000084300000, 0x0000000084300000, 0x0000000084400000|  0%| F|  |TAMS 0x0000000084300000, 0x0000000084300000| Untracked 
|  68|0x0000000084400000, 0x0000000084400000, 0x0000000084500000|  0%| F|  |TAMS 0x0000000084400000, 0x0000000084400000| Untracked 
|  69|0x0000000084500000, 0x0000000084500000, 0x0000000084600000|  0%| F|  |TAMS 0x0000000084500000, 0x0000000084500000| Untracked 
|  70|0x0000000084600000, 0x0000000084600000, 0x0000000084700000|  0%| F|  |TAMS 0x0000000084600000, 0x0000000084600000| Untracked 
|  71|0x0000000084700000, 0x0000000084700000, 0x0000000084800000|  0%| F|  |TAMS 0x0000000084700000, 0x0000000084700000| Untracked 
|  72|0x0000000084800000, 0x0000000084800000, 0x0000000084900000|  0%| F|  |TAMS 0x0000000084800000, 0x0000000084800000| Untracked 
|  73|0x0000000084900000, 0x0000000084900000, 0x0000000084a00000|  0%| F|  |TAMS 0x0000000084900000, 0x0000000084900000| Untracked 
|  74|0x0000000084a00000, 0x0000000084a00000, 0x0000000084b00000|  0%| F|  |TAMS 0x0000000084a00000, 0x0000000084a00000| Untracked 
|  75|0x0000000084b00000, 0x0000000084b00000, 0x0000000084c00000|  0%| F|  |TAMS 0x0000000084b00000, 0x0000000084b00000| Untracked 
|  76|0x0000000084c00000, 0x0000000084c00000, 0x0000000084d00000|  0%| F|  |TAMS 0x0000000084c00000, 0x0000000084c00000| Untracked 
|  77|0x0000000084d00000, 0x0000000084d00000, 0x0000000084e00000|  0%| F|  |TAMS 0x0000000084d00000, 0x0000000084d00000| Untracked 
|  78|0x0000000084e00000, 0x0000000084e00000, 0x0000000084f00000|  0%| F|  |TAMS 0x0000000084e00000, 0x0000000084e00000| Untracked 
|  79|0x0000000084f00000, 0x0000000084f00000, 0x0000000085000000|  0%| F|  |TAMS 0x0000000084f00000, 0x0000000084f00000| Untracked 
|  80|0x0000000085000000, 0x0000000085000000, 0x0000000085100000|  0%| F|  |TAMS 0x0000000085000000, 0x0000000085000000| Untracked 
|  81|0x0000000085100000, 0x0000000085100000, 0x0000000085200000|  0%| F|  |TAMS 0x0000000085100000, 0x0000000085100000| Untracked 
|  82|0x0000000085200000, 0x0000000085200000, 0x0000000085300000|  0%| F|  |TAMS 0x0000000085200000, 0x0000000085200000| Untracked 
|  83|0x0000000085300000, 0x0000000085300000, 0x0000000085400000|  0%| F|  |TAMS 0x0000000085300000, 0x0000000085300000| Untracked 
|  84|0x0000000085400000, 0x0000000085400000, 0x0000000085500000|  0%| F|  |TAMS 0x0000000085400000, 0x0000000085400000| Untracked 
|  85|0x0000000085500000, 0x0000000085500000, 0x0000000085600000|  0%| F|  |TAMS 0x0000000085500000, 0x0000000085500000| Untracked 
|  86|0x0000000085600000, 0x0000000085600000, 0x0000000085700000|  0%| F|  |TAMS 0x0000000085600000, 0x0000000085600000| Untracked 
|  87|0x0000000085700000, 0x0000000085700000, 0x0000000085800000|  0%| F|  |TAMS 0x0000000085700000, 0x0000000085700000| Untracked 
|  88|0x0000000085800000, 0x0000000085800000, 0x0000000085900000|  0%| F|  |TAMS 0x0000000085800000, 0x0000000085800000| Untracked 
|  89|0x0000000085900000, 0x0000000085900000, 0x0000000085a00000|  0%| F|  |TAMS 0x0000000085900000, 0x0000000085900000| Untracked 
|  90|0x0000000085a00000, 0x0000000085a00000, 0x0000000085b00000|  0%| F|  |TAMS 0x0000000085a00000, 0x0000000085a00000| Untracked 
|  91|0x0000000085b00000, 0x0000000085b00000, 0x0000000085c00000|  0%| F|  |TAMS 0x0000000085b00000, 0x0000000085b00000| Untracked 
|  92|0x0000000085c00000, 0x0000000085c00000, 0x0000000085d00000|  0%| F|  |TAMS 0x0000000085c00000, 0x0000000085c00000| Untracked 
|  93|0x0000000085d00000, 0x0000000085d00000, 0x0000000085e00000|  0%| F|  |TAMS 0x0000000085d00000, 0x0000000085d00000| Untracked 
|  94|0x0000000085e00000, 0x0000000085e00000, 0x0000000085f00000|  0%| F|  |TAMS 0x0000000085e00000, 0x0000000085e00000| Untracked 
|  95|0x0000000085f00000, 0x0000000085f00000, 0x0000000086000000|  0%| F|  |TAMS 0x0000000085f00000, 0x0000000085f00000| Untracked 
|  96|0x0000000086000000, 0x0000000086000000, 0x0000000086100000|  0%| F|  |TAMS 0x0000000086000000, 0x0000000086000000| Untracked 
|  97|0x0000000086100000, 0x0000000086100000, 0x0000000086200000|  0%| F|  |TAMS 0x0000000086100000, 0x0000000086100000| Untracked 
|  98|0x0000000086200000, 0x0000000086200000, 0x0000000086300000|  0%| F|  |TAMS 0x0000000086200000, 0x0000000086200000| Untracked 
|  99|0x0000000086300000, 0x0000000086300000, 0x0000000086400000|  0%| F|  |TAMS 0x0000000086300000, 0x0000000086300000| Untracked 
| 100|0x0000000086400000, 0x0000000086400000, 0x0000000086500000|  0%| F|  |TAMS 0x0000000086400000, 0x0000000086400000| Untracked 
| 101|0x0000000086500000, 0x0000000086500000, 0x0000000086600000|  0%| F|  |TAMS 0x0000000086500000, 0x0000000086500000| Untracked 
| 102|0x0000000086600000, 0x0000000086600000, 0x0000000086700000|  0%| F|  |TAMS 0x0000000086600000, 0x0000000086600000| Untracked 
| 103|0x0000000086700000, 0x0000000086700000, 0x0000000086800000|  0%| F|  |TAMS 0x0000000086700000, 0x0000000086700000| Untracked 
| 104|0x0000000086800000, 0x00000000868e9970, 0x0000000086900000| 91%| S|CS|TAMS 0x0000000086800000, 0x0000000086800000| Complete 
| 105|0x0000000086900000, 0x0000000086a00000, 0x0000000086a00000|100%| S|CS|TAMS 0x0000000086900000, 0x0000000086900000| Complete 
| 106|0x0000000086a00000, 0x0000000086b00000, 0x0000000086b00000|100%| S|CS|TAMS 0x0000000086a00000, 0x0000000086a00000| Complete 
| 107|0x0000000086b00000, 0x0000000086c00000, 0x0000000086c00000|100%| S|CS|TAMS 0x0000000086b00000, 0x0000000086b00000| Complete 
| 108|0x0000000086c00000, 0x0000000086c00000, 0x0000000086d00000|  0%| F|  |TAMS 0x0000000086c00000, 0x0000000086c00000| Untracked 
| 109|0x0000000086d00000, 0x0000000086d00000, 0x0000000086e00000|  0%| F|  |TAMS 0x0000000086d00000, 0x0000000086d00000| Untracked 
| 110|0x0000000086e00000, 0x0000000086e00000, 0x0000000086f00000|  0%| F|  |TAMS 0x0000000086e00000, 0x0000000086e00000| Untracked 
| 111|0x0000000086f00000, 0x0000000086f00000, 0x0000000087000000|  0%| F|  |TAMS 0x0000000086f00000, 0x0000000086f00000| Untracked 
| 112|0x0000000087000000, 0x0000000087000000, 0x0000000087100000|  0%| F|  |TAMS 0x0000000087000000, 0x0000000087000000| Untracked 
| 113|0x0000000087100000, 0x0000000087100000, 0x0000000087200000|  0%| F|  |TAMS 0x0000000087100000, 0x0000000087100000| Untracked 
| 114|0x0000000087200000, 0x0000000087200000, 0x0000000087300000|  0%| F|  |TAMS 0x0000000087200000, 0x0000000087200000| Untracked 
| 115|0x0000000087300000, 0x0000000087400000, 0x0000000087400000|100%| S|CS|TAMS 0x0000000087300000, 0x0000000087300000| Complete 
| 116|0x0000000087400000, 0x0000000087400000, 0x0000000087500000|  0%| F|  |TAMS 0x0000000087400000, 0x0000000087400000| Untracked 
| 117|0x0000000087500000, 0x0000000087500000, 0x0000000087600000|  0%| F|  |TAMS 0x0000000087500000, 0x0000000087500000| Untracked 
| 118|0x0000000087600000, 0x0000000087600000, 0x0000000087700000|  0%| F|  |TAMS 0x0000000087600000, 0x0000000087600000| Untracked 
| 119|0x0000000087700000, 0x0000000087700000, 0x0000000087800000|  0%| F|  |TAMS 0x0000000087700000, 0x0000000087700000| Untracked 
| 120|0x0000000087800000, 0x0000000087800000, 0x0000000087900000|  0%| F|  |TAMS 0x0000000087800000, 0x0000000087800000| Untracked 
| 121|0x0000000087900000, 0x0000000087900000, 0x0000000087a00000|  0%| F|  |TAMS 0x0000000087900000, 0x0000000087900000| Untracked 
| 122|0x0000000087a00000, 0x0000000087a00000, 0x0000000087b00000|  0%| F|  |TAMS 0x0000000087a00000, 0x0000000087a00000| Untracked 
| 123|0x0000000087b00000, 0x0000000087b00000, 0x0000000087c00000|  0%| F|  |TAMS 0x0000000087b00000, 0x0000000087b00000| Untracked 
| 124|0x0000000087c00000, 0x0000000087c00000, 0x0000000087d00000|  0%| F|  |TAMS 0x0000000087c00000, 0x0000000087c00000| Untracked 
| 125|0x0000000087d00000, 0x0000000087d00000, 0x0000000087e00000|  0%| F|  |TAMS 0x0000000087d00000, 0x0000000087d00000| Untracked 
| 126|0x0000000087e00000, 0x0000000087e00000, 0x0000000087f00000|  0%| F|  |TAMS 0x0000000087e00000, 0x0000000087e00000| Untracked 
| 127|0x0000000087f00000, 0x0000000087f00000, 0x0000000088000000|  0%| F|  |TAMS 0x0000000087f00000, 0x0000000087f00000| Untracked 
| 128|0x0000000088000000, 0x0000000088000000, 0x0000000088100000|  0%| F|  |TAMS 0x0000000088000000, 0x0000000088000000| Untracked 
| 129|0x0000000088100000, 0x0000000088100000, 0x0000000088200000|  0%| F|  |TAMS 0x0000000088100000, 0x0000000088100000| Untracked 
| 130|0x0000000088200000, 0x0000000088200000, 0x0000000088300000|  0%| F|  |TAMS 0x0000000088200000, 0x0000000088200000| Untracked 
| 131|0x0000000088300000, 0x0000000088300000, 0x0000000088400000|  0%| F|  |TAMS 0x0000000088300000, 0x0000000088300000| Untracked 
| 132|0x0000000088400000, 0x0000000088400000, 0x0000000088500000|  0%| F|  |TAMS 0x0000000088400000, 0x0000000088400000| Untracked 
| 133|0x0000000088500000, 0x0000000088500000, 0x0000000088600000|  0%| F|  |TAMS 0x0000000088500000, 0x0000000088500000| Untracked 
| 134|0x0000000088600000, 0x0000000088600000, 0x0000000088700000|  0%| F|  |TAMS 0x0000000088600000, 0x0000000088600000| Untracked 
| 135|0x0000000088700000, 0x0000000088700000, 0x0000000088800000|  0%| F|  |TAMS 0x0000000088700000, 0x0000000088700000| Untracked 
| 136|0x0000000088800000, 0x0000000088800000, 0x0000000088900000|  0%| F|  |TAMS 0x0000000088800000, 0x0000000088800000| Untracked 
| 137|0x0000000088900000, 0x0000000088900000, 0x0000000088a00000|  0%| F|  |TAMS 0x0000000088900000, 0x0000000088900000| Untracked 
| 138|0x0000000088a00000, 0x0000000088a00000, 0x0000000088b00000|  0%| F|  |TAMS 0x0000000088a00000, 0x0000000088a00000| Untracked 
| 139|0x0000000088b00000, 0x0000000088b00000, 0x0000000088c00000|  0%| F|  |TAMS 0x0000000088b00000, 0x0000000088b00000| Untracked 
| 140|0x0000000088c00000, 0x0000000088c00000, 0x0000000088d00000|  0%| F|  |TAMS 0x0000000088c00000, 0x0000000088c00000| Untracked 
| 141|0x0000000088d00000, 0x0000000088d00000, 0x0000000088e00000|  0%| F|  |TAMS 0x0000000088d00000, 0x0000000088d00000| Untracked 
| 142|0x0000000088e00000, 0x0000000088e00000, 0x0000000088f00000|  0%| F|  |TAMS 0x0000000088e00000, 0x0000000088e00000| Untracked 
| 143|0x0000000088f00000, 0x0000000088f00000, 0x0000000089000000|  0%| F|  |TAMS 0x0000000088f00000, 0x0000000088f00000| Untracked 
| 144|0x0000000089000000, 0x0000000089000000, 0x0000000089100000|  0%| F|  |TAMS 0x0000000089000000, 0x0000000089000000| Untracked 
| 145|0x0000000089100000, 0x0000000089100000, 0x0000000089200000|  0%| F|  |TAMS 0x0000000089100000, 0x0000000089100000| Untracked 
| 146|0x0000000089200000, 0x0000000089200000, 0x0000000089300000|  0%| F|  |TAMS 0x0000000089200000, 0x0000000089200000| Untracked 
| 147|0x0000000089300000, 0x0000000089300000, 0x0000000089400000|  0%| F|  |TAMS 0x0000000089300000, 0x0000000089300000| Untracked 
| 148|0x0000000089400000, 0x0000000089400000, 0x0000000089500000|  0%| F|  |TAMS 0x0000000089400000, 0x0000000089400000| Untracked 
| 149|0x0000000089500000, 0x0000000089589a30, 0x0000000089600000| 53%| E|  |TAMS 0x0000000089500000, 0x0000000089500000| Complete 
| 150|0x0000000089600000, 0x0000000089700000, 0x0000000089700000|100%| E|CS|TAMS 0x0000000089600000, 0x0000000089600000| Complete 
| 151|0x0000000089700000, 0x0000000089800000, 0x0000000089800000|100%| E|CS|TAMS 0x0000000089700000, 0x0000000089700000| Complete 
| 152|0x0000000089800000, 0x0000000089900000, 0x0000000089900000|100%| E|CS|TAMS 0x0000000089800000, 0x0000000089800000| Complete 
| 153|0x0000000089900000, 0x0000000089a00000, 0x0000000089a00000|100%| E|CS|TAMS 0x0000000089900000, 0x0000000089900000| Complete 
| 154|0x0000000089a00000, 0x0000000089b00000, 0x0000000089b00000|100%| E|CS|TAMS 0x0000000089a00000, 0x0000000089a00000| Complete 
| 155|0x0000000089b00000, 0x0000000089c00000, 0x0000000089c00000|100%| E|CS|TAMS 0x0000000089b00000, 0x0000000089b00000| Complete 
| 156|0x0000000089c00000, 0x0000000089d00000, 0x0000000089d00000|100%| E|CS|TAMS 0x0000000089c00000, 0x0000000089c00000| Complete 
| 157|0x0000000089d00000, 0x0000000089e00000, 0x0000000089e00000|100%| E|CS|TAMS 0x0000000089d00000, 0x0000000089d00000| Complete 
| 158|0x0000000089e00000, 0x0000000089f00000, 0x0000000089f00000|100%| E|CS|TAMS 0x0000000089e00000, 0x0000000089e00000| Complete 
| 159|0x0000000089f00000, 0x000000008a000000, 0x000000008a000000|100%| E|CS|TAMS 0x0000000089f00000, 0x0000000089f00000| Complete 
| 160|0x000000008a000000, 0x000000008a100000, 0x000000008a100000|100%| E|CS|TAMS 0x000000008a000000, 0x000000008a000000| Complete 
| 161|0x000000008a100000, 0x000000008a200000, 0x000000008a200000|100%| E|CS|TAMS 0x000000008a100000, 0x000000008a100000| Complete 
| 162|0x000000008a200000, 0x000000008a300000, 0x000000008a300000|100%| E|CS|TAMS 0x000000008a200000, 0x000000008a200000| Complete 
| 163|0x000000008a300000, 0x000000008a400000, 0x000000008a400000|100%| E|CS|TAMS 0x000000008a300000, 0x000000008a300000| Complete 
| 164|0x000000008a400000, 0x000000008a500000, 0x000000008a500000|100%| E|CS|TAMS 0x000000008a400000, 0x000000008a400000| Complete 
| 165|0x000000008a500000, 0x000000008a600000, 0x000000008a600000|100%| E|CS|TAMS 0x000000008a500000, 0x000000008a500000| Complete 
| 166|0x000000008a600000, 0x000000008a700000, 0x000000008a700000|100%| E|CS|TAMS 0x000000008a600000, 0x000000008a600000| Complete 
| 167|0x000000008a700000, 0x000000008a800000, 0x000000008a800000|100%| E|CS|TAMS 0x000000008a700000, 0x000000008a700000| Complete 
| 168|0x000000008a800000, 0x000000008a900000, 0x000000008a900000|100%| E|CS|TAMS 0x000000008a800000, 0x000000008a800000| Complete 
| 169|0x000000008a900000, 0x000000008aa00000, 0x000000008aa00000|100%| E|CS|TAMS 0x000000008a900000, 0x000000008a900000| Complete 
| 170|0x000000008aa00000, 0x000000008ab00000, 0x000000008ab00000|100%| E|CS|TAMS 0x000000008aa00000, 0x000000008aa00000| Complete 
| 171|0x000000008ab00000, 0x000000008ac00000, 0x000000008ac00000|100%| E|CS|TAMS 0x000000008ab00000, 0x000000008ab00000| Complete 
| 172|0x000000008ac00000, 0x000000008ad00000, 0x000000008ad00000|100%| E|CS|TAMS 0x000000008ac00000, 0x000000008ac00000| Complete 
| 173|0x000000008ad00000, 0x000000008ae00000, 0x000000008ae00000|100%| E|CS|TAMS 0x000000008ad00000, 0x000000008ad00000| Complete 
| 174|0x000000008ae00000, 0x000000008af00000, 0x000000008af00000|100%| E|CS|TAMS 0x000000008ae00000, 0x000000008ae00000| Complete 
| 175|0x000000008af00000, 0x000000008b000000, 0x000000008b000000|100%| E|CS|TAMS 0x000000008af00000, 0x000000008af00000| Complete 
| 176|0x000000008b000000, 0x000000008b100000, 0x000000008b100000|100%| E|CS|TAMS 0x000000008b000000, 0x000000008b000000| Complete 
| 177|0x000000008b100000, 0x000000008b200000, 0x000000008b200000|100%| E|CS|TAMS 0x000000008b100000, 0x000000008b100000| Complete 
| 178|0x000000008b200000, 0x000000008b300000, 0x000000008b300000|100%| E|CS|TAMS 0x000000008b200000, 0x000000008b200000| Complete 
| 179|0x000000008b300000, 0x000000008b400000, 0x000000008b400000|100%| E|CS|TAMS 0x000000008b300000, 0x000000008b300000| Complete 
| 180|0x000000008b400000, 0x000000008b500000, 0x000000008b500000|100%| E|CS|TAMS 0x000000008b400000, 0x000000008b400000| Complete 
| 181|0x000000008b500000, 0x000000008b600000, 0x000000008b600000|100%| E|CS|TAMS 0x000000008b500000, 0x000000008b500000| Complete 
| 182|0x000000008b600000, 0x000000008b700000, 0x000000008b700000|100%| E|CS|TAMS 0x000000008b600000, 0x000000008b600000| Complete 
| 183|0x000000008b700000, 0x000000008b800000, 0x000000008b800000|100%| E|CS|TAMS 0x000000008b700000, 0x000000008b700000| Complete 
| 184|0x000000008b800000, 0x000000008b900000, 0x000000008b900000|100%| E|CS|TAMS 0x000000008b800000, 0x000000008b800000| Complete 

Card table byte_map: [0x0000019635730000,0x0000019635b30000] _byte_map_base: 0x0000019635330000

Marking Bits (Prev, Next): (CMBitMap*) 0x0000019622884a48, (CMBitMap*) 0x0000019622884a80
 Prev Bits: [0x0000019635f30000, 0x0000019637f30000)
 Next Bits: [0x0000019637f30000, 0x0000019639f30000)

Polling page: 0x0000019620460000

Metaspace:

Usage:
  Non-class:     64.81 MB capacity,    63.72 MB ( 98%) used,   935.09 KB (  1%) free+waste,   185.06 KB ( <1%) overhead. 
      Class:     10.18 MB capacity,     9.56 MB ( 94%) used,   548.32 KB (  5%) free+waste,    86.00 KB ( <1%) overhead. 
       Both:     74.99 MB capacity,    73.28 MB ( 98%) used,     1.45 MB (  2%) free+waste,   271.06 KB ( <1%) overhead. 

Virtual space:
  Non-class space:       66.00 MB reserved,      65.01 MB ( 98%) committed 
      Class space:        1.00 GB reserved,      10.25 MB (  1%) committed 
             Both:        1.06 GB reserved,      75.26 MB (  7%) committed 

Chunk freelists:
   Non-Class:  7.00 KB
       Class:  8.00 KB
        Both:  15.00 KB

MaxMetaspaceSize: 17179869184.00 GB
CompressedClassSpaceSize: 1.00 GB

CodeHeap 'non-profiled nmethods': size=120064Kb used=4030Kb max_used=4030Kb free=116033Kb
 bounds [0x000001962ddf0000, 0x000001962e1e0000, 0x0000019635330000]
CodeHeap 'profiled nmethods': size=120000Kb used=15011Kb max_used=15011Kb free=104988Kb
 bounds [0x00000196268c0000, 0x0000019627770000, 0x000001962ddf0000]
CodeHeap 'non-nmethods': size=5696Kb used=2269Kb max_used=2326Kb free=3426Kb
 bounds [0x0000019626330000, 0x00000196265a0000, 0x00000196268c0000]
 total_blobs=7877 nmethods=7012 adapters=776
 compilation: enabled
              stopped_count=0, restarted_count=0
 full_count=0

Compilation events (20 events):
Event: 22.869 Thread 0x000001963c445000 nmethod 7092 0x0000019627764f10 code [0x00000196277650c0, 0x00000196277651e8]
Event: 22.874 Thread 0x000001963c445000 7093       3       com.sun.org.apache.xerces.internal.util.XMLChar::isContent (35 bytes)
Event: 22.875 Thread 0x000001963c445000 nmethod 7093 0x0000019627765290 code [0x0000019627765440, 0x0000019627765658]
Event: 22.950 Thread 0x000001963c445000 7095       2       java.util.regex.CharPredicates$$Lambda$296/0x00000001004c3440::is (5 bytes)
Event: 22.951 Thread 0x000001963c445000 nmethod 7095 0x0000019627765710 code [0x00000196277658c0, 0x0000019627765a58]
Event: 22.953 Thread 0x000001963c445000 7096       2       java.util.regex.Pattern$Behind::match (137 bytes)
Event: 22.955 Thread 0x000001963c445000 nmethod 7096 0x0000019627765b90 code [0x0000019627765d60, 0x0000019627766018]
Event: 22.955 Thread 0x000001963c445000 7097       2       java.util.regex.Matcher::find (69 bytes)
Event: 22.956 Thread 0x000001963c445000 nmethod 7097 0x0000019627766190 code [0x0000019627766340, 0x0000019627766528]
Event: 22.956 Thread 0x000001963c445000 7098       2       java.util.regex.Pattern$1::match (14 bytes)
Event: 22.957 Thread 0x000001963c445000 nmethod 7098 0x0000019627766610 code [0x00000196277667c0, 0x00000196277668d8]
Event: 22.967 Thread 0x000001963c445000 7100 %     3       java.util.regex.Pattern$Behind::match @ 70 (137 bytes)
Event: 22.969 Thread 0x000001963c445000 nmethod 7100% 0x0000019627766990 code [0x0000019627766b80, 0x0000019627767278]
Event: 22.994 Thread 0x000001963c445000 7104       1       java.lang.reflect.Field::getRoot (5 bytes)
Event: 22.994 Thread 0x000001963c445000 nmethod 7104 0x000001962e1cc110 code [0x000001962e1cc2c0, 0x000001962e1cc378]
Event: 22.994 Thread 0x000001963c445000 7105       2       java.lang.reflect.Field::setFieldAccessor (34 bytes)
Event: 22.995 Thread 0x000001963c445000 nmethod 7105 0x0000019627767490 code [0x0000019627767660, 0x0000019627767928]
Event: 23.004 Thread 0x000001963c445000 7106       2       com.sun.org.apache.xerces.internal.impl.XMLEntityScanner::checkEntityLimit (50 bytes)
Event: 23.004 Thread 0x000001963c445000 nmethod 7106 0x0000019627767a10 code [0x0000019627767be0, 0x0000019627767df8]
Event: 23.005 Thread 0x000001963c445000 7107       2       jdk.internal.reflect.UnsafeObjectFieldAccessorImpl::set (56 bytes)

GC Heap History (20 events):
Event: 2.290 GC heap before
{Heap before GC invocations=2 (full 0):
 garbage-first heap   total 131072K, used 38889K [0x0000000080000000, 0x0000000100000000)
  region size 1024K, 31 young (31744K), 2 survivors (2048K)
 Metaspace       used 10762K, capacity 11003K, committed 11264K, reserved 1058816K
  class space    used 1125K, capacity 1206K, committed 1280K, reserved 1048576K
}
Event: 2.296 GC heap after
{Heap after GC invocations=3 (full 0):
 garbage-first heap   total 131072K, used 11389K [0x0000000080000000, 0x0000000100000000)
  region size 1024K, 4 young (4096K), 4 survivors (4096K)
 Metaspace       used 10762K, capacity 11003K, committed 11264K, reserved 1058816K
  class space    used 1125K, capacity 1206K, committed 1280K, reserved 1048576K
}
Event: 5.162 GC heap before
{Heap before GC invocations=3 (full 0):
 garbage-first heap   total 131072K, used 74877K [0x0000000080000000, 0x0000000100000000)
  region size 1024K, 67 young (68608K), 4 survivors (4096K)
 Metaspace       used 20598K, capacity 21150K, committed 21296K, reserved 1069056K
  class space    used 2513K, capacity 2688K, committed 2688K, reserved 1048576K
}
Event: 5.174 GC heap after
{Heap after GC invocations=4 (full 0):
 garbage-first heap   total 131072K, used 16571K [0x0000000080000000, 0x0000000100000000)
  region size 1024K, 9 young (9216K), 9 survivors (9216K)
 Metaspace       used 20598K, capacity 21150K, committed 21296K, reserved 1069056K
  class space    used 2513K, capacity 2688K, committed 2688K, reserved 1048576K
}
Event: 6.576 GC heap before
{Heap before GC invocations=5 (full 0):
 garbage-first heap   total 131072K, used 85179K [0x0000000080000000, 0x0000000100000000)
  region size 1024K, 76 young (77824K), 9 survivors (9216K)
 Metaspace       used 27067K, capacity 27733K, committed 27824K, reserved 1073152K
  class space    used 3579K, capacity 3825K, committed 3840K, reserved 1048576K
}
Event: 6.601 GC heap after
{Heap after GC invocations=6 (full 0):
 garbage-first heap   total 157696K, used 19133K [0x0000000080000000, 0x0000000100000000)
  region size 1024K, 3 young (3072K), 3 survivors (3072K)
 Metaspace       used 27067K, capacity 27733K, committed 27824K, reserved 1073152K
  class space    used 3579K, capacity 3825K, committed 3840K, reserved 1048576K
}
Event: 8.497 GC heap before
{Heap before GC invocations=6 (full 0):
 garbage-first heap   total 157696K, used 60093K [0x0000000080000000, 0x0000000100000000)
  region size 1024K, 45 young (46080K), 3 survivors (3072K)
 Metaspace       used 34804K, capacity 35606K, committed 35708K, reserved 1081344K
  class space    used 4535K, capacity 4832K, committed 4864K, reserved 1048576K
}
Event: 8.518 GC heap after
{Heap after GC invocations=7 (full 0):
 garbage-first heap   total 157696K, used 22556K [0x0000000080000000, 0x0000000100000000)
  region size 1024K, 6 young (6144K), 6 survivors (6144K)
 Metaspace       used 34804K, capacity 35606K, committed 35708K, reserved 1081344K
  class space    used 4535K, capacity 4832K, committed 4864K, reserved 1048576K
}
Event: 10.767 GC heap before
{Heap before GC invocations=8 (full 0):
 garbage-first heap   total 157696K, used 104476K [0x0000000080000000, 0x0000000100000000)
  region size 1024K, 84 young (86016K), 6 survivors (6144K)
 Metaspace       used 40951K, capacity 41884K, committed 42236K, reserved 1085440K
  class space    used 5295K, capacity 5634K, committed 5760K, reserved 1048576K
}
Event: 10.792 GC heap after
{Heap after GC invocations=9 (full 0):
 garbage-first heap   total 157696K, used 27380K [0x0000000080000000, 0x0000000100000000)
  region size 1024K, 9 young (9216K), 9 survivors (9216K)
 Metaspace       used 40951K, capacity 41884K, committed 42236K, reserved 1085440K
  class space    used 5295K, capacity 5634K, committed 5760K, reserved 1048576K
}
Event: 13.465 GC heap before
{Heap before GC invocations=9 (full 0):
 garbage-first heap   total 157696K, used 107252K [0x0000000080000000, 0x0000000100000000)
  region size 1024K, 87 young (89088K), 9 survivors (9216K)
 Metaspace       used 46964K, capacity 48174K, committed 48380K, reserved 1091584K
  class space    used 5999K, capacity 6427K, committed 6528K, reserved 1048576K
}
Event: 13.488 GC heap after
{Heap after GC invocations=10 (full 0):
 garbage-first heap   total 157696K, used 31077K [0x0000000080000000, 0x0000000100000000)
  region size 1024K, 9 young (9216K), 9 survivors (9216K)
 Metaspace       used 46964K, capacity 48174K, committed 48380K, reserved 1091584K
  class space    used 5999K, capacity 6427K, committed 6528K, reserved 1048576K
}
Event: 16.307 GC heap before
{Heap before GC invocations=10 (full 0):
 garbage-first heap   total 157696K, used 115045K [0x0000000080000000, 0x0000000100000000)
  region size 1024K, 88 young (90112K), 9 survivors (9216K)
 Metaspace       used 56380K, capacity 57766K, committed 57980K, reserved 1099776K
  class space    used 7167K, capacity 7666K, committed 7680K, reserved 1048576K
}
Event: 16.335 GC heap after
{Heap after GC invocations=11 (full 0):
 garbage-first heap   total 189440K, used 42786K [0x0000000080000000, 0x0000000100000000)
  region size 1024K, 11 young (11264K), 11 survivors (11264K)
 Metaspace       used 56380K, capacity 57766K, committed 57980K, reserved 1099776K
  class space    used 7167K, capacity 7666K, committed 7680K, reserved 1048576K
}
Event: 16.715 GC heap before
{Heap before GC invocations=11 (full 0):
 garbage-first heap   total 189440K, used 53026K [0x0000000080000000, 0x0000000100000000)
  region size 1024K, 22 young (22528K), 11 survivors (11264K)
 Metaspace       used 58259K, capacity 59783K, committed 59900K, reserved 1101824K
  class space    used 7404K, capacity 7976K, committed 8064K, reserved 1048576K
}
Event: 16.758 GC heap after
{Heap after GC invocations=12 (full 0):
 garbage-first heap   total 189440K, used 45285K [0x0000000080000000, 0x0000000100000000)
  region size 1024K, 2 young (2048K), 2 survivors (2048K)
 Metaspace       used 58259K, capacity 59783K, committed 59900K, reserved 1101824K
  class space    used 7404K, capacity 7976K, committed 8064K, reserved 1048576K
}
Event: 18.844 GC heap before
{Heap before GC invocations=13 (full 0):
 garbage-first heap   total 189440K, used 114917K [0x0000000080000000, 0x0000000100000000)
  region size 1024K, 70 young (71680K), 2 survivors (2048K)
 Metaspace       used 63336K, capacity 64942K, committed 65032K, reserved 1105920K
  class space    used 8063K, capacity 8679K, committed 8704K, reserved 1048576K
}
Event: 18.876 GC heap after
{Heap after GC invocations=14 (full 0):
 garbage-first heap   total 189440K, used 50405K [0x0000000080000000, 0x0000000100000000)
  region size 1024K, 7 young (7168K), 7 survivors (7168K)
 Metaspace       used 63336K, capacity 64942K, committed 65032K, reserved 1105920K
  class space    used 8063K, capacity 8679K, committed 8704K, reserved 1048576K
}
Event: 21.513 GC heap before
{Heap before GC invocations=15 (full 0):
 garbage-first heap   total 189440K, used 121061K [0x0000000080000000, 0x0000000100000000)
  region size 1024K, 76 young (77824K), 7 survivors (7168K)
 Metaspace       used 70400K, capacity 72174K, committed 72328K, reserved 1112064K
  class space    used 9156K, capacity 9768K, committed 9856K, reserved 1048576K
}
Event: 21.545 GC heap after
{Heap after GC invocations=16 (full 0):
 garbage-first heap   total 189440K, used 55387K [0x0000000080000000, 0x0000000100000000)
  region size 1024K, 5 young (5120K), 5 survivors (5120K)
 Metaspace       used 70400K, capacity 72174K, committed 72328K, reserved 1112064K
  class space    used 9156K, capacity 9768K, committed 9856K, reserved 1048576K
}

Deoptimization events (20 events):
Event: 21.482 Thread 0x000001963e0fa800 DEOPT PACKING pc=0x000001962e01f288 sp=0x00000016239f8160
Event: 21.482 Thread 0x000001963e0fa800 DEOPT UNPACKING pc=0x00000196263578af sp=0x00000016239f8118 mode 2
Event: 21.582 Thread 0x000001963e0fa800 DEOPT PACKING pc=0x0000019627431b73 sp=0x00000016239f8530
Event: 21.582 Thread 0x000001963e0fa800 DEOPT UNPACKING pc=0x00000196263576ce sp=0x00000016239f7ad0 mode 0
Event: 21.701 Thread 0x000001963e0fa800 DEOPT PACKING pc=0x00000196274bcea7 sp=0x00000016239f8190
Event: 21.701 Thread 0x000001963e0fa800 DEOPT UNPACKING pc=0x00000196263576ce sp=0x00000016239f7640 mode 0
Event: 22.090 Thread 0x000001963e0fa800 Uncommon trap: trap_request=0xffffff4d fr.pc=0x000001962e04f1dc relative=0x0000000000001afc
Event: 22.090 Thread 0x000001963e0fa800 Uncommon trap: reason=unstable_if action=reinterpret pc=0x000001962e04f1dc method=sun.nio.fs.WindowsPathParser.normalize(Ljava/lang/StringBuilder;Ljava/lang/String;I)Ljava/lang/String; @ 172 c2
Event: 22.090 Thread 0x000001963e0fa800 DEOPT PACKING pc=0x000001962e04f1dc sp=0x00000016239f9a60
Event: 22.090 Thread 0x000001963e0fa800 DEOPT UNPACKING pc=0x00000196263578af sp=0x00000016239f9a50 mode 2
Event: 22.139 Thread 0x000001963e0fa800 Uncommon trap: trap_request=0xffffff4d fr.pc=0x000001962df04538 relative=0x0000000000000838
Event: 22.139 Thread 0x000001963e0fa800 Uncommon trap: reason=unstable_if action=reinterpret pc=0x000001962df04538 method=java.util.jar.JarFile.getVersionedEntry(Ljava/lang/String;Ljava/util/jar/JarEntry;)Ljava/util/jar/JarEntry; @ 67 c2
Event: 22.139 Thread 0x000001963e0fa800 DEOPT PACKING pc=0x000001962df04538 sp=0x00000016239f7d20
Event: 22.139 Thread 0x000001963e0fa800 DEOPT UNPACKING pc=0x00000196263578af sp=0x00000016239f7d08 mode 2
Event: 22.161 Thread 0x000001963e0fa800 DEOPT PACKING pc=0x000001962697e89b sp=0x00000016239f6f50
Event: 22.161 Thread 0x000001963e0fa800 DEOPT UNPACKING pc=0x00000196263576ce sp=0x00000016239f6490 mode 0
Event: 22.949 Thread 0x000001963e0fa800 Uncommon trap: trap_request=0xffffff4d fr.pc=0x000001962e105c78 relative=0x00000000000005d8
Event: 22.949 Thread 0x000001963e0fa800 Uncommon trap: reason=unstable_if action=reinterpret pc=0x000001962e105c78 method=java.util.regex.Matcher.find()Z @ 10 c2
Event: 22.949 Thread 0x000001963e0fa800 DEOPT PACKING pc=0x000001962e105c78 sp=0x00000016239f9a60
Event: 22.949 Thread 0x000001963e0fa800 DEOPT UNPACKING pc=0x00000196263578af sp=0x00000016239f9a20 mode 2

Classes redefined (0 events):
No events

Internal exceptions (20 events):
Event: 18.906 Thread 0x000001963e0fa800 Exception <a 'java/lang/ClassNotFoundException'{0x000000008b72bf98}: build_6bfa9dgwjiib9jlthhl2ifko3$_run_closure1Customizer> (0x000000008b72bf98) thrown at [./src/hotspot/share/classfile/systemDictionary.cpp, line 231]
Event: 18.917 Thread 0x000001963e0fa800 Exception <a 'java/lang/ClassNotFoundException'{0x000000008b789de0}: org/gradle/api/JavaVersionBeanInfo> (0x000000008b789de0) thrown at [./src/hotspot/share/classfile/systemDictionary.cpp, line 231]
Event: 18.918 Thread 0x000001963e0fa800 Exception <a 'java/lang/ClassNotFoundException'{0x000000008b7b4088}: org/gradle/api/JavaVersionCustomizer> (0x000000008b7b4088) thrown at [./src/hotspot/share/classfile/systemDictionary.cpp, line 231]
Event: 18.933 Thread 0x000001963e0fa800 Exception <a 'java/lang/ClassNotFoundException'{0x000000008b609728}: com/android/build/gradle/internal/CompileOptions_DecoratedBeanInfo> (0x000000008b609728) thrown at [./src/hotspot/share/classfile/systemDictionary.cpp, line 231]
Event: 18.934 Thread 0x000001963e0fa800 Exception <a 'java/lang/ClassNotFoundException'{0x000000008b620b80}: com/android/build/gradle/internal/CompileOptionsBeanInfo> (0x000000008b620b80) thrown at [./src/hotspot/share/classfile/systemDictionary.cpp, line 231]
Event: 18.934 Thread 0x000001963e0fa800 Exception <a 'java/lang/ClassNotFoundException'{0x000000008b638768}: com/android/build/gradle/internal/CompileOptionsCustomizer> (0x000000008b638768) thrown at [./src/hotspot/share/classfile/systemDictionary.cpp, line 231]
Event: 18.936 Thread 0x000001963e0fa800 Exception <a 'java/lang/ClassNotFoundException'{0x000000008b65cd38}: com/android/build/gradle/internal/CompileOptions_DecoratedCustomizer> (0x000000008b65cd38) thrown at [./src/hotspot/share/classfile/systemDictionary.cpp, line 231]
Event: 19.420 Thread 0x000001963e0fa800 Implicit null exception at 0x000001962e034062 to 0x000001962e0341ec
Event: 20.513 Thread 0x000001963e0fa800 Exception <a 'java/lang/ClassNotFoundException'{0x0000000088ecfe78}: com/android/build/gradle/internal/api/ApkVariantOutputImpl_DecoratedBeanInfo> (0x0000000088ecfe78) thrown at [./src/hotspot/share/classfile/systemDictionary.cpp, line 231]
Event: 20.513 Thread 0x000001963e0fa800 Exception <a 'java/lang/ClassNotFoundException'{0x0000000088ee9898}: com/android/build/gradle/internal/api/ApkVariantOutputImplBeanInfo> (0x0000000088ee9898) thrown at [./src/hotspot/share/classfile/systemDictionary.cpp, line 231]
Event: 20.514 Thread 0x000001963e0fa800 Exception <a 'java/lang/ClassNotFoundException'{0x0000000088d03f18}: com/android/build/gradle/internal/api/BaseVariantOutputImplBeanInfo> (0x0000000088d03f18) thrown at [./src/hotspot/share/classfile/systemDictionary.cpp, line 231]
Event: 20.514 Thread 0x000001963e0fa800 Exception <a 'java/lang/ClassNotFoundException'{0x0000000088d1e150}: com/android/build/gradle/internal/api/BaseVariantOutputImplCustomizer> (0x0000000088d1e150) thrown at [./src/hotspot/share/classfile/systemDictionary.cpp, line 231]
Event: 20.516 Thread 0x000001963e0fa800 Exception <a 'java/lang/ClassNotFoundException'{0x0000000088d4aa20}: com/android/build/gradle/internal/api/ApkVariantOutputImplCustomizer> (0x0000000088d4aa20) thrown at [./src/hotspot/share/classfile/systemDictionary.cpp, line 231]
Event: 20.518 Thread 0x000001963e0fa800 Exception <a 'java/lang/ClassNotFoundException'{0x0000000088d736f8}: com/android/build/gradle/internal/api/ApkVariantOutputImpl_DecoratedCustomizer> (0x0000000088d736f8) thrown at [./src/hotspot/share/classfile/systemDictionary.cpp, line 231]
Event: 20.543 Thread 0x000001963e0fa800 Exception <a 'java/lang/NoClassDefFoundError'{0x0000000088cd98d0}: org/jetbrains/kotlin/gradle/plugin/KotlinBasePluginWrapper> (0x0000000088cd98d0) thrown at [./src/hotspot/share/classfile/systemDictionary.cpp, line 220]
Event: 21.554 Thread 0x000001963e0fa800 Exception <a 'java/lang/NoSuchMethodError'{0x000000008b851218}: 'java.lang.Object java.lang.invoke.Invokers$Holder.linkToTargetMethod(java.lang.Object, int, java.lang.Object)'> (0x000000008b851218) thrown at [./src/hotspot/share/interpreter/linkResolver.cpp, line 773]
Event: 22.028 Thread 0x000001963e0fa800 Exception <a 'sun/nio/fs/WindowsException'{0x000000008aeea028}> (0x000000008aeea028) thrown at [./src/hotspot/share/prims/jni.cpp, line 615]
Event: 22.030 Thread 0x000001963e0fa800 Exception <a 'sun/nio/fs/WindowsException'{0x000000008aeea5f0}> (0x000000008aeea5f0) thrown at [./src/hotspot/share/prims/jni.cpp, line 615]
Event: 22.237 Thread 0x000001963e0fa800 Exception <a 'java/lang/NullPointerException'{0x000000008a576f18}> (0x000000008a576f18) thrown at [./src/hotspot/share/interpreter/linkResolver.cpp, line 1440]
Event: 22.789 Thread 0x000001963e0fa800 Exception <a 'java/lang/NoSuchMethodError'{0x0000000089605b78}: 'int java.lang.invoke.DirectMethodHandle$Holder.invokeStatic(java.lang.Object, java.lang.Object, int, java.lang.Object)'> (0x0000000089605b78) thrown at [./src/hotspot/share/interpreter/linkResolver.cpp, line 773]

Events (20 events):
Event: 22.869 loading class com/sun/org/apache/xerces/internal/impl/XMLScanner$NameType
Event: 22.869 loading class com/sun/org/apache/xerces/internal/impl/XMLScanner$NameType done
Event: 22.871 loading class com/sun/org/apache/xerces/internal/impl/Constants
Event: 22.872 loading class com/sun/org/apache/xerces/internal/impl/Constants done
Event: 22.873 loading class com/sun/org/apache/xerces/internal/impl/Constants$ArrayEnumeration
Event: 22.873 loading class com/sun/org/apache/xerces/internal/impl/Constants$ArrayEnumeration done
Event: 22.875 loading class org/xml/sax/helpers/AttributesImpl
Event: 22.875 loading class org/xml/sax/helpers/AttributesImpl done
Event: 22.929 loading class java/util/regex/Pattern$Behind
Event: 22.929 loading class java/util/regex/Pattern$Behind done
Event: 22.930 loading class java/util/regex/Pattern$Neg
Event: 22.930 loading class java/util/regex/Pattern$Neg done
Event: 22.996 loading class com/sun/xml/bind/DatatypeConverterImpl
Event: 22.996 loading class com/sun/xml/bind/DatatypeConverterImpl done
Event: 22.998 loading class javax/xml/bind/DatatypeConverterInterface
Event: 22.998 loading class javax/xml/bind/DatatypeConverterInterface done
Event: 23.000 loading class javax/xml/datatype/DatatypeConfigurationException
Event: 23.001 loading class javax/xml/datatype/DatatypeConfigurationException done
Event: 23.004 loading class com/sun/xml/bind/v2/runtime/unmarshaller/DefaultIDResolver$1
Event: 23.004 loading class com/sun/xml/bind/v2/runtime/unmarshaller/DefaultIDResolver$1 done


Dynamic libraries:
0x00007ff7f9ab0000 - 0x00007ff7f9aba000 	C:\Program Files\Android\Android Studio\jre\bin\java.exe
0x00007ffa91110000 - 0x00007ffa91305000 	C:\WINDOWS\SYSTEM32\ntdll.dll
0x00007ffa8f240000 - 0x00007ffa8f2fe000 	C:\WINDOWS\System32\KERNEL32.DLL
0x00007ffa8e910000 - 0x00007ffa8ebd8000 	C:\WINDOWS\System32\KERNELBASE.dll
0x00007ffa8ebe0000 - 0x00007ffa8ece0000 	C:\WINDOWS\System32\ucrtbase.dll
0x00007ffa85c80000 - 0x00007ffa85c99000 	C:\Program Files\Android\Android Studio\jre\bin\jli.dll
0x00007ffa90e90000 - 0x00007ffa91031000 	C:\WINDOWS\System32\USER32.dll
0x00007ffa7ffb0000 - 0x00007ffa7ffc7000 	C:\Program Files\Android\Android Studio\jre\bin\VCRUNTIME140.dll
0x00007ffa8f1c0000 - 0x00007ffa8f1e2000 	C:\WINDOWS\System32\win32u.dll
0x00007ffa910a0000 - 0x00007ffa910cb000 	C:\WINDOWS\System32\GDI32.dll
0x00007ffa8f020000 - 0x00007ffa8f12d000 	C:\WINDOWS\System32\gdi32full.dll
0x00007ffa8ef80000 - 0x00007ffa8f01d000 	C:\WINDOWS\System32\msvcp_win.dll
0x00007ffa80840000 - 0x00007ffa80ada000 	C:\WINDOWS\WinSxS\amd64_microsoft.windows.common-controls_6595b64144ccf1df_6.0.19041.1110_none_60b5254171f9507e\COMCTL32.dll
0x00007ffa90810000 - 0x00007ffa908ae000 	C:\WINDOWS\System32\msvcrt.dll
0x00007ffa90e60000 - 0x00007ffa90e90000 	C:\WINDOWS\System32\IMM32.DLL
0x00007ffa80580000 - 0x00007ffa805b0000 	C:\PROGRA~1\BULLGU~1\BULLGU~1\BgAgent.dll
0x00007ffa8f460000 - 0x00007ffa8f50c000 	C:\WINDOWS\System32\ADVAPI32.dll
0x00007ffa8f6e0000 - 0x00007ffa8f77b000 	C:\WINDOWS\System32\sechost.dll
0x00007ffa908b0000 - 0x00007ffa909da000 	C:\WINDOWS\System32\RPCRT4.dll
0x00007ffa78340000 - 0x00007ffa783dd000 	C:\Program Files\Android\Android Studio\jre\bin\msvcp140.dll
0x00007ffa5ff80000 - 0x00007ffa60a4f000 	C:\Program Files\Android\Android Studio\jre\bin\server\jvm.dll
0x00007ffa8f450000 - 0x00007ffa8f458000 	C:\WINDOWS\System32\PSAPI.DLL
0x00007ffa75990000 - 0x00007ffa75999000 	C:\WINDOWS\SYSTEM32\WSOCK32.dll
0x00007ffa80af0000 - 0x00007ffa80b17000 	C:\WINDOWS\SYSTEM32\WINMM.dll
0x00007ffa90570000 - 0x00007ffa905db000 	C:\WINDOWS\System32\WS2_32.dll
0x00007ffa84050000 - 0x00007ffa8405a000 	C:\WINDOWS\SYSTEM32\VERSION.dll
0x00007ffa8d440000 - 0x00007ffa8d452000 	C:\WINDOWS\SYSTEM32\kernel.appcore.dll
0x00007ffa5f040000 - 0x00007ffa5f051000 	C:\Program Files\Android\Android Studio\jre\bin\verify.dll
0x00007ffa78750000 - 0x00007ffa78934000 	C:\WINDOWS\SYSTEM32\DBGHELP.DLL
0x00007ffa78720000 - 0x00007ffa7874c000 	C:\WINDOWS\SYSTEM32\dbgcore.DLL
0x00007ffa8f130000 - 0x00007ffa8f1b2000 	C:\WINDOWS\System32\bcryptPrimitives.dll
0x00007ffa5cd70000 - 0x00007ffa5cd99000 	C:\Program Files\Android\Android Studio\jre\bin\java.dll
0x00007ffa63850000 - 0x00007ffa6385b000 	C:\Program Files\Android\Android Studio\jre\bin\jimage.dll
0x00007ffa5ca90000 - 0x00007ffa5caa8000 	C:\Program Files\Android\Android Studio\jre\bin\zip.dll
0x00007ffa8f780000 - 0x00007ffa8fec4000 	C:\WINDOWS\System32\SHELL32.dll
0x00007ffa8c7d0000 - 0x00007ffa8cf64000 	C:\WINDOWS\SYSTEM32\windows.storage.dll
0x00007ffa8fed0000 - 0x00007ffa90225000 	C:\WINDOWS\System32\combase.dll
0x00007ffa8e360000 - 0x00007ffa8e38e000 	C:\WINDOWS\SYSTEM32\Wldp.dll
0x00007ffa90690000 - 0x00007ffa9073d000 	C:\WINDOWS\System32\SHCORE.dll
0x00007ffa91040000 - 0x00007ffa91095000 	C:\WINDOWS\System32\shlwapi.dll
0x00007ffa8e850000 - 0x00007ffa8e86f000 	C:\WINDOWS\SYSTEM32\profapi.dll
0x00007ffa725f0000 - 0x00007ffa7260a000 	C:\Program Files\Android\Android Studio\jre\bin\net.dll
0x00007ffa802f0000 - 0x00007ffa803fc000 	C:\WINDOWS\SYSTEM32\WINHTTP.dll
0x00007ffa8e0c0000 - 0x00007ffa8e12a000 	C:\WINDOWS\system32\mswsock.dll
0x00007ffa725d0000 - 0x00007ffa725e4000 	C:\Program Files\Android\Android Studio\jre\bin\nio.dll
0x00007ffa80110000 - 0x00007ffa80137000 	C:\Users\danie\.gradle\native\8bec1ad78214c89d9ad589b4d07fe93259594b29d510b10fafb7a158f7737e5d\windows-amd64\native-platform.dll
0x00007ffa7ffd0000 - 0x00007ffa8010d000 	C:\Users\danie\.gradle\native\53dbd7edfb1c66fb8903c78663c9afc45aea4f116125fa6feffd364cf09443e8\windows-amd64\native-platform-file-events.dll
0x00007ffa8b8b0000 - 0x00007ffa8b8ba000 	C:\Program Files\Android\Android Studio\jre\bin\management.dll
0x00007ffa769c0000 - 0x00007ffa769cc000 	C:\Program Files\Android\Android Studio\jre\bin\management_ext.dll
0x00007ffa8e2b0000 - 0x00007ffa8e2c8000 	C:\WINDOWS\SYSTEM32\CRYPTSP.dll
0x00007ffa8d9d0000 - 0x00007ffa8da04000 	C:\WINDOWS\system32\rsaenh.dll
0x00007ffa8ed40000 - 0x00007ffa8ed67000 	C:\WINDOWS\System32\bcrypt.dll
0x00007ffa8e810000 - 0x00007ffa8e83e000 	C:\WINDOWS\SYSTEM32\USERENV.dll
0x00007ffa8e2d0000 - 0x00007ffa8e2dc000 	C:\WINDOWS\SYSTEM32\CRYPTBASE.dll
0x00007ffa8dd60000 - 0x00007ffa8dd9b000 	C:\WINDOWS\SYSTEM32\IPHLPAPI.DLL
0x00007ffa8f3e0000 - 0x00007ffa8f3e8000 	C:\WINDOWS\System32\NSI.dll
0x00007ffa82430000 - 0x00007ffa82447000 	C:\WINDOWS\SYSTEM32\dhcpcsvc6.DLL
0x00007ffa84eb0000 - 0x00007ffa84ecd000 	C:\WINDOWS\SYSTEM32\dhcpcsvc.DLL
0x00007ffa8ddb0000 - 0x00007ffa8de7b000 	C:\WINDOWS\SYSTEM32\DNSAPI.dll

dbghelp: loaded successfully - version: 4.0.5 - missing functions: none
symbol engine: initialized successfully - sym options: 0x614 - pdb path: .;C:\Program Files\Android\Android Studio\jre\bin;C:\WINDOWS\SYSTEM32;C:\WINDOWS\WinSxS\amd64_microsoft.windows.common-controls_6595b64144ccf1df_6.0.19041.1110_none_60b5254171f9507e;C:\PROGRA~1\BULLGU~1\BULLGU~1;C:\Program Files\Android\Android Studio\jre\bin\server;C:\Users\danie\.gradle\native\8bec1ad78214c89d9ad589b4d07fe93259594b29d510b10fafb7a158f7737e5d\windows-amd64;C:\Users\danie\.gradle\native\53dbd7edfb1c66fb8903c78663c9afc45aea4f116125fa6feffd364cf09443e8\windows-amd64

VM Arguments:
jvm_args: --add-opens=java.base/java.util=ALL-UNNAMED --add-opens=java.base/java.lang=ALL-UNNAMED --add-opens=java.base/java.lang.invoke=ALL-UNNAMED --add-opens=java.base/java.util=ALL-UNNAMED --add-opens=java.prefs/java.util.prefs=ALL-UNNAMED --add-opens=java.prefs/java.util.prefs=ALL-UNNAMED --add-opens=java.base/java.nio.charset=ALL-UNNAMED --add-opens=java.base/java.net=ALL-UNNAMED --add-opens=java.base/java.util.concurrent.atomic=ALL-UNNAMED -Xmx2048m -Dfile.encoding=UTF-8 -Duser.country=US -Duser.language=en -Duser.variant 
java_command: org.gradle.launcher.daemon.bootstrap.GradleDaemon 7.0.2
java_class_path (initial): C:\Users\danie\.gradle\wrapper\dists\gradle-7.0.2-bin\857tjihv64xamwrf0h14cai3r\gradle-7.0.2\lib\gradle-launcher-7.0.2.jar
Launcher Type: SUN_STANDARD

[Global flags]
     intx CICompilerCount                          = 3                                         {product} {ergonomic}
     uint ConcGCThreads                            = 1                                         {product} {ergonomic}
     uint G1ConcRefinementThreads                  = 4                                         {product} {ergonomic}
   size_t G1HeapRegionSize                         = 1048576                                   {product} {ergonomic}
    uintx GCDrainStackTargetSize                   = 64                                        {product} {ergonomic}
   size_t InitialHeapSize                          = 134217728                                 {product} {ergonomic}
   size_t MarkStackSize                            = 4194304                                   {product} {ergonomic}
   size_t MaxHeapSize                              = 2147483648                                {product} {command line}
   size_t MaxNewSize                               = 1287651328                                {product} {ergonomic}
   size_t MinHeapDeltaBytes                        = 1048576                                   {product} {ergonomic}
    uintx NonNMethodCodeHeapSize                   = 5830732                                {pd product} {ergonomic}
    uintx NonProfiledCodeHeapSize                  = 122913754                              {pd product} {ergonomic}
    uintx ProfiledCodeHeapSize                     = 122913754                              {pd product} {ergonomic}
    uintx ReservedCodeCacheSize                    = 251658240                              {pd product} {ergonomic}
     bool SegmentedCodeCache                       = true                                      {product} {ergonomic}
     bool UseCompressedClassPointers               = true                                 {lp64_product} {ergonomic}
     bool UseCompressedOops                        = true                                 {lp64_product} {ergonomic}
     bool UseG1GC                                  = true                                      {product} {ergonomic}
     bool UseLargePagesIndividualAllocation        = false                                  {pd product} {ergonomic}

Logging:
Log output configuration:
 #0: stdout all=warning uptime,level,tags
 #1: stderr all=off uptime,level,tags

Environment Variables:
PATH=C:\Program Files (x86)\Common Files\Oracle\Java\javapath;C:\WINDOWS\system32;C:\WINDOWS;C:\WINDOWS\System32\Wbem;C:\WINDOWS\System32\WindowsPowerShell\v1.0\;C:\WINDOWS\System32\OpenSSH\;C:\WINDOWS\system32\config\systemprofile\.dnx\bin;C:\Program Files\Microsoft DNX\Dnvm\;C:\Program Files\Microsoft SQL Server\120\Tools\Binn\;C:\Program Files\Git\cmd;C:\Users\danie\AppData\Local\Microsoft\WindowsApps;C:\Users\danie\AppData\Local\Programs\Microsoft VS Code\bin;C:\Users\danie\AppData\Local\atom\bin
USERNAME=danie
OS=Windows_NT
PROCESSOR_IDENTIFIER=Intel64 Family 6 Model 69 Stepping 1, GenuineIntel



---------------  S Y S T E M  ---------------

OS: Windows 10 , 64 bit Build 19041 (10.0.19041.1348)
OS uptime: 0 days 2:42 hours

CPU:total 4 (initial active 4) (2 cores per cpu, 2 threads per core) family 6 model 69 stepping 1 microcode 0x25, cmov, cx8, fxsr, mmx, sse, sse2, sse3, ssse3, sse4.1, sse4.2, popcnt, avx, avx2, aes, clmul, erms, lzcnt, ht, tsc, tscinvbit, bmi1, bmi2, fma

Memory: 4k page, system-wide physical 8097M (1490M free)
TotalPageFile size 12407M (AvailPageFile size 2816M)
current process WorkingSet (physical memory assigned to process): 417M, peak: 423M
current process commit charge ("private bytes"): 446M, peak: 453M

vm_info: OpenJDK 64-Bit Server VM (11.0.10+0-b96-7249189) for windows-amd64 JRE (11.0.10+0-b96-7249189), built on Mar 31 2021 21:44:00 by "builder" with MS VC++ 14.0 (VS2015)

END.
